Flow report for HDL_DUT_fil
Mon Dec 28 21:17:05 2020
Quartus Prime Version 20.1.1 Build 720 11/11/2020 SJ Lite Edition


---------------------
; Table of Contents ;
---------------------
  1. Legal Notice
  2. Flow Summary
  3. Flow Settings
  4. Flow Non-Default Global Settings
  5. Flow Elapsed Time
  6. Flow OS Summary
  7. Flow Log
  8. Flow Messages
  9. Flow Suppressed Messages



----------------
; Legal Notice ;
----------------
Copyright (C) 2020  Intel Corporation. All rights reserved.
Your use of Intel Corporation's design tools, logic functions 
and other software and tools, and any partner logic 
functions, and any output files from any of the foregoing 
(including device programming or simulation files), and any 
associated documentation or information are expressly subject 
to the terms and conditions of the Intel Program License 
Subscription Agreement, the Intel Quartus Prime License Agreement,
the Intel FPGA IP License Agreement, or other applicable license
agreement, including, without limitation, that your use is for
the sole purpose of programming logic devices manufactured by
Intel and sold by Intel or its authorized distributors.  Please
refer to the applicable agreement for further details, at
https://fpgasoftware.intel.com/eula.



+-------------------------------------------------------------------------------+
; Flow Summary                                                                  ;
+---------------------------------+---------------------------------------------+
; Flow Status                     ; Successful - Mon Dec 28 21:16:45 2020       ;
; Quartus Prime Version           ; 20.1.1 Build 720 11/11/2020 SJ Lite Edition ;
; Revision Name                   ; HDL_DUT_fil                                 ;
; Top-level Entity Name           ; HDL_DUT_fil                                 ;
; Family                          ; Cyclone V                                   ;
; Device                          ; 5CSEMA4U23C6                                ;
; Timing Models                   ; Final                                       ;
; Logic utilization (in ALMs)     ; 3,175 / 15,880 ( 20 % )                     ;
; Total registers                 ; 6603                                        ;
; Total pins                      ; 1 / 314 ( < 1 % )                           ;
; Total virtual pins              ; 0                                           ;
; Total block memory bits         ; 140,441 / 2,764,800 ( 5 % )                 ;
; Total DSP Blocks                ; 7 / 84 ( 8 % )                              ;
; Total HSSI RX PCSs              ; 0                                           ;
; Total HSSI PMA RX Deserializers ; 0                                           ;
; Total HSSI TX PCSs              ; 0                                           ;
; Total HSSI PMA TX Serializers   ; 0                                           ;
; Total PLLs                      ; 1 / 5 ( 20 % )                              ;
; Total DLLs                      ; 0 / 4 ( 0 % )                               ;
+---------------------------------+---------------------------------------------+


+-----------------------------------------+
; Flow Settings                           ;
+-------------------+---------------------+
; Option            ; Setting             ;
+-------------------+---------------------+
; Start date & time ; 12/28/2020 21:13:52 ;
; Main task         ; Compilation         ;
; Revision Name     ; HDL_DUT_fil         ;
+-------------------+---------------------+


+----------------------------------------------------------------------------------------------------------------------+
; Flow Non-Default Global Settings                                                                                     ;
+----------------------------------+----------------------------------------+---------------+-------------+------------+
; Assignment Name                  ; Value                                  ; Default Value ; Entity Name ; Section Id ;
+----------------------------------+----------------------------------------+---------------+-------------+------------+
; COMPILER_SIGNATURE_ID            ; 30902524296679.160918643215944         ; --            ; --          ; --         ;
; CYCLONEII_OPTIMIZATION_TECHNIQUE ; -- (Not supported for targeted family) ; Balanced      ; --          ; --         ;
+----------------------------------+----------------------------------------+---------------+-------------+------------+


+--------------------------------------------------------------------------------------------------------------------------+
; Flow Elapsed Time                                                                                                        ;
+----------------------+--------------+-------------------------+---------------------+------------------------------------+
; Module Name          ; Elapsed Time ; Average Processors Used ; Peak Virtual Memory ; Total CPU Time (on all processors) ;
+----------------------+--------------+-------------------------+---------------------+------------------------------------+
; Analysis & Synthesis ; 00:00:48     ; 1.0                     ; 5086 MB             ; 00:01:05                           ;
; Fitter               ; 00:01:44     ; 1.3                     ; 6427 MB             ; 00:03:28                           ;
; Assembler            ; 00:00:10     ; 1.0                     ; 4925 MB             ; 00:00:07                           ;
; Timing Analyzer      ; 00:00:19     ; 1.9                     ; 5279 MB             ; 00:00:32                           ;
; Total                ; 00:03:01     ; --                      ; --                  ; 00:05:12                           ;
+----------------------+--------------+-------------------------+---------------------+------------------------------------+


+------------------------------------------------------------------------------------+
; Flow OS Summary                                                                    ;
+----------------------+------------------+------------+------------+----------------+
; Module Name          ; Machine Hostname ; OS Name    ; OS Version ; Processor type ;
+----------------------+------------------+------------+------------+----------------+
; Analysis & Synthesis ; Jarvis           ; Windows 10 ; 10.0       ; x86_64         ;
; Fitter               ; Jarvis           ; Windows 10 ; 10.0       ; x86_64         ;
; Assembler            ; Jarvis           ; Windows 10 ; 10.0       ; x86_64         ;
; Timing Analyzer      ; Jarvis           ; Windows 10 ; 10.0       ; x86_64         ;
+----------------------+------------------+------------+------------+----------------+


------------
; Flow Log ;
------------
quartus_map --read_settings_files=on --write_settings_files=off HDL_DUT_fil -c HDL_DUT_fil
quartus_fit --read_settings_files=off --write_settings_files=off HDL_DUT_fil -c HDL_DUT_fil
quartus_asm --read_settings_files=off --write_settings_files=off HDL_DUT_fil -c HDL_DUT_fil
quartus_sta HDL_DUT_fil -c HDL_DUT_fil



