### File Name: D:\Documents\DVBS2\DVBS2\src\transmitter\6-BaseBandShaping\hdl_prj\fil_prj\bb_shaping_fil.log
### Created: 02-Jan-2021 13:56:53
### Generated by MATLAB 9.9 

### FPGA-in-the-Loop Summary
###    Board: Atlas-SoC Kit/DE0-Nano-SoC Kit
###    DUT frequency: 25.0000MHz

### Generating Quartus II project and running HDL compilation ...
###    Project:
###       D:\Documents\DVBS2\DVBS2\src\transmitter\6-BaseBandShaping\hdl_prj\fil_prj\fpgaproj\bb_shaping_fil.qpf
###    Target Device:
###       Cyclone V 5CSEMA4U23C6
###    Property Settings:
###       CYCLONEII_OPTIMIZATION_TECHNIQUE = SPEED
###    User design files:
###       D:\Documents\DVBS2\DVBS2\src\transmitter\6-BaseBandShaping\hdl_prj\hdlsrc\base_band_shaping_model\FIR_Interpolation.vhd
###       D:\Documents\DVBS2\DVBS2\src\transmitter\6-BaseBandShaping\hdl_prj\hdlsrc\base_band_shaping_model\FIR_Interpolation1.vhd
###       D:\Documents\DVBS2\DVBS2\src\transmitter\6-BaseBandShaping\hdl_prj\hdlsrc\base_band_shaping_model\bb_shaping.vhd
###    Generated files:
###       D:\Documents\DVBS2\DVBS2\src\transmitter\6-BaseBandShaping\hdl_prj\fil_prj\filsrc\MWClkMgr.vhd
###       D:\Documents\DVBS2\DVBS2\src\transmitter\6-BaseBandShaping\hdl_prj\fil_prj\filsrc\MWAJTAG.vhd
###       D:\Documents\DVBS2\DVBS2\src\transmitter\6-BaseBandShaping\hdl_prj\fil_prj\filsrc\MWDPRAM.vhd
###       D:\Documents\DVBS2\DVBS2\src\transmitter\6-BaseBandShaping\hdl_prj\fil_prj\filsrc\FILUDPCRC.vhd
###       D:\Documents\DVBS2\DVBS2\src\transmitter\6-BaseBandShaping\hdl_prj\fil_prj\filsrc\FILPktMUX.vhd
###       D:\Documents\DVBS2\DVBS2\src\transmitter\6-BaseBandShaping\hdl_prj\fil_prj\filsrc\FILCmdProc.vhd
###       D:\Documents\DVBS2\DVBS2\src\transmitter\6-BaseBandShaping\hdl_prj\fil_prj\filsrc\MWAsyncFIFO.vhd
###       D:\Documents\DVBS2\DVBS2\src\transmitter\6-BaseBandShaping\hdl_prj\fil_prj\filsrc\FILDataProc.vhd
###       D:\Documents\DVBS2\DVBS2\src\transmitter\6-BaseBandShaping\hdl_prj\fil_prj\filsrc\MWPKTBuffer.vhd
###       D:\Documents\DVBS2\DVBS2\src\transmitter\6-BaseBandShaping\hdl_prj\fil_prj\filsrc\MWUDPPKTBuilder.vhd
###       D:\Documents\DVBS2\DVBS2\src\transmitter\6-BaseBandShaping\hdl_prj\fil_prj\filsrc\FILPktProc.vhd
###       D:\Documents\DVBS2\DVBS2\src\transmitter\6-BaseBandShaping\hdl_prj\fil_prj\filsrc\FILCommLayer.vhd
###       D:\Documents\DVBS2\DVBS2\src\transmitter\6-BaseBandShaping\hdl_prj\fil_prj\filsrc\mwfil_dpscram.vhd
###       D:\Documents\DVBS2\DVBS2\src\transmitter\6-BaseBandShaping\hdl_prj\fil_prj\filsrc\mwfil_udfifo.vhd
###       D:\Documents\DVBS2\DVBS2\src\transmitter\6-BaseBandShaping\hdl_prj\fil_prj\filsrc\mwfil_bus2dut.vhd
###       D:\Documents\DVBS2\DVBS2\src\transmitter\6-BaseBandShaping\hdl_prj\fil_prj\filsrc\mwfil_chifcore.vhd
###       D:\Documents\DVBS2\DVBS2\src\transmitter\6-BaseBandShaping\hdl_prj\fil_prj\filsrc\mwfil_controller.vhd
###       D:\Documents\DVBS2\DVBS2\src\transmitter\6-BaseBandShaping\hdl_prj\fil_prj\filsrc\mwfil_dut2bus.vhd
###       D:\Documents\DVBS2\DVBS2\src\transmitter\6-BaseBandShaping\hdl_prj\fil_prj\filsrc\bb_shaping_wrapper.vhd
###       D:\Documents\DVBS2\DVBS2\src\transmitter\6-BaseBandShaping\hdl_prj\fil_prj\filsrc\mwfil_chiftop.vhd
###       D:\Documents\DVBS2\DVBS2\src\transmitter\6-BaseBandShaping\hdl_prj\fil_prj\filsrc\FILCore.vhd
###       D:\Documents\DVBS2\DVBS2\src\transmitter\6-BaseBandShaping\hdl_prj\fil_prj\filsrc\bb_shaping_fil.vhd
###       D:\Documents\DVBS2\DVBS2\src\transmitter\6-BaseBandShaping\hdl_prj\fil_prj\filsrc\bb_shaping_fil.qsf
###       D:\Documents\DVBS2\DVBS2\src\transmitter\6-BaseBandShaping\hdl_prj\fil_prj\filsrc\bb_shaping_fil.sdc
### 
### Running HDL compilation ...

### HDL compilation completed.

### Running programming file generation outside MATLAB.
### Check external shell for programming file generation progress.
### Programming file location (when process is completed):
###    D:\Documents\DVBS2\DVBS2\src\transmitter\6-BaseBandShaping\hdl_prj\fil_prj\bb_shaping_fil.sof

