Flow report for bb_shaping_fil
Sat Jan 02 13:58:59 2021
Quartus Prime Version 20.1.1 Build 720 11/11/2020 SJ Lite Edition


---------------------
; Table of Contents ;
---------------------
  1. Legal Notice
  2. Flow Summary
  3. Flow Settings
  4. Flow Non-Default Global Settings
  5. Flow Elapsed Time
  6. Flow OS Summary
  7. Flow Log
  8. Flow Messages
  9. Flow Suppressed Messages



----------------
; Legal Notice ;
----------------
Copyright (C) 2020  Intel Corporation. All rights reserved.
Your use of Intel Corporation's design tools, logic functions 
and other software and tools, and any partner logic 
functions, and any output files from any of the foregoing 
(including device programming or simulation files), and any 
associated documentation or information are expressly subject 
to the terms and conditions of the Intel Program License 
Subscription Agreement, the Intel Quartus Prime License Agreement,
the Intel FPGA IP License Agreement, or other applicable license
agreement, including, without limitation, that your use is for
the sole purpose of programming logic devices manufactured by
Intel and sold by Intel or its authorized distributors.  Please
refer to the applicable agreement for further details, at
https://fpgasoftware.intel.com/eula.



+-------------------------------------------------------------------------------+
; Flow Summary                                                                  ;
+---------------------------------+---------------------------------------------+
; Flow Status                     ; Successful - Sat Jan 02 13:58:44 2021       ;
; Quartus Prime Version           ; 20.1.1 Build 720 11/11/2020 SJ Lite Edition ;
; Revision Name                   ; bb_shaping_fil                              ;
; Top-level Entity Name           ; bb_shaping_fil                              ;
; Family                          ; Cyclone V                                   ;
; Device                          ; 5CSEMA4U23C6                                ;
; Timing Models                   ; Final                                       ;
; Logic utilization (in ALMs)     ; 1,171 / 15,880 ( 7 % )                      ;
; Total registers                 ; 1628                                        ;
; Total pins                      ; 1 / 314 ( < 1 % )                           ;
; Total virtual pins              ; 0                                           ;
; Total block memory bits         ; 135,248 / 2,764,800 ( 5 % )                 ;
; Total DSP Blocks                ; 12 / 84 ( 14 % )                            ;
; Total HSSI RX PCSs              ; 0                                           ;
; Total HSSI PMA RX Deserializers ; 0                                           ;
; Total HSSI TX PCSs              ; 0                                           ;
; Total HSSI PMA TX Serializers   ; 0                                           ;
; Total PLLs                      ; 1 / 5 ( 20 % )                              ;
; Total DLLs                      ; 0 / 4 ( 0 % )                               ;
+---------------------------------+---------------------------------------------+


+-----------------------------------------+
; Flow Settings                           ;
+-------------------+---------------------+
; Option            ; Setting             ;
+-------------------+---------------------+
; Start date & time ; 01/02/2021 13:56:55 ;
; Main task         ; Compilation         ;
; Revision Name     ; bb_shaping_fil      ;
+-------------------+---------------------+


+----------------------------------------------------------------------------------------------------------------------+
; Flow Non-Default Global Settings                                                                                     ;
+----------------------------------+----------------------------------------+---------------+-------------+------------+
; Assignment Name                  ; Value                                  ; Default Value ; Entity Name ; Section Id ;
+----------------------------------+----------------------------------------+---------------+-------------+------------+
; COMPILER_SIGNATURE_ID            ; 30902524296679.160959221516388         ; --            ; --          ; --         ;
; CYCLONEII_OPTIMIZATION_TECHNIQUE ; -- (Not supported for targeted family) ; Balanced      ; --          ; --         ;
+----------------------------------+----------------------------------------+---------------+-------------+------------+


+--------------------------------------------------------------------------------------------------------------------------+
; Flow Elapsed Time                                                                                                        ;
+----------------------+--------------+-------------------------+---------------------+------------------------------------+
; Module Name          ; Elapsed Time ; Average Processors Used ; Peak Virtual Memory ; Total CPU Time (on all processors) ;
+----------------------+--------------+-------------------------+---------------------+------------------------------------+
; Analysis & Synthesis ; 00:00:27     ; 1.0                     ; 4930 MB             ; 00:00:46                           ;
; Fitter               ; 00:01:02     ; 1.2                     ; 6424 MB             ; 00:01:50                           ;
; Assembler            ; 00:00:08     ; 1.0                     ; 4866 MB             ; 00:00:05                           ;
; Timing Analyzer      ; 00:00:14     ; 1.5                     ; 5205 MB             ; 00:00:19                           ;
; Total                ; 00:01:51     ; --                      ; --                  ; 00:03:00                           ;
+----------------------+--------------+-------------------------+---------------------+------------------------------------+


+------------------------------------------------------------------------------------+
; Flow OS Summary                                                                    ;
+----------------------+------------------+------------+------------+----------------+
; Module Name          ; Machine Hostname ; OS Name    ; OS Version ; Processor type ;
+----------------------+------------------+------------+------------+----------------+
; Analysis & Synthesis ; Jarvis           ; Windows 10 ; 10.0       ; x86_64         ;
; Fitter               ; Jarvis           ; Windows 10 ; 10.0       ; x86_64         ;
; Assembler            ; Jarvis           ; Windows 10 ; 10.0       ; x86_64         ;
; Timing Analyzer      ; Jarvis           ; Windows 10 ; 10.0       ; x86_64         ;
+----------------------+------------------+------------+------------+----------------+


------------
; Flow Log ;
------------
quartus_map --read_settings_files=on --write_settings_files=off bb_shaping_fil -c bb_shaping_fil
quartus_fit --read_settings_files=off --write_settings_files=off bb_shaping_fil -c bb_shaping_fil
quartus_asm --read_settings_files=off --write_settings_files=off bb_shaping_fil -c bb_shaping_fil
quartus_sta bb_shaping_fil -c bb_shaping_fil



