
*** Running vivado
    with args -log bb_shaping_fil.vdi -applog -m64 -product Vivado -messageDb vivado.pb -mode batch -source bb_shaping_fil.tcl -notrace



****** Vivado v2020.2 (64-bit)
  **** SW Build 3064766 on Wed Nov 18 09:12:45 MST 2020
  **** IP Build 3064653 on Wed Nov 18 14:17:31 MST 2020
    ** Copyright 1986-2020 Xilinx, Inc. All Rights Reserved.

source bb_shaping_fil.tcl -notrace
Command: link_design -top bb_shaping_fil -part xc7z020clg484-1
Design is defaulting to srcset: sources_1
Design is defaulting to constrset: constrs_1
INFO: [Device 21-403] Loading part xc7z020clg484-1
INFO: [Project 1-454] Reading design checkpoint 'd:/Documents/DVBS2/DVBS2/src/transmitter/6-BaseBandShaping/xilinx_files/fil_prj/fpgaproj/bb_shaping_fil.gen/sources_1/ip/clk_wiz_0/clk_wiz_0.dcp' for cell 'u_clk_wiz_0'
INFO: [Project 1-454] Reading design checkpoint 'd:/Documents/DVBS2/DVBS2/src/transmitter/6-BaseBandShaping/xilinx_files/fil_prj/fpgaproj/bb_shaping_fil.gen/sources_1/ip/jtag_mac_fifo/jtag_mac_fifo.dcp' for cell 'u_jtag_mac/u_post_chif_fifo/u_jtag_mac_fifo'
INFO: [Project 1-454] Reading design checkpoint 'd:/Documents/DVBS2/DVBS2/src/transmitter/6-BaseBandShaping/xilinx_files/fil_prj/fpgaproj/bb_shaping_fil.gen/sources_1/ip/simcycle_fifo/simcycle_fifo.dcp' for cell 'u_jtag_mac/u_simcycle_fifo/u_simcycle_fifo'
Netlist sorting complete. Time (s): cpu = 00:00:00 ; elapsed = 00:00:00.061 . Memory (MB): peak = 1139.434 ; gain = 0.000
INFO: [Netlist 29-17] Analyzing 100 Unisim elements for replacement
INFO: [Netlist 29-28] Unisim Transformation completed in 0 CPU seconds
INFO: [Project 1-479] Netlist was created with Vivado 2020.2
INFO: [Project 1-570] Preparing netlist for logic optimization
Parsing XDC File [d:/Documents/DVBS2/DVBS2/src/transmitter/6-BaseBandShaping/xilinx_files/fil_prj/fpgaproj/bb_shaping_fil.gen/sources_1/ip/clk_wiz_0/clk_wiz_0_board.xdc] for cell 'u_clk_wiz_0/inst'
Finished Parsing XDC File [d:/Documents/DVBS2/DVBS2/src/transmitter/6-BaseBandShaping/xilinx_files/fil_prj/fpgaproj/bb_shaping_fil.gen/sources_1/ip/clk_wiz_0/clk_wiz_0_board.xdc] for cell 'u_clk_wiz_0/inst'
Parsing XDC File [d:/Documents/DVBS2/DVBS2/src/transmitter/6-BaseBandShaping/xilinx_files/fil_prj/fpgaproj/bb_shaping_fil.gen/sources_1/ip/clk_wiz_0/clk_wiz_0.xdc] for cell 'u_clk_wiz_0/inst'
INFO: [Timing 38-35] Done setting XDC timing constraints. [d:/Documents/DVBS2/DVBS2/src/transmitter/6-BaseBandShaping/xilinx_files/fil_prj/fpgaproj/bb_shaping_fil.gen/sources_1/ip/clk_wiz_0/clk_wiz_0.xdc:57]
INFO: [Timing 38-2] Deriving generated clocks [d:/Documents/DVBS2/DVBS2/src/transmitter/6-BaseBandShaping/xilinx_files/fil_prj/fpgaproj/bb_shaping_fil.gen/sources_1/ip/clk_wiz_0/clk_wiz_0.xdc:57]
get_clocks: Time (s): cpu = 00:00:08 ; elapsed = 00:00:08 . Memory (MB): peak = 1626.395 ; gain = 486.961
Finished Parsing XDC File [d:/Documents/DVBS2/DVBS2/src/transmitter/6-BaseBandShaping/xilinx_files/fil_prj/fpgaproj/bb_shaping_fil.gen/sources_1/ip/clk_wiz_0/clk_wiz_0.xdc] for cell 'u_clk_wiz_0/inst'
Parsing XDC File [d:/Documents/DVBS2/DVBS2/src/transmitter/6-BaseBandShaping/xilinx_files/fil_prj/fpgaproj/bb_shaping_fil.gen/sources_1/ip/jtag_mac_fifo/jtag_mac_fifo.xdc] for cell 'u_jtag_mac/u_post_chif_fifo/u_jtag_mac_fifo/U0'
Finished Parsing XDC File [d:/Documents/DVBS2/DVBS2/src/transmitter/6-BaseBandShaping/xilinx_files/fil_prj/fpgaproj/bb_shaping_fil.gen/sources_1/ip/jtag_mac_fifo/jtag_mac_fifo.xdc] for cell 'u_jtag_mac/u_post_chif_fifo/u_jtag_mac_fifo/U0'
Parsing XDC File [d:/Documents/DVBS2/DVBS2/src/transmitter/6-BaseBandShaping/xilinx_files/fil_prj/fpgaproj/bb_shaping_fil.gen/sources_1/ip/jtag_mac_fifo/jtag_mac_fifo.xdc] for cell 'u_jtag_mac/u_pre_chif_fifo/u_jtag_mac_fifo/U0'
Finished Parsing XDC File [d:/Documents/DVBS2/DVBS2/src/transmitter/6-BaseBandShaping/xilinx_files/fil_prj/fpgaproj/bb_shaping_fil.gen/sources_1/ip/jtag_mac_fifo/jtag_mac_fifo.xdc] for cell 'u_jtag_mac/u_pre_chif_fifo/u_jtag_mac_fifo/U0'
Parsing XDC File [d:/Documents/DVBS2/DVBS2/src/transmitter/6-BaseBandShaping/xilinx_files/fil_prj/fpgaproj/bb_shaping_fil.gen/sources_1/ip/simcycle_fifo/simcycle_fifo.xdc] for cell 'u_jtag_mac/u_simcycle_fifo/u_simcycle_fifo/U0'
Finished Parsing XDC File [d:/Documents/DVBS2/DVBS2/src/transmitter/6-BaseBandShaping/xilinx_files/fil_prj/fpgaproj/bb_shaping_fil.gen/sources_1/ip/simcycle_fifo/simcycle_fifo.xdc] for cell 'u_jtag_mac/u_simcycle_fifo/u_simcycle_fifo/U0'
Parsing XDC File [D:/Documents/DVBS2/DVBS2/src/transmitter/6-BaseBandShaping/xilinx_files/fil_prj/filsrc/bb_shaping_fil.xdc]
WARNING: [Constraints 18-619] A clock with name 'sysclk' already exists, overwriting the previous clock with the same name. [D:/Documents/DVBS2/DVBS2/src/transmitter/6-BaseBandShaping/xilinx_files/fil_prj/filsrc/bb_shaping_fil.xdc:1]
WARNING: [Vivado 12-2489] -period contains time 15.151515 which will be rounded to 15.152 to ensure it is an integer multiple of 1 picosecond [D:/Documents/DVBS2/DVBS2/src/transmitter/6-BaseBandShaping/xilinx_files/fil_prj/filsrc/bb_shaping_fil.xdc:6]
WARNING: [Vivado 12-2489] -waveform contains time 7.575758 which will be rounded to 7.576 to ensure it is an integer multiple of 1 picosecond [D:/Documents/DVBS2/DVBS2/src/transmitter/6-BaseBandShaping/xilinx_files/fil_prj/filsrc/bb_shaping_fil.xdc:6]
Finished Parsing XDC File [D:/Documents/DVBS2/DVBS2/src/transmitter/6-BaseBandShaping/xilinx_files/fil_prj/filsrc/bb_shaping_fil.xdc]
Parsing XDC File [d:/Documents/DVBS2/DVBS2/src/transmitter/6-BaseBandShaping/xilinx_files/fil_prj/fpgaproj/bb_shaping_fil.gen/sources_1/ip/jtag_mac_fifo/jtag_mac_fifo_clocks.xdc] for cell 'u_jtag_mac/u_post_chif_fifo/u_jtag_mac_fifo/U0'
Finished Parsing XDC File [d:/Documents/DVBS2/DVBS2/src/transmitter/6-BaseBandShaping/xilinx_files/fil_prj/fpgaproj/bb_shaping_fil.gen/sources_1/ip/jtag_mac_fifo/jtag_mac_fifo_clocks.xdc] for cell 'u_jtag_mac/u_post_chif_fifo/u_jtag_mac_fifo/U0'
Parsing XDC File [d:/Documents/DVBS2/DVBS2/src/transmitter/6-BaseBandShaping/xilinx_files/fil_prj/fpgaproj/bb_shaping_fil.gen/sources_1/ip/jtag_mac_fifo/jtag_mac_fifo_clocks.xdc] for cell 'u_jtag_mac/u_pre_chif_fifo/u_jtag_mac_fifo/U0'
Finished Parsing XDC File [d:/Documents/DVBS2/DVBS2/src/transmitter/6-BaseBandShaping/xilinx_files/fil_prj/fpgaproj/bb_shaping_fil.gen/sources_1/ip/jtag_mac_fifo/jtag_mac_fifo_clocks.xdc] for cell 'u_jtag_mac/u_pre_chif_fifo/u_jtag_mac_fifo/U0'
Parsing XDC File [d:/Documents/DVBS2/DVBS2/src/transmitter/6-BaseBandShaping/xilinx_files/fil_prj/fpgaproj/bb_shaping_fil.gen/sources_1/ip/simcycle_fifo/simcycle_fifo_clocks.xdc] for cell 'u_jtag_mac/u_simcycle_fifo/u_simcycle_fifo/U0'
Finished Parsing XDC File [d:/Documents/DVBS2/DVBS2/src/transmitter/6-BaseBandShaping/xilinx_files/fil_prj/fpgaproj/bb_shaping_fil.gen/sources_1/ip/simcycle_fifo/simcycle_fifo_clocks.xdc] for cell 'u_jtag_mac/u_simcycle_fifo/u_simcycle_fifo/U0'
INFO: [Project 1-1715] 3 XPM XDC files have been applied to the design.
INFO: [Opt 31-138] Pushed 0 inverter(s) to 0 load pin(s).
Netlist sorting complete. Time (s): cpu = 00:00:00 ; elapsed = 00:00:00.001 . Memory (MB): peak = 1627.387 ; gain = 0.000
INFO: [Project 1-111] Unisim Transformation Summary:
  A total of 6 instances were transformed.
  RAM32M => RAM32M (RAMD32(x6), RAMS32(x2)): 6 instances

13 Infos, 3 Warnings, 0 Critical Warnings and 0 Errors encountered.
link_design completed successfully
link_design: Time (s): cpu = 00:00:16 ; elapsed = 00:00:18 . Memory (MB): peak = 1627.387 ; gain = 487.953
Command: opt_design
Attempting to get a license for feature 'Implementation' and/or device 'xc7z020'
INFO: [Common 17-349] Got license for feature 'Implementation' and/or device 'xc7z020'
Running DRC as a precondition to command opt_design

Starting DRC Task
INFO: [DRC 23-27] Running DRC with 2 threads
INFO: [Project 1-461] DRC finished with 0 Errors
INFO: [Project 1-462] Please refer to the DRC report (report_drc) for more information.

Time (s): cpu = 00:00:02 ; elapsed = 00:00:01 . Memory (MB): peak = 1627.387 ; gain = 0.000

Starting Cache Timing Information Task
INFO: [Timing 38-35] Done setting XDC timing constraints.
Ending Cache Timing Information Task | Checksum: 1b6edaec1

Time (s): cpu = 00:00:00 ; elapsed = 00:00:00.344 . Memory (MB): peak = 1627.387 ; gain = 0.000

Starting Logic Optimization Task

Phase 1 Retarget
INFO: [Opt 31-138] Pushed 1 inverter(s) to 3 load pin(s).
INFO: [Opt 31-49] Retargeted 0 cell(s).
Phase 1 Retarget | Checksum: 1e39bccb7

Time (s): cpu = 00:00:01 ; elapsed = 00:00:00.595 . Memory (MB): peak = 1808.563 ; gain = 0.141
INFO: [Opt 31-389] Phase Retarget created 0 cells and removed 22 cells
INFO: [Opt 31-1021] In phase Retarget, 19 netlist objects are constrained preventing optimization. Please run opt_design with -debug_log to get more detail. 

Phase 2 Constant propagation
INFO: [Opt 31-138] Pushed 0 inverter(s) to 0 load pin(s).
Phase 2 Constant propagation | Checksum: 1e39bccb7

Time (s): cpu = 00:00:01 ; elapsed = 00:00:00.630 . Memory (MB): peak = 1808.563 ; gain = 0.141
INFO: [Opt 31-389] Phase Constant propagation created 0 cells and removed 0 cells
INFO: [Opt 31-1021] In phase Constant propagation, 18 netlist objects are constrained preventing optimization. Please run opt_design with -debug_log to get more detail. 

Phase 3 Sweep
Phase 3 Sweep | Checksum: 1c153cab9

Time (s): cpu = 00:00:01 ; elapsed = 00:00:00.753 . Memory (MB): peak = 1808.563 ; gain = 0.141
INFO: [Opt 31-389] Phase Sweep created 0 cells and removed 31 cells
INFO: [Opt 31-1021] In phase Sweep, 42 netlist objects are constrained preventing optimization. Please run opt_design with -debug_log to get more detail. 

Phase 4 BUFG optimization
Phase 4 BUFG optimization | Checksum: 1c153cab9

Time (s): cpu = 00:00:01 ; elapsed = 00:00:00.863 . Memory (MB): peak = 1808.563 ; gain = 0.141
INFO: [Opt 31-662] Phase BUFG optimization created 0 cells of which 0 are BUFGs and removed 0 cells.

Phase 5 Shift Register Optimization
INFO: [Opt 31-1064] SRL Remap converted 0 SRLs to 0 registers and converted 0 registers of register chains to 0 SRLs
Phase 5 Shift Register Optimization | Checksum: 1c153cab9

Time (s): cpu = 00:00:01 ; elapsed = 00:00:00.870 . Memory (MB): peak = 1808.563 ; gain = 0.141
INFO: [Opt 31-389] Phase Shift Register Optimization created 0 cells and removed 0 cells

Phase 6 Post Processing Netlist
Phase 6 Post Processing Netlist | Checksum: 1c153cab9

Time (s): cpu = 00:00:01 ; elapsed = 00:00:00.883 . Memory (MB): peak = 1808.563 ; gain = 0.141
INFO: [Opt 31-389] Phase Post Processing Netlist created 0 cells and removed 0 cells
INFO: [Opt 31-1021] In phase Post Processing Netlist, 22 netlist objects are constrained preventing optimization. Please run opt_design with -debug_log to get more detail. 
Opt_design Change Summary
=========================


-------------------------------------------------------------------------------------------------------------------------
|  Phase                        |  #Cells created  |  #Cells Removed  |  #Constrained objects preventing optimizations  |
-------------------------------------------------------------------------------------------------------------------------
|  Retarget                     |               0  |              22  |                                             19  |
|  Constant propagation         |               0  |               0  |                                             18  |
|  Sweep                        |               0  |              31  |                                             42  |
|  BUFG optimization            |               0  |               0  |                                              0  |
|  Shift Register Optimization  |               0  |               0  |                                              0  |
|  Post Processing Netlist      |               0  |               0  |                                             22  |
-------------------------------------------------------------------------------------------------------------------------



Starting Connectivity Check Task

Time (s): cpu = 00:00:00 ; elapsed = 00:00:00.003 . Memory (MB): peak = 1808.563 ; gain = 0.000
Ending Logic Optimization Task | Checksum: 1ef17ff24

Time (s): cpu = 00:00:01 ; elapsed = 00:00:00.932 . Memory (MB): peak = 1808.563 ; gain = 0.141

Starting Power Optimization Task
INFO: [Pwropt 34-132] Skipping clock gating for clocks with a period < 2.00 ns.
INFO: [Pwropt 34-9] Applying IDT optimizations ...
INFO: [Pwropt 34-10] Applying ODC optimizations ...
INFO: [Timing 38-35] Done setting XDC timing constraints.
Running Vector-less Activity Propagation...

Finished Running Vector-less Activity Propagation


Starting PowerOpt Patch Enables Task
INFO: [Pwropt 34-162] WRITE_MODE attribute of 2 BRAM(s) out of a total of 5 has been updated to save power. Run report_power_opt to get a complete listing of the BRAMs updated.
INFO: [Timing 38-35] Done setting XDC timing constraints.
INFO: [Pwropt 34-201] Structural ODC has moved 3 WE to EN ports
Number of BRAM Ports augmented: 0 newly gated: 3 Total Ports: 10
Ending PowerOpt Patch Enables Task | Checksum: 1f0405242

Time (s): cpu = 00:00:00 ; elapsed = 00:00:00.373 . Memory (MB): peak = 1986.031 ; gain = 0.000
Ending Power Optimization Task | Checksum: 1f0405242

Time (s): cpu = 00:00:03 ; elapsed = 00:00:02 . Memory (MB): peak = 1986.031 ; gain = 177.469

Starting Final Cleanup Task
Ending Final Cleanup Task | Checksum: 1f0405242

Time (s): cpu = 00:00:00 ; elapsed = 00:00:00.008 . Memory (MB): peak = 1986.031 ; gain = 0.000

Starting Netlist Obfuscation Task
Netlist sorting complete. Time (s): cpu = 00:00:00 ; elapsed = 00:00:00.002 . Memory (MB): peak = 1986.031 ; gain = 0.000
Ending Netlist Obfuscation Task | Checksum: 19e8a928b

Time (s): cpu = 00:00:00 ; elapsed = 00:00:00.002 . Memory (MB): peak = 1986.031 ; gain = 0.000
INFO: [Common 17-83] Releasing license: Implementation
40 Infos, 3 Warnings, 0 Critical Warnings and 0 Errors encountered.
opt_design completed successfully
opt_design: Time (s): cpu = 00:00:08 ; elapsed = 00:00:07 . Memory (MB): peak = 1986.031 ; gain = 358.645
INFO: [Timing 38-480] Writing timing data to binary archive.
Writing placer database...
Writing XDEF routing.
Writing XDEF routing logical nets.
Writing XDEF routing special nets.
Write XDEF Complete: Time (s): cpu = 00:00:00 ; elapsed = 00:00:00.055 . Memory (MB): peak = 1986.031 ; gain = 0.000
INFO: [Common 17-1381] The checkpoint 'D:/Documents/DVBS2/DVBS2/src/transmitter/6-BaseBandShaping/xilinx_files/fil_prj/fpgaproj/bb_shaping_fil.runs/impl_1/bb_shaping_fil_opt.dcp' has been generated.
INFO: [runtcl-4] Executing : report_drc -file bb_shaping_fil_drc_opted.rpt -pb bb_shaping_fil_drc_opted.pb -rpx bb_shaping_fil_drc_opted.rpx
Command: report_drc -file bb_shaping_fil_drc_opted.rpt -pb bb_shaping_fil_drc_opted.pb -rpx bb_shaping_fil_drc_opted.rpx
INFO: [IP_Flow 19-1839] IP Catalog is up to date.
INFO: [Timing 38-35] Done setting XDC timing constraints.
INFO: [DRC 23-27] Running DRC with 2 threads
INFO: [Coretcl 2-168] The results of DRC are in file D:/Documents/DVBS2/DVBS2/src/transmitter/6-BaseBandShaping/xilinx_files/fil_prj/fpgaproj/bb_shaping_fil.runs/impl_1/bb_shaping_fil_drc_opted.rpt.
report_drc completed successfully
Command: place_design
Attempting to get a license for feature 'Implementation' and/or device 'xc7z020'
INFO: [Common 17-349] Got license for feature 'Implementation' and/or device 'xc7z020'
INFO: [DRC 23-27] Running DRC with 2 threads
INFO: [Vivado_Tcl 4-198] DRC finished with 0 Errors
INFO: [Vivado_Tcl 4-199] Please refer to the DRC report (report_drc) for more information.
Running DRC as a precondition to command place_design
INFO: [DRC 23-27] Running DRC with 2 threads
INFO: [Vivado_Tcl 4-198] DRC finished with 0 Errors
INFO: [Vivado_Tcl 4-199] Please refer to the DRC report (report_drc) for more information.

Starting Placer Task
INFO: [Place 30-611] Multithreading enabled for place_design using a maximum of 2 CPUs

Phase 1 Placer Initialization

Phase 1.1 Placer Initialization Netlist Sorting
Netlist sorting complete. Time (s): cpu = 00:00:00 ; elapsed = 00:00:00.001 . Memory (MB): peak = 1986.031 ; gain = 0.000
Phase 1.1 Placer Initialization Netlist Sorting | Checksum: 1074373c7

Time (s): cpu = 00:00:00 ; elapsed = 00:00:00.111 . Memory (MB): peak = 1986.031 ; gain = 0.000
Netlist sorting complete. Time (s): cpu = 00:00:00 ; elapsed = 00:00:00.001 . Memory (MB): peak = 1986.031 ; gain = 0.000

Phase 1.2 IO Placement/ Clock Placement/ Build Placer Device
Phase 1.2 IO Placement/ Clock Placement/ Build Placer Device | Checksum: 15590c10b

Time (s): cpu = 00:00:01 ; elapsed = 00:00:00.628 . Memory (MB): peak = 1986.031 ; gain = 0.000

Phase 1.3 Build Placer Netlist Model
Phase 1.3 Build Placer Netlist Model | Checksum: 190cfe59c

Time (s): cpu = 00:00:03 ; elapsed = 00:00:03 . Memory (MB): peak = 1986.031 ; gain = 0.000

Phase 1.4 Constrain Clocks/Macros
Phase 1.4 Constrain Clocks/Macros | Checksum: 190cfe59c

Time (s): cpu = 00:00:03 ; elapsed = 00:00:03 . Memory (MB): peak = 1986.031 ; gain = 0.000
Phase 1 Placer Initialization | Checksum: 190cfe59c

Time (s): cpu = 00:00:03 ; elapsed = 00:00:03 . Memory (MB): peak = 1986.031 ; gain = 0.000

Phase 2 Global Placement

Phase 2.1 Floorplanning
Phase 2.1 Floorplanning | Checksum: 213b6e808

Time (s): cpu = 00:00:04 ; elapsed = 00:00:03 . Memory (MB): peak = 1986.031 ; gain = 0.000

Phase 2.2 Update Timing before SLR Path Opt
Phase 2.2 Update Timing before SLR Path Opt | Checksum: 206713372

Time (s): cpu = 00:00:04 ; elapsed = 00:00:03 . Memory (MB): peak = 1986.031 ; gain = 0.000

Phase 2.3 Global Placement Core

Phase 2.3.1 Physical Synthesis In Placer
INFO: [Physopt 32-1035] Found 0 LUTNM shape to break, 346 LUT instances to create LUTNM shape
INFO: [Physopt 32-1044] Break lutnm for timing: one critical 0, two critical 0, total 0, new lutff created 0
INFO: [Physopt 32-775] End 1 Pass. Optimized 170 nets or cells. Created 0 new cell, deleted 170 existing cells and moved 0 existing cell
INFO: [Physopt 32-65] No nets found for high-fanout optimization.
INFO: [Physopt 32-232] Optimized 0 net. Created 0 new instance.
INFO: [Physopt 32-775] End 1 Pass. Optimized 0 net or cell. Created 0 new cell, deleted 0 existing cell and moved 0 existing cell
INFO: [Physopt 32-670] No setup violation found.  DSP Register Optimization was not performed.
INFO: [Physopt 32-670] No setup violation found.  Shift Register to Pipeline Optimization was not performed.
INFO: [Physopt 32-670] No setup violation found.  Shift Register Optimization was not performed.
INFO: [Physopt 32-670] No setup violation found.  BRAM Register Optimization was not performed.
INFO: [Physopt 32-670] No setup violation found.  URAM Register Optimization was not performed.
INFO: [Physopt 32-949] No candidate nets found for dynamic/static region interface net replication
INFO: [Physopt 32-775] End 1 Pass. Optimized 0 net or cell. Created 0 new cell, deleted 0 existing cell and moved 0 existing cell
Netlist sorting complete. Time (s): cpu = 00:00:00 ; elapsed = 00:00:00.001 . Memory (MB): peak = 1986.031 ; gain = 0.000

Summary of Physical Synthesis Optimizations
============================================


-----------------------------------------------------------------------------------------------------------------------------------------------------------
|  Optimization                                     |  Added Cells  |  Removed Cells  |  Optimized Cells/Nets  |  Dont Touch  |  Iterations  |  Elapsed   |
-----------------------------------------------------------------------------------------------------------------------------------------------------------
|  LUT Combining                                    |            0  |            170  |                   170  |           0  |           1  |  00:00:00  |
|  Very High Fanout                                 |            0  |              0  |                     0  |           0  |           1  |  00:00:00  |
|  DSP Register                                     |            0  |              0  |                     0  |           0  |           0  |  00:00:00  |
|  Shift Register to Pipeline                       |            0  |              0  |                     0  |           0  |           0  |  00:00:00  |
|  Shift Register                                   |            0  |              0  |                     0  |           0  |           0  |  00:00:00  |
|  BRAM Register                                    |            0  |              0  |                     0  |           0  |           0  |  00:00:00  |
|  URAM Register                                    |            0  |              0  |                     0  |           0  |           0  |  00:00:00  |
|  Dynamic/Static Region Interface Net Replication  |            0  |              0  |                     0  |           0  |           1  |  00:00:00  |
|  Total                                            |            0  |            170  |                   170  |           0  |           3  |  00:00:00  |
-----------------------------------------------------------------------------------------------------------------------------------------------------------


Phase 2.3.1 Physical Synthesis In Placer | Checksum: ba24cb39

Time (s): cpu = 00:00:10 ; elapsed = 00:00:06 . Memory (MB): peak = 1986.031 ; gain = 0.000
Phase 2.3 Global Placement Core | Checksum: 19eb82790

Time (s): cpu = 00:00:10 ; elapsed = 00:00:07 . Memory (MB): peak = 1986.031 ; gain = 0.000
Phase 2 Global Placement | Checksum: 19eb82790

Time (s): cpu = 00:00:10 ; elapsed = 00:00:07 . Memory (MB): peak = 1986.031 ; gain = 0.000

Phase 3 Detail Placement

Phase 3.1 Commit Multi Column Macros
Phase 3.1 Commit Multi Column Macros | Checksum: 196993860

Time (s): cpu = 00:00:11 ; elapsed = 00:00:07 . Memory (MB): peak = 1986.031 ; gain = 0.000

Phase 3.2 Commit Most Macros & LUTRAMs
Phase 3.2 Commit Most Macros & LUTRAMs | Checksum: 124d094a0

Time (s): cpu = 00:00:11 ; elapsed = 00:00:07 . Memory (MB): peak = 1986.031 ; gain = 0.000

Phase 3.3 Area Swap Optimization
Phase 3.3 Area Swap Optimization | Checksum: 14772191e

Time (s): cpu = 00:00:11 ; elapsed = 00:00:07 . Memory (MB): peak = 1986.031 ; gain = 0.000

Phase 3.4 Pipeline Register Optimization
Phase 3.4 Pipeline Register Optimization | Checksum: 16c559711

Time (s): cpu = 00:00:11 ; elapsed = 00:00:07 . Memory (MB): peak = 1986.031 ; gain = 0.000

Phase 3.5 Small Shape Detail Placement
Phase 3.5 Small Shape Detail Placement | Checksum: 111373d85

Time (s): cpu = 00:00:12 ; elapsed = 00:00:08 . Memory (MB): peak = 1986.031 ; gain = 0.000

Phase 3.6 Re-assign LUT pins
Phase 3.6 Re-assign LUT pins | Checksum: 1216218d3

Time (s): cpu = 00:00:12 ; elapsed = 00:00:08 . Memory (MB): peak = 1986.031 ; gain = 0.000

Phase 3.7 Pipeline Register Optimization
Phase 3.7 Pipeline Register Optimization | Checksum: fc829b22

Time (s): cpu = 00:00:12 ; elapsed = 00:00:08 . Memory (MB): peak = 1986.031 ; gain = 0.000
Phase 3 Detail Placement | Checksum: fc829b22

Time (s): cpu = 00:00:12 ; elapsed = 00:00:08 . Memory (MB): peak = 1986.031 ; gain = 0.000

Phase 4 Post Placement Optimization and Clean-Up

Phase 4.1 Post Commit Optimization
INFO: [Timing 38-35] Done setting XDC timing constraints.

Phase 4.1.1 Post Placement Optimization
Post Placement Optimization Initialization | Checksum: 17ac2c800

Phase 4.1.1.1 BUFG Insertion

Starting Physical Synthesis Task

Phase 1 Physical Synthesis Initialization
INFO: [Physopt 32-721] Multithreading enabled for phys_opt_design using a maximum of 2 CPUs
INFO: [Physopt 32-619] Estimated Timing Summary | WNS=6.826 | TNS=0.000 |
Phase 1 Physical Synthesis Initialization | Checksum: 1c2f8d10a

Time (s): cpu = 00:00:00 ; elapsed = 00:00:00.193 . Memory (MB): peak = 1986.031 ; gain = 0.000
INFO: [Place 46-56] BUFG insertion identified 0 candidate nets. Inserted BUFG: 0, Replicated BUFG Driver: 0, Skipped due to Placement/Routing Conflicts: 0, Skipped due to Timing Degradation: 0, Skipped due to Illegal Netlist: 0.
Ending Physical Synthesis Task | Checksum: 1d67b9ec1

Time (s): cpu = 00:00:00 ; elapsed = 00:00:00.217 . Memory (MB): peak = 1986.031 ; gain = 0.000
Phase 4.1.1.1 BUFG Insertion | Checksum: 17ac2c800

Time (s): cpu = 00:00:14 ; elapsed = 00:00:09 . Memory (MB): peak = 1986.031 ; gain = 0.000
INFO: [Place 30-746] Post Placement Timing Summary WNS=6.826. For the most accurate timing information please run report_timing.

Time (s): cpu = 00:00:14 ; elapsed = 00:00:09 . Memory (MB): peak = 1986.031 ; gain = 0.000
Phase 4.1 Post Commit Optimization | Checksum: 2092386b3

Time (s): cpu = 00:00:14 ; elapsed = 00:00:09 . Memory (MB): peak = 1986.031 ; gain = 0.000

Phase 4.2 Post Placement Cleanup
Phase 4.2 Post Placement Cleanup | Checksum: 2092386b3

Time (s): cpu = 00:00:14 ; elapsed = 00:00:09 . Memory (MB): peak = 1986.031 ; gain = 0.000

Phase 4.3 Placer Reporting

Phase 4.3.1 Print Estimated Congestion
INFO: [Place 30-612] Post-Placement Estimated Congestion 
 ____________________________________________________
|           | Global Congestion | Short Congestion  |
| Direction | Region Size       | Region Size       |
|___________|___________________|___________________|
|      North|                1x1|                1x1|
|___________|___________________|___________________|
|      South|                1x1|                1x1|
|___________|___________________|___________________|
|       East|                1x1|                1x1|
|___________|___________________|___________________|
|       West|                1x1|                1x1|
|___________|___________________|___________________|

Phase 4.3.1 Print Estimated Congestion | Checksum: 2092386b3

Time (s): cpu = 00:00:14 ; elapsed = 00:00:09 . Memory (MB): peak = 1986.031 ; gain = 0.000
Phase 4.3 Placer Reporting | Checksum: 2092386b3

Time (s): cpu = 00:00:15 ; elapsed = 00:00:09 . Memory (MB): peak = 1986.031 ; gain = 0.000

Phase 4.4 Final Placement Cleanup
Netlist sorting complete. Time (s): cpu = 00:00:00 ; elapsed = 00:00:00.001 . Memory (MB): peak = 1986.031 ; gain = 0.000

Time (s): cpu = 00:00:15 ; elapsed = 00:00:09 . Memory (MB): peak = 1986.031 ; gain = 0.000
Phase 4 Post Placement Optimization and Clean-Up | Checksum: 126d081cd

Time (s): cpu = 00:00:15 ; elapsed = 00:00:09 . Memory (MB): peak = 1986.031 ; gain = 0.000
Ending Placer Task | Checksum: 5ce17b17

Time (s): cpu = 00:00:15 ; elapsed = 00:00:09 . Memory (MB): peak = 1986.031 ; gain = 0.000
INFO: [Common 17-83] Releasing license: Implementation
75 Infos, 3 Warnings, 0 Critical Warnings and 0 Errors encountered.
place_design completed successfully
place_design: Time (s): cpu = 00:00:17 ; elapsed = 00:00:11 . Memory (MB): peak = 1986.031 ; gain = 0.000
INFO: [Timing 38-480] Writing timing data to binary archive.
Writing placer database...
Writing XDEF routing.
Writing XDEF routing logical nets.
Writing XDEF routing special nets.
Write XDEF Complete: Time (s): cpu = 00:00:01 ; elapsed = 00:00:00.274 . Memory (MB): peak = 1986.031 ; gain = 0.000
INFO: [Common 17-1381] The checkpoint 'D:/Documents/DVBS2/DVBS2/src/transmitter/6-BaseBandShaping/xilinx_files/fil_prj/fpgaproj/bb_shaping_fil.runs/impl_1/bb_shaping_fil_placed.dcp' has been generated.
INFO: [runtcl-4] Executing : report_io -file bb_shaping_fil_io_placed.rpt
report_io: Time (s): cpu = 00:00:00 ; elapsed = 00:00:00.063 . Memory (MB): peak = 1986.031 ; gain = 0.000
INFO: [runtcl-4] Executing : report_utilization -file bb_shaping_fil_utilization_placed.rpt -pb bb_shaping_fil_utilization_placed.pb
INFO: [runtcl-4] Executing : report_control_sets -verbose -file bb_shaping_fil_control_sets_placed.rpt
report_control_sets: Time (s): cpu = 00:00:00 ; elapsed = 00:00:00.012 . Memory (MB): peak = 1986.031 ; gain = 0.000
Command: phys_opt_design
Attempting to get a license for feature 'Implementation' and/or device 'xc7z020'
INFO: [Common 17-349] Got license for feature 'Implementation' and/or device 'xc7z020'
INFO: [Vivado_Tcl 4-383] Design worst setup slack (WNS) is greater than or equal to 0.000 ns. Skipping all physical synthesis optimizations.
INFO: [Vivado_Tcl 4-232] No setup violation found. The netlist was not modified.
INFO: [Common 17-83] Releasing license: Implementation
84 Infos, 3 Warnings, 0 Critical Warnings and 0 Errors encountered.
phys_opt_design completed successfully
INFO: [Timing 38-480] Writing timing data to binary archive.
Writing placer database...
Writing XDEF routing.
Writing XDEF routing logical nets.
Writing XDEF routing special nets.
Write XDEF Complete: Time (s): cpu = 00:00:01 ; elapsed = 00:00:00.336 . Memory (MB): peak = 1986.031 ; gain = 0.000
INFO: [Common 17-1381] The checkpoint 'D:/Documents/DVBS2/DVBS2/src/transmitter/6-BaseBandShaping/xilinx_files/fil_prj/fpgaproj/bb_shaping_fil.runs/impl_1/bb_shaping_fil_physopt.dcp' has been generated.
Command: route_design
Attempting to get a license for feature 'Implementation' and/or device 'xc7z020'
INFO: [Common 17-349] Got license for feature 'Implementation' and/or device 'xc7z020'
Running DRC as a precondition to command route_design
INFO: [DRC 23-27] Running DRC with 2 threads
INFO: [Vivado_Tcl 4-198] DRC finished with 0 Errors
INFO: [Vivado_Tcl 4-199] Please refer to the DRC report (report_drc) for more information.


Starting Routing Task
INFO: [Route 35-254] Multithreading enabled for route_design using a maximum of 2 CPUs
Checksum: PlaceDB: 4f1115ba ConstDB: 0 ShapeSum: dd0655d RouteDB: 0

Phase 1 Build RT Design
Phase 1 Build RT Design | Checksum: 1b1610b20

Time (s): cpu = 00:00:23 ; elapsed = 00:00:20 . Memory (MB): peak = 2008.570 ; gain = 22.539
Post Restoration Checksum: NetGraph: fabf4bea NumContArr: b6a1bf36 Constraints: 0 Timing: 0

Phase 2 Router Initialization

Phase 2.1 Create Timer
Phase 2.1 Create Timer | Checksum: 1b1610b20

Time (s): cpu = 00:00:23 ; elapsed = 00:00:20 . Memory (MB): peak = 2008.570 ; gain = 22.539

Phase 2.2 Fix Topology Constraints
Phase 2.2 Fix Topology Constraints | Checksum: 1b1610b20

Time (s): cpu = 00:00:23 ; elapsed = 00:00:20 . Memory (MB): peak = 2015.012 ; gain = 28.980

Phase 2.3 Pre Route Cleanup
Phase 2.3 Pre Route Cleanup | Checksum: 1b1610b20

Time (s): cpu = 00:00:23 ; elapsed = 00:00:20 . Memory (MB): peak = 2015.012 ; gain = 28.980
 Number of Nodes with overlaps = 0

Phase 2.4 Update Timing
Phase 2.4 Update Timing | Checksum: 20b8349b9

Time (s): cpu = 00:00:26 ; elapsed = 00:00:22 . Memory (MB): peak = 2035.336 ; gain = 49.305
INFO: [Route 35-416] Intermediate Timing Summary | WNS=7.054  | TNS=0.000  | WHS=-0.299 | THS=-49.473|


Phase 2.5 Update Timing for Bus Skew

Phase 2.5.1 Update Timing
Phase 2.5.1 Update Timing | Checksum: 1cfbc5890

Time (s): cpu = 00:00:27 ; elapsed = 00:00:23 . Memory (MB): peak = 2041.430 ; gain = 55.398
INFO: [Route 35-416] Intermediate Timing Summary | WNS=7.054  | TNS=0.000  | WHS=N/A    | THS=N/A    |

Phase 2.5 Update Timing for Bus Skew | Checksum: 19bcaee64

Time (s): cpu = 00:00:27 ; elapsed = 00:00:23 . Memory (MB): peak = 2054.500 ; gain = 68.469
Phase 2 Router Initialization | Checksum: 18bcf5625

Time (s): cpu = 00:00:27 ; elapsed = 00:00:23 . Memory (MB): peak = 2054.500 ; gain = 68.469

Router Utilization Summary
  Global Vertical Routing Utilization    = 0.00232992 %
  Global Horizontal Routing Utilization  = 0.00211291 %
  Routable Net Status*
  *Does not include unroutable nets such as driverless and loadless.
  Run report_route_status for detailed report.
  Number of Failed Nets               = 3394
    (Failed Nets is the sum of unrouted and partially routed nets)
  Number of Unrouted Nets             = 3394
  Number of Partially Routed Nets     = 0
  Number of Node Overlaps             = 0


Phase 3 Initial Routing

Phase 3.1 Global Routing
Phase 3.1 Global Routing | Checksum: 18bcf5625

Time (s): cpu = 00:00:27 ; elapsed = 00:00:23 . Memory (MB): peak = 2054.500 ; gain = 68.469
Phase 3 Initial Routing | Checksum: 1667de743

Time (s): cpu = 00:00:28 ; elapsed = 00:00:24 . Memory (MB): peak = 2054.500 ; gain = 68.469

Phase 4 Rip-up And Reroute

Phase 4.1 Global Iteration 0
 Number of Nodes with overlaps = 77
 Number of Nodes with overlaps = 0
INFO: [Route 35-416] Intermediate Timing Summary | WNS=5.887  | TNS=0.000  | WHS=N/A    | THS=N/A    |

Phase 4.1 Global Iteration 0 | Checksum: 1076cdea5

Time (s): cpu = 00:00:29 ; elapsed = 00:00:24 . Memory (MB): peak = 2054.500 ; gain = 68.469

Phase 4.2 Global Iteration 1
 Number of Nodes with overlaps = 1
 Number of Nodes with overlaps = 0
INFO: [Route 35-416] Intermediate Timing Summary | WNS=5.887  | TNS=0.000  | WHS=N/A    | THS=N/A    |

Phase 4.2 Global Iteration 1 | Checksum: 114e59f71

Time (s): cpu = 00:00:29 ; elapsed = 00:00:24 . Memory (MB): peak = 2054.500 ; gain = 68.469
Phase 4 Rip-up And Reroute | Checksum: 114e59f71

Time (s): cpu = 00:00:29 ; elapsed = 00:00:24 . Memory (MB): peak = 2054.500 ; gain = 68.469

Phase 5 Delay and Skew Optimization

Phase 5.1 Delay CleanUp
Phase 5.1 Delay CleanUp | Checksum: 114e59f71

Time (s): cpu = 00:00:29 ; elapsed = 00:00:24 . Memory (MB): peak = 2054.500 ; gain = 68.469

Phase 5.2 Clock Skew Optimization
Phase 5.2 Clock Skew Optimization | Checksum: 114e59f71

Time (s): cpu = 00:00:29 ; elapsed = 00:00:24 . Memory (MB): peak = 2054.500 ; gain = 68.469
Phase 5 Delay and Skew Optimization | Checksum: 114e59f71

Time (s): cpu = 00:00:29 ; elapsed = 00:00:24 . Memory (MB): peak = 2054.500 ; gain = 68.469

Phase 6 Post Hold Fix

Phase 6.1 Hold Fix Iter

Phase 6.1.1 Update Timing
Phase 6.1.1 Update Timing | Checksum: 192979647

Time (s): cpu = 00:00:29 ; elapsed = 00:00:25 . Memory (MB): peak = 2054.500 ; gain = 68.469
INFO: [Route 35-416] Intermediate Timing Summary | WNS=5.887  | TNS=0.000  | WHS=0.079  | THS=0.000  |

Phase 6.1 Hold Fix Iter | Checksum: 131edc703

Time (s): cpu = 00:00:29 ; elapsed = 00:00:25 . Memory (MB): peak = 2054.500 ; gain = 68.469
Phase 6 Post Hold Fix | Checksum: 131edc703

Time (s): cpu = 00:00:29 ; elapsed = 00:00:25 . Memory (MB): peak = 2054.500 ; gain = 68.469

Phase 7 Route finalize

Router Utilization Summary
  Global Vertical Routing Utilization    = 0.441856 %
  Global Horizontal Routing Utilization  = 0.63286 %
  Routable Net Status*
  *Does not include unroutable nets such as driverless and loadless.
  Run report_route_status for detailed report.
  Number of Failed Nets               = 0
    (Failed Nets is the sum of unrouted and partially routed nets)
  Number of Unrouted Nets             = 0
  Number of Partially Routed Nets     = 0
  Number of Node Overlaps             = 0

Phase 7 Route finalize | Checksum: 131edc703

Time (s): cpu = 00:00:30 ; elapsed = 00:00:25 . Memory (MB): peak = 2054.500 ; gain = 68.469

Phase 8 Verifying routed nets

 Verification completed successfully
Phase 8 Verifying routed nets | Checksum: 131edc703

Time (s): cpu = 00:00:30 ; elapsed = 00:00:25 . Memory (MB): peak = 2054.500 ; gain = 68.469

Phase 9 Depositing Routes
Phase 9 Depositing Routes | Checksum: cbf5628d

Time (s): cpu = 00:00:30 ; elapsed = 00:00:25 . Memory (MB): peak = 2054.500 ; gain = 68.469

Phase 10 Post Router Timing
INFO: [Route 35-57] Estimated Timing Summary | WNS=5.887  | TNS=0.000  | WHS=0.079  | THS=0.000  |

INFO: [Route 35-327] The final timing numbers are based on the router estimated timing analysis. For a complete and accurate timing signoff, please run report_timing_summary.
Phase 10 Post Router Timing | Checksum: cbf5628d

Time (s): cpu = 00:00:30 ; elapsed = 00:00:25 . Memory (MB): peak = 2054.500 ; gain = 68.469
INFO: [Route 35-16] Router Completed Successfully

Time (s): cpu = 00:00:30 ; elapsed = 00:00:25 . Memory (MB): peak = 2054.500 ; gain = 68.469

Routing Is Done.
INFO: [Common 17-83] Releasing license: Implementation
100 Infos, 3 Warnings, 0 Critical Warnings and 0 Errors encountered.
route_design completed successfully
route_design: Time (s): cpu = 00:00:33 ; elapsed = 00:00:27 . Memory (MB): peak = 2054.500 ; gain = 68.469
INFO: [Timing 38-480] Writing timing data to binary archive.
Writing placer database...
Writing XDEF routing.
Writing XDEF routing logical nets.
Writing XDEF routing special nets.
Write XDEF Complete: Time (s): cpu = 00:00:01 ; elapsed = 00:00:00.369 . Memory (MB): peak = 2065.258 ; gain = 10.758
INFO: [Common 17-1381] The checkpoint 'D:/Documents/DVBS2/DVBS2/src/transmitter/6-BaseBandShaping/xilinx_files/fil_prj/fpgaproj/bb_shaping_fil.runs/impl_1/bb_shaping_fil_routed.dcp' has been generated.
INFO: [runtcl-4] Executing : report_drc -file bb_shaping_fil_drc_routed.rpt -pb bb_shaping_fil_drc_routed.pb -rpx bb_shaping_fil_drc_routed.rpx
Command: report_drc -file bb_shaping_fil_drc_routed.rpt -pb bb_shaping_fil_drc_routed.pb -rpx bb_shaping_fil_drc_routed.rpx
INFO: [IP_Flow 19-1839] IP Catalog is up to date.
INFO: [DRC 23-27] Running DRC with 2 threads
INFO: [Coretcl 2-168] The results of DRC are in file D:/Documents/DVBS2/DVBS2/src/transmitter/6-BaseBandShaping/xilinx_files/fil_prj/fpgaproj/bb_shaping_fil.runs/impl_1/bb_shaping_fil_drc_routed.rpt.
report_drc completed successfully
INFO: [runtcl-4] Executing : report_methodology -file bb_shaping_fil_methodology_drc_routed.rpt -pb bb_shaping_fil_methodology_drc_routed.pb -rpx bb_shaping_fil_methodology_drc_routed.rpx
Command: report_methodology -file bb_shaping_fil_methodology_drc_routed.rpt -pb bb_shaping_fil_methodology_drc_routed.pb -rpx bb_shaping_fil_methodology_drc_routed.rpx
INFO: [Timing 38-35] Done setting XDC timing constraints.
INFO: [DRC 23-133] Running Methodology with 2 threads
INFO: [Coretcl 2-1520] The results of Report Methodology are in file D:/Documents/DVBS2/DVBS2/src/transmitter/6-BaseBandShaping/xilinx_files/fil_prj/fpgaproj/bb_shaping_fil.runs/impl_1/bb_shaping_fil_methodology_drc_routed.rpt.
report_methodology completed successfully
INFO: [runtcl-4] Executing : report_power -file bb_shaping_fil_power_routed.rpt -pb bb_shaping_fil_power_summary_routed.pb -rpx bb_shaping_fil_power_routed.rpx
Command: report_power -file bb_shaping_fil_power_routed.rpt -pb bb_shaping_fil_power_summary_routed.pb -rpx bb_shaping_fil_power_routed.rpx
INFO: [Timing 38-35] Done setting XDC timing constraints.
Running Vector-less Activity Propagation...

Finished Running Vector-less Activity Propagation
112 Infos, 3 Warnings, 0 Critical Warnings and 0 Errors encountered.
report_power completed successfully
INFO: [runtcl-4] Executing : report_route_status -file bb_shaping_fil_route_status.rpt -pb bb_shaping_fil_route_status.pb
INFO: [runtcl-4] Executing : report_timing_summary -max_paths 10 -file bb_shaping_fil_timing_summary_routed.rpt -pb bb_shaping_fil_timing_summary_routed.pb -rpx bb_shaping_fil_timing_summary_routed.rpx -warn_on_violation 
INFO: [Timing 38-91] UpdateTimingParams: Speed grade: -1, Delay Type: min_max.
INFO: [Timing 38-191] Multithreading enabled for timing update using a maximum of 2 CPUs
WARNING: [Timing 38-436] There are set_bus_skew constraint(s) in this design. Please run report_bus_skew to ensure that bus skew requirements are met.
INFO: [runtcl-4] Executing : report_incremental_reuse -file bb_shaping_fil_incremental_reuse_routed.rpt
INFO: [Vivado_Tcl 4-1062] Incremental flow is disabled. No incremental reuse Info to report.
INFO: [runtcl-4] Executing : report_clock_utilization -file bb_shaping_fil_clock_utilization_routed.rpt
INFO: [runtcl-4] Executing : report_bus_skew -warn_on_violation -file bb_shaping_fil_bus_skew_routed.rpt -pb bb_shaping_fil_bus_skew_routed.pb -rpx bb_shaping_fil_bus_skew_routed.rpx
INFO: [Timing 38-91] UpdateTimingParams: Speed grade: -1, Delay Type: min_max.
INFO: [Timing 38-191] Multithreading enabled for timing update using a maximum of 2 CPUs
INFO: [Common 17-206] Exiting Vivado at Sun Jan 31 17:53:17 2021...
