### File Name: D:\Documents\DVBS2\DVBS2\src\transmitter\3-FEC\ldpc\altera_files\fil_prj\ldpc_encoder_fil.log
### Created: 31-Jan-2021 19:23:54
### Generated by MATLAB 9.9 

### FPGA-in-the-Loop Summary
###    Board: Atlas-SoC Kit/DE0-Nano-SoC Kit
###    DUT frequency: 25.0000MHz

### Generating Quartus II project and running HDL compilation ...
###    Project:
###       D:\Documents\DVBS2\DVBS2\src\transmitter\3-FEC\ldpc\altera_files\fil_prj\fpgaproj\ldpc_encoder_fil.qpf
###    Target Device:
###       Cyclone V 5CSEMA4U23C6
###    Property Settings:
###       CYCLONEII_OPTIMIZATION_TECHNIQUE = SPEED
###    User design files:
###       D:\Documents\DVBS2\DVBS2\src\transmitter\3-FEC\ldpc\altera_files\hdlsrc\ldpc_dvbs2_model_v2\ldpc_encoder_pac.vhd
###       D:\Documents\DVBS2\DVBS2\src\transmitter\3-FEC\ldpc\altera_files\hdlsrc\ldpc_dvbs2_model_v2\addresses.vhd
###       D:\Documents\DVBS2\DVBS2\src\transmitter\3-FEC\ldpc\altera_files\hdlsrc\ldpc_dvbs2_model_v2\address_calculator.vhd
###       D:\Documents\DVBS2\DVBS2\src\transmitter\3-FEC\ldpc\altera_files\hdlsrc\ldpc_dvbs2_model_v2\MATLAB_Function.vhd
###       D:\Documents\DVBS2\DVBS2\src\transmitter\3-FEC\ldpc\altera_files\hdlsrc\ldpc_dvbs2_model_v2\p2s.vhd
###       D:\Documents\DVBS2\DVBS2\src\transmitter\3-FEC\ldpc\altera_files\hdlsrc\ldpc_dvbs2_model_v2\ldpc_encoder.vhd
###    Generated files:
###       D:\Documents\DVBS2\DVBS2\src\transmitter\3-FEC\ldpc\altera_files\fil_prj\filsrc\MWClkMgr.vhd
###       D:\Documents\DVBS2\DVBS2\src\transmitter\3-FEC\ldpc\altera_files\fil_prj\filsrc\MWAJTAG.vhd
###       D:\Documents\DVBS2\DVBS2\src\transmitter\3-FEC\ldpc\altera_files\fil_prj\filsrc\MWDPRAM.vhd
###       D:\Documents\DVBS2\DVBS2\src\transmitter\3-FEC\ldpc\altera_files\fil_prj\filsrc\FILUDPCRC.vhd
###       D:\Documents\DVBS2\DVBS2\src\transmitter\3-FEC\ldpc\altera_files\fil_prj\filsrc\FILPktMUX.vhd
###       D:\Documents\DVBS2\DVBS2\src\transmitter\3-FEC\ldpc\altera_files\fil_prj\filsrc\FILCmdProc.vhd
###       D:\Documents\DVBS2\DVBS2\src\transmitter\3-FEC\ldpc\altera_files\fil_prj\filsrc\MWAsyncFIFO.vhd
###       D:\Documents\DVBS2\DVBS2\src\transmitter\3-FEC\ldpc\altera_files\fil_prj\filsrc\FILDataProc.vhd
###       D:\Documents\DVBS2\DVBS2\src\transmitter\3-FEC\ldpc\altera_files\fil_prj\filsrc\MWPKTBuffer.vhd
###       D:\Documents\DVBS2\DVBS2\src\transmitter\3-FEC\ldpc\altera_files\fil_prj\filsrc\MWUDPPKTBuilder.vhd
###       D:\Documents\DVBS2\DVBS2\src\transmitter\3-FEC\ldpc\altera_files\fil_prj\filsrc\FILPktProc.vhd
###       D:\Documents\DVBS2\DVBS2\src\transmitter\3-FEC\ldpc\altera_files\fil_prj\filsrc\FILCommLayer.vhd
###       D:\Documents\DVBS2\DVBS2\src\transmitter\3-FEC\ldpc\altera_files\fil_prj\filsrc\mwfil_dpscram.vhd
###       D:\Documents\DVBS2\DVBS2\src\transmitter\3-FEC\ldpc\altera_files\fil_prj\filsrc\mwfil_udfifo.vhd
###       D:\Documents\DVBS2\DVBS2\src\transmitter\3-FEC\ldpc\altera_files\fil_prj\filsrc\mwfil_bus2dut.vhd
###       D:\Documents\DVBS2\DVBS2\src\transmitter\3-FEC\ldpc\altera_files\fil_prj\filsrc\mwfil_chifcore.vhd
###       D:\Documents\DVBS2\DVBS2\src\transmitter\3-FEC\ldpc\altera_files\fil_prj\filsrc\mwfil_controller.vhd
###       D:\Documents\DVBS2\DVBS2\src\transmitter\3-FEC\ldpc\altera_files\fil_prj\filsrc\mwfil_dut2bus.vhd
###       D:\Documents\DVBS2\DVBS2\src\transmitter\3-FEC\ldpc\altera_files\fil_prj\filsrc\ldpc_encoder_wrapper.vhd
###       D:\Documents\DVBS2\DVBS2\src\transmitter\3-FEC\ldpc\altera_files\fil_prj\filsrc\mwfil_chiftop.vhd
###       D:\Documents\DVBS2\DVBS2\src\transmitter\3-FEC\ldpc\altera_files\fil_prj\filsrc\FILCore.vhd
###       D:\Documents\DVBS2\DVBS2\src\transmitter\3-FEC\ldpc\altera_files\fil_prj\filsrc\ldpc_encoder_fil.vhd
###       D:\Documents\DVBS2\DVBS2\src\transmitter\3-FEC\ldpc\altera_files\fil_prj\filsrc\ldpc_encoder_fil.qsf
###       D:\Documents\DVBS2\DVBS2\src\transmitter\3-FEC\ldpc\altera_files\fil_prj\filsrc\ldpc_encoder_fil.sdc
### 
### Running HDL compilation ...

### HDL compilation completed.

### Running programming file generation outside MATLAB.
### Check external shell for programming file generation progress.
### Programming file location (when process is completed):
###    D:\Documents\DVBS2\DVBS2\src\transmitter\3-FEC\ldpc\altera_files\fil_prj\ldpc_encoder_fil.sof

