Task "Run Synthesis" successful.
Generated logfile: 

****** Vivado v2020.1.1 (64-bit)
  **** SW Build 2960000 on Wed Aug  5 22:57:21 MDT 2020
  **** IP Build 2956692 on Thu Aug  6 01:41:30 MDT 2020
    ** Copyright 1986-2020 Xilinx, Inc. All Rights Reserved.

source ldpc_encoder_Xilinx_Vivado_run.tcl -notrace
### Open existing Xilinx Vivado 2020.1.1 project /home/wardo/Documents/DVBS2/DVBS2/src/transmitter/3-FEC/ldpc/generic_files/vivado_prj/ldpc_encoder_vivado.xpr
Scanning sources...
Finished scanning sources
WARNING: [filemgmt 56-3] Default IP Output Path : Could not find the directory '/home/wardo/Documents/DVBS2/DVBS2/src/transmitter/3-FEC/ldpc/generic_files/vivado_prj/ldpc_encoder_vivado.srcs/sources_1'.
### Running Synthesis in Xilinx Vivado 2020.1.1 ...
[Fri Feb  5 13:10:23 2021] Launched synth_1...
Run output will be captured here: /home/wardo/Documents/DVBS2/DVBS2/src/transmitter/3-FEC/ldpc/generic_files/vivado_prj/ldpc_encoder_vivado.runs/synth_1/runme.log
[Fri Feb  5 13:10:23 2021] Waiting for synth_1 to finish...

*** Running vivado
    with args -log ldpc_encoder.vds -m64 -product Vivado -mode batch -messageDb vivado.pb -notrace -source ldpc_encoder.tcl


****** Vivado v2020.1.1 (64-bit)
  **** SW Build 2960000 on Wed Aug  5 22:57:21 MDT 2020
  **** IP Build 2956692 on Thu Aug  6 01:41:30 MDT 2020
    ** Copyright 1986-2020 Xilinx, Inc. All Rights Reserved.

source ldpc_encoder.tcl -notrace
Command: synth_design -top ldpc_encoder -part xc7z020clg400-1 -mode out_of_context
Starting synth_design
Attempting to get a license for feature 'Synthesis' and/or device 'xc7z020'
INFO: [Common 17-349] Got license for feature 'Synthesis' and/or device 'xc7z020'
INFO: [Synth 8-7079] Multithreading enabled for synth_design using a maximum of 4 processes.
INFO: [Synth 8-7078] Launching helper process for spawning children vivado processes
INFO: [Synth 8-7075] Helper process launched with PID 14642
---------------------------------------------------------------------------------
Starting Synthesize : Time (s): cpu = 00:00:04 ; elapsed = 00:00:05 . Memory (MB): peak = 2149.562 ; gain = 0.000 ; free physical = 12901 ; free virtual = 22120
---------------------------------------------------------------------------------
INFO: [Synth 8-638] synthesizing module 'ldpc_encoder' [/home/wardo/Documents/DVBS2/DVBS2/src/transmitter/3-FEC/ldpc/generic_files/hdlsrc/Copy_of_ldpc_dvbs2_model_v2/ldpc_encoder.vhd:24]
INFO: [Synth 8-3491] module 'address_calculator' declared at '/home/wardo/Documents/DVBS2/DVBS2/src/transmitter/3-FEC/ldpc/generic_files/hdlsrc/Copy_of_ldpc_dvbs2_model_v2/address_calculator.vhd:9' bound to instance 'u_address_calculator' of component 'address_calculator' [/home/wardo/Documents/DVBS2/DVBS2/src/transmitter/3-FEC/ldpc/generic_files/hdlsrc/Copy_of_ldpc_dvbs2_model_v2/ldpc_encoder.vhd:66]
INFO: [Synth 8-638] synthesizing module 'address_calculator' [/home/wardo/Documents/DVBS2/DVBS2/src/transmitter/3-FEC/ldpc/generic_files/hdlsrc/Copy_of_ldpc_dvbs2_model_v2/address_calculator.vhd:19]
INFO: [Synth 8-3491] module 'addresses' declared at '/home/wardo/Documents/DVBS2/DVBS2/src/transmitter/3-FEC/ldpc/generic_files/hdlsrc/Copy_of_ldpc_dvbs2_model_v2/addresses.vhd:9' bound to instance 'u_addresses' of component 'addresses' [/home/wardo/Documents/DVBS2/DVBS2/src/transmitter/3-FEC/ldpc/generic_files/hdlsrc/Copy_of_ldpc_dvbs2_model_v2/address_calculator.vhd:42]
INFO: [Synth 8-638] synthesizing module 'addresses' [/home/wardo/Documents/DVBS2/DVBS2/src/transmitter/3-FEC/ldpc/generic_files/hdlsrc/Copy_of_ldpc_dvbs2_model_v2/addresses.vhd:18]
INFO: [Synth 8-256] done synthesizing module 'addresses' (1#1) [/home/wardo/Documents/DVBS2/DVBS2/src/transmitter/3-FEC/ldpc/generic_files/hdlsrc/Copy_of_ldpc_dvbs2_model_v2/addresses.vhd:18]
INFO: [Synth 8-256] done synthesizing module 'address_calculator' (2#1) [/home/wardo/Documents/DVBS2/DVBS2/src/transmitter/3-FEC/ldpc/generic_files/hdlsrc/Copy_of_ldpc_dvbs2_model_v2/address_calculator.vhd:19]
INFO: [Synth 8-3491] module 'fsm_select_xor' declared at '/home/wardo/Documents/DVBS2/DVBS2/src/transmitter/3-FEC/ldpc/generic_files/hdlsrc/Copy_of_ldpc_dvbs2_model_v2/fsm_select_xor.vhd:9' bound to instance 'u_fsm_select_xor' of component 'fsm_select_xor' [/home/wardo/Documents/DVBS2/DVBS2/src/transmitter/3-FEC/ldpc/generic_files/hdlsrc/Copy_of_ldpc_dvbs2_model_v2/ldpc_encoder.vhd:74]
INFO: [Synth 8-638] synthesizing module 'fsm_select_xor' [/home/wardo/Documents/DVBS2/DVBS2/src/transmitter/3-FEC/ldpc/generic_files/hdlsrc/Copy_of_ldpc_dvbs2_model_v2/fsm_select_xor.vhd:23]
INFO: [Synth 8-256] done synthesizing module 'fsm_select_xor' (3#1) [/home/wardo/Documents/DVBS2/DVBS2/src/transmitter/3-FEC/ldpc/generic_files/hdlsrc/Copy_of_ldpc_dvbs2_model_v2/fsm_select_xor.vhd:23]
INFO: [Synth 8-256] done synthesizing module 'ldpc_encoder' (4#1) [/home/wardo/Documents/DVBS2/DVBS2/src/transmitter/3-FEC/ldpc/generic_files/hdlsrc/Copy_of_ldpc_dvbs2_model_v2/ldpc_encoder.vhd:24]
---------------------------------------------------------------------------------
Finished Synthesize : Time (s): cpu = 00:04:43 ; elapsed = 00:04:49 . Memory (MB): peak = 3934.469 ; gain = 1784.906 ; free physical = 12463 ; free virtual = 21716
---------------------------------------------------------------------------------
---------------------------------------------------------------------------------
Finished Constraint Validation : Time (s): cpu = 00:04:48 ; elapsed = 00:04:54 . Memory (MB): peak = 3934.469 ; gain = 1784.906 ; free physical = 12506 ; free virtual = 21746
---------------------------------------------------------------------------------
INFO: [Synth 8-802] inferred FSM for state register 'moore_state_machine_reg' in module 'fsm_select_xor'
---------------------------------------------------------------------------------------------------
                   State |                     New Encoding |                Previous Encoding 
---------------------------------------------------------------------------------------------------
                  iSTATE |                               00 |                               10
                 iSTATE0 |                               01 |                               00
                 iSTATE1 |                               10 |                               01
---------------------------------------------------------------------------------------------------
INFO: [Synth 8-3354] encoded FSM with state register 'moore_state_machine_reg' using encoding 'sequential' in module 'fsm_select_xor'
---------------------------------------------------------------------------------
Finished RTL Optimization Phase 2 : Time (s): cpu = 00:10:35 ; elapsed = 00:10:43 . Memory (MB): peak = 5914.660 ; gain = 3765.098 ; free physical = 7567 ; free virtual = 16825
---------------------------------------------------------------------------------
No constraint files found.
---------------------------------------------------------------------------------
Start RTL Component Statistics 
---------------------------------------------------------------------------------
Detailed RTL Component Info : 
+---Adders : 
	   2 Input   16 Bit       Adders := 1     
	   3 Input   16 Bit       Adders := 12    
	   2 Input   14 Bit       Adders := 13    
	   2 Input    9 Bit       Adders := 1     
	   2 Input    8 Bit       Adders := 1     
+---XORs : 
	   2 Input      1 Bit         XORs := 1     
+---Registers : 
	                9 Bit    Registers := 1     
	                8 Bit    Registers := 1     
	                1 Bit    Registers := 1     
+---Muxes : 
	   2 Input 16201 Bit        Muxes := 2     
	   3 Input 16201 Bit        Muxes := 1     
	  16 Input   14 Bit        Muxes := 9     
	   2 Input    9 Bit        Muxes := 2     
	 135 Input    4 Bit        Muxes := 9     
	   3 Input    2 Bit        Muxes := 1     
	   3 Input    1 Bit        Muxes := 4     
	   2 Input    1 Bit        Muxes := 3     
---------------------------------------------------------------------------------
Finished RTL Component Statistics 
---------------------------------------------------------------------------------
---------------------------------------------------------------------------------
Start Part Resource Summary
---------------------------------------------------------------------------------
Part Resources:
DSPs: 220 (col length:60)
BRAMs: 280 (col length: RAMB18 60 RAMB36 30)
---------------------------------------------------------------------------------
Finished Part Resource Summary
---------------------------------------------------------------------------------
No constraint files found.
---------------------------------------------------------------------------------
Start Cross Boundary and Area Optimization
---------------------------------------------------------------------------------
---------------------------------------------------------------------------------
Finished Cross Boundary and Area Optimization : Time (s): cpu = 00:15:55 ; elapsed = 00:16:14 . Memory (MB): peak = 6118.586 ; gain = 3969.023 ; free physical = 7668 ; free virtual = 17326
---------------------------------------------------------------------------------
---------------------------------------------------------------------------------
Start ROM, RAM, DSP and Shift Register Reporting
---------------------------------------------------------------------------------

ROM: Preliminary Mapping	Report
+-------------+------------------------------------------+---------------+----------------+
|Module Name  | RTL Object                               | Depth x Width | Implemented As | 
+-------------+------------------------------------------+---------------+----------------+
|addresses    | nc[0,0]                                  | 256x6         | LUT            | 
|addresses    | nc[0,1]                                  | 256x14        | LUT            | 
|addresses    | nc[0,2]                                  | 256x14        | LUT            | 
|ldpc_encoder | u_address_calculator/u_addresses/nc[0,0] | 256x6         | LUT            | 
|ldpc_encoder | u_address_calculator/u_addresses/nc[0,1] | 256x14        | LUT            | 
|ldpc_encoder | u_address_calculator/u_addresses/nc[0,2] | 256x14        | LUT            | 
+-------------+------------------------------------------+---------------+----------------+

---------------------------------------------------------------------------------
Finished ROM, RAM, DSP and Shift Register Reporting
---------------------------------------------------------------------------------
No constraint files found.
---------------------------------------------------------------------------------
Start Timing Optimization
---------------------------------------------------------------------------------
---------------------------------------------------------------------------------
Finished Timing Optimization : Time (s): cpu = 00:16:21 ; elapsed = 00:16:41 . Memory (MB): peak = 6118.586 ; gain = 3969.023 ; free physical = 7593 ; free virtual = 17488
---------------------------------------------------------------------------------
---------------------------------------------------------------------------------
Start Technology Mapping
---------------------------------------------------------------------------------
---------------------------------------------------------------------------------
Finished Technology Mapping : Time (s): cpu = 00:17:48 ; elapsed = 00:18:06 . Memory (MB): peak = 6254.754 ; gain = 4105.191 ; free physical = 7437 ; free virtual = 17366
---------------------------------------------------------------------------------
---------------------------------------------------------------------------------
Start IO Insertion
---------------------------------------------------------------------------------
---------------------------------------------------------------------------------
Start Flattening Before IO Insertion
---------------------------------------------------------------------------------
---------------------------------------------------------------------------------
Finished Flattening Before IO Insertion
---------------------------------------------------------------------------------
---------------------------------------------------------------------------------
Start Final Netlist Cleanup
---------------------------------------------------------------------------------
---------------------------------------------------------------------------------
Finished Final Netlist Cleanup
---------------------------------------------------------------------------------
---------------------------------------------------------------------------------
Finished IO Insertion : Time (s): cpu = 00:18:51 ; elapsed = 00:19:10 . Memory (MB): peak = 6254.754 ; gain = 4105.191 ; free physical = 7364 ; free virtual = 17461
---------------------------------------------------------------------------------
---------------------------------------------------------------------------------
Start Renaming Generated Instances
---------------------------------------------------------------------------------
---------------------------------------------------------------------------------
Finished Renaming Generated Instances : Time (s): cpu = 00:18:53 ; elapsed = 00:19:13 . Memory (MB): peak = 6254.754 ; gain = 4105.191 ; free physical = 7349 ; free virtual = 17446
---------------------------------------------------------------------------------
---------------------------------------------------------------------------------
Start Rebuilding User Hierarchy
---------------------------------------------------------------------------------
---------------------------------------------------------------------------------
Finished Rebuilding User Hierarchy : Time (s): cpu = 00:19:41 ; elapsed = 00:20:01 . Memory (MB): peak = 6254.754 ; gain = 4105.191 ; free physical = 7294 ; free virtual = 17390
---------------------------------------------------------------------------------
---------------------------------------------------------------------------------
Start Renaming Generated Ports
---------------------------------------------------------------------------------
---------------------------------------------------------------------------------
Finished Renaming Generated Ports : Time (s): cpu = 00:19:46 ; elapsed = 00:20:06 . Memory (MB): peak = 6254.754 ; gain = 4105.191 ; free physical = 7294 ; free virtual = 17391
---------------------------------------------------------------------------------
---------------------------------------------------------------------------------
Start Handling Custom Attributes
---------------------------------------------------------------------------------
---------------------------------------------------------------------------------
Finished Handling Custom Attributes : Time (s): cpu = 00:20:30 ; elapsed = 00:20:51 . Memory (MB): peak = 6254.754 ; gain = 4105.191 ; free physical = 7286 ; free virtual = 17382
---------------------------------------------------------------------------------
---------------------------------------------------------------------------------
Start Renaming Generated Nets
---------------------------------------------------------------------------------
---------------------------------------------------------------------------------
Finished Renaming Generated Nets : Time (s): cpu = 00:20:33 ; elapsed = 00:20:55 . Memory (MB): peak = 6254.754 ; gain = 4105.191 ; free physical = 7292 ; free virtual = 17389
---------------------------------------------------------------------------------
---------------------------------------------------------------------------------
Start Writing Synthesis Report
---------------------------------------------------------------------------------

Report BlackBoxes: 
+-+--------------+----------+
| |BlackBox name |Instances |
+-+--------------+----------+
+-+--------------+----------+

Report Cell Usage: 
+------+-------+-------+
|      |Cell   |Count  |
+------+-------+-------+
|1     |CARRY4 |    151|
|2     |LUT1   |    172|
|3     |LUT2   | 113680|
|4     |LUT3   |  32700|
|5     |LUT4   |  81114|
|6     |LUT5   |  37020|
|7     |LUT6   | 246349|
|8     |MUXF7  |  37833|
|9     |MUXF8  |  18670|
|10    |FDRE   |  16256|
|11    |FDSE   |      5|
+------+-------+-------+

Report Instance Areas: 
+------+-----------------------+-------------------+-------+
|      |Instance               |Module             |Cells  |
+------+-----------------------+-------------------+-------+
|1     |top                    |                   | 583950|
|2     |  u_address_calculator |address_calculator | 507657|
|3     |    u_addresses        |addresses          | 507584|
|4     |  u_fsm_select_xor     |fsm_select_xor     |  76292|
+------+-----------------------+-------------------+-------+
---------------------------------------------------------------------------------
Finished Writing Synthesis Report : Time (s): cpu = 00:20:33 ; elapsed = 00:20:55 . Memory (MB): peak = 6254.754 ; gain = 4105.191 ; free physical = 7292 ; free virtual = 17389
---------------------------------------------------------------------------------
Synthesis finished with 0 errors, 0 critical warnings and 0 warnings.
Synthesis Optimization Runtime : Time (s): cpu = 00:20:38 ; elapsed = 00:20:56 . Memory (MB): peak = 6254.754 ; gain = 4105.191 ; free physical = 11391 ; free virtual = 21487
Synthesis Optimization Complete : Time (s): cpu = 00:20:38 ; elapsed = 00:20:56 . Memory (MB): peak = 6254.754 ; gain = 4105.191 ; free physical = 11421 ; free virtual = 21488
INFO: [Project 1-571] Translating synthesized netlist
Netlist sorting complete. Time (s): cpu = 00:00:07 ; elapsed = 00:00:07 . Memory (MB): peak = 6254.754 ; gain = 0.000 ; free physical = 10943 ; free virtual = 21010
INFO: [Netlist 29-17] Analyzing 56654 Unisim elements for replacement
INFO: [Netlist 29-28] Unisim Transformation completed in 1 CPU seconds
WARNING: [Netlist 29-101] Netlist 'ldpc_encoder' is not ideal for floorplanning, since the cellview 'addresses' contains a large number of primitives.  Please consider enabling hierarchy in synthesis if you want to do floorplanning.
INFO: [Project 1-570] Preparing netlist for logic optimization
INFO: [Opt 31-138] Pushed 0 inverter(s) to 0 load pin(s).
Netlist sorting complete. Time (s): cpu = 00:00:00.13 ; elapsed = 00:00:00.13 . Memory (MB): peak = 6298.855 ; gain = 0.000 ; free physical = 12446 ; free virtual = 21788
INFO: [Project 1-111] Unisim Transformation Summary:
No Unisim elements were transformed.

INFO: [Common 17-83] Releasing license: Synthesis
25 Infos, 1 Warnings, 0 Critical Warnings and 0 Errors encountered.
synth_design completed successfully
synth_design: Time (s): cpu = 00:23:27 ; elapsed = 00:23:23 . Memory (MB): peak = 6298.855 ; gain = 4149.387 ; free physical = 12968 ; free virtual = 22310
INFO: [Timing 38-35] Done setting XDC timing constraints.
INFO: [Common 17-1381] The checkpoint '/home/wardo/Documents/DVBS2/DVBS2/src/transmitter/3-FEC/ldpc/generic_files/vivado_prj/ldpc_encoder_vivado.runs/synth_1/ldpc_encoder.dcp' has been generated.
write_checkpoint: Time (s): cpu = 00:01:36 ; elapsed = 00:01:07 . Memory (MB): peak = 6394.902 ; gain = 96.047 ; free physical = 12189 ; free virtual = 21583
INFO: [runtcl-4] Executing : report_utilization -file ldpc_encoder_utilization_synth.rpt -pb ldpc_encoder_utilization_synth.pb
INFO: [Common 17-206] Exiting Vivado at Fri Feb  5 13:35:07 2021...
[Fri Feb  5 13:35:10 2021] synth_1 finished
wait_on_run: Time (s): cpu = 00:25:18 ; elapsed = 00:24:47 . Memory (MB): peak = 2150.566 ; gain = 0.000 ; free physical = 15636 ; free virtual = 24174
### Synthesis Complete.
### Running PostMapTiming in Xilinx Vivado 2020.1.1 ...
Design is defaulting to impl run constrset: constrs_1
Design is defaulting to synth run part: xc7z020clg400-1
INFO: [Device 21-403] Loading part xc7z020clg400-1
Netlist sorting complete. Time (s): cpu = 00:00:04 ; elapsed = 00:00:04 . Memory (MB): peak = 2421.965 ; gain = 4.000 ; free physical = 14871 ; free virtual = 23410
INFO: [Netlist 29-17] Analyzing 56654 Unisim elements for replacement
INFO: [Netlist 29-28] Unisim Transformation completed in 0 CPU seconds
WARNING: [Netlist 29-101] Netlist 'ldpc_encoder' is not ideal for floorplanning, since the cellview 'addresses' contains a large number of primitives.  Please consider enabling hierarchy in synthesis if you want to do floorplanning.
INFO: [Project 1-479] Netlist was created with Vivado 2020.1.1
INFO: [Project 1-570] Preparing netlist for logic optimization
INFO: [Opt 31-138] Pushed 0 inverter(s) to 0 load pin(s).
Netlist sorting complete. Time (s): cpu = 00:00:00.06 ; elapsed = 00:00:00.06 . Memory (MB): peak = 2811.969 ; gain = 0.000 ; free physical = 14643 ; free virtual = 23181
INFO: [Project 1-111] Unisim Transformation Summary:
No Unisim elements were transformed.

open_run: Time (s): cpu = 00:01:29 ; elapsed = 00:01:27 . Memory (MB): peak = 2811.969 ; gain = 661.402 ; free physical = 14642 ; free virtual = 23181
WARNING: [Common 17-708] report_timing_summary: The '-name' option will be ignored because it is only relevant in GUI mode.
INFO: [Timing 38-35] Done setting XDC timing constraints.
INFO: [Timing 38-91] UpdateTimingParams: Speed grade: -1, Delay Type: min_max.
INFO: [Timing 38-191] Multithreading enabled for timing update using a maximum of 8 CPUs
WARNING: [Timing 38-493] Port clk has one or several leaf clock pins in its transitive fanout without any clock buffer on the path and no clock reaching the clock pin(s). Vivado cannot infer the clock source when no clock buffer is found on the path to a leaf clock pin.
WARNING: [Timing 38-242] The property HD.CLK_SRC of clock port "clk" is not set. In out-of-context mode, this prevents timing estimation for clock delay/skew
Resolution: Set the HD.CLK_SRC property of the out-of-context port to the location of the clock buffer instance in the top-level design
report_timing_summary: Time (s): cpu = 00:03:01 ; elapsed = 00:00:50 . Memory (MB): peak = 3988.074 ; gain = 1176.105 ; free physical = 13532 ; free virtual = 22072
### PostMapTiming Complete.
### Close Xilinx Vivado 2020.1.1 project.
INFO: [Common 17-206] Exiting Vivado at Fri Feb  5 13:50:05 2021...

Elapsed time is 2395.1602 seconds.
