
*** Running vivado
    with args -log stream_adapt.vds -m64 -product Vivado -mode batch -messageDb vivado.pb -notrace -source stream_adapt.tcl


****** Vivado v2020.1.1 (64-bit)
  **** SW Build 2960000 on Wed Aug  5 22:57:21 MDT 2020
  **** IP Build 2956692 on Thu Aug  6 01:41:30 MDT 2020
    ** Copyright 1986-2020 Xilinx, Inc. All Rights Reserved.

source stream_adapt.tcl -notrace
Command: synth_design -top stream_adapt -part xc7z020clg400-1 -mode out_of_context
Starting synth_design
Attempting to get a license for feature 'Synthesis' and/or device 'xc7z020'
INFO: [Common 17-349] Got license for feature 'Synthesis' and/or device 'xc7z020'
INFO: [Synth 8-7079] Multithreading enabled for synth_design using a maximum of 4 processes.
INFO: [Synth 8-7078] Launching helper process for spawning children vivado processes
INFO: [Synth 8-7075] Helper process launched with PID 19842
---------------------------------------------------------------------------------
Starting Synthesize : Time (s): cpu = 00:00:03 ; elapsed = 00:00:05 . Memory (MB): peak = 2149.562 ; gain = 0.000 ; free physical = 15190 ; free virtual = 23139
---------------------------------------------------------------------------------
INFO: [Synth 8-638] synthesizing module 'stream_adapt' [/home/wardo/Documents/DVBS2/DVBS2/src/transmitter/2-StreamAdaptation/xilinx_files/hdlsrc/stream_adaptation_model/stream_adapt.vhd:55]
INFO: [Synth 8-256] done synthesizing module 'stream_adapt' (1#1) [/home/wardo/Documents/DVBS2/DVBS2/src/transmitter/2-StreamAdaptation/xilinx_files/hdlsrc/stream_adaptation_model/stream_adapt.vhd:55]
---------------------------------------------------------------------------------
Finished Synthesize : Time (s): cpu = 00:00:04 ; elapsed = 00:00:07 . Memory (MB): peak = 2149.562 ; gain = 0.000 ; free physical = 15228 ; free virtual = 23178
---------------------------------------------------------------------------------
---------------------------------------------------------------------------------
Finished Constraint Validation : Time (s): cpu = 00:00:05 ; elapsed = 00:00:07 . Memory (MB): peak = 2149.562 ; gain = 0.000 ; free physical = 15222 ; free virtual = 23173
---------------------------------------------------------------------------------
---------------------------------------------------------------------------------
Start Loading Part and Timing Information
---------------------------------------------------------------------------------
Loading part: xc7z020clg400-1
---------------------------------------------------------------------------------
INFO: [Device 21-403] Loading part xc7z020clg400-1
Finished Loading Part and Timing Information : Time (s): cpu = 00:00:05 ; elapsed = 00:00:07 . Memory (MB): peak = 2157.473 ; gain = 7.910 ; free physical = 15221 ; free virtual = 23172
---------------------------------------------------------------------------------
---------------------------------------------------------------------------------
Finished RTL Optimization Phase 2 : Time (s): cpu = 00:00:05 ; elapsed = 00:00:07 . Memory (MB): peak = 2157.473 ; gain = 7.910 ; free physical = 15215 ; free virtual = 23166
---------------------------------------------------------------------------------
No constraint files found.
---------------------------------------------------------------------------------
Start RTL Component Statistics 
---------------------------------------------------------------------------------
Detailed RTL Component Info : 
+---Adders : 
	   2 Input   16 Bit       Adders := 1     
+---XORs : 
	   2 Input      1 Bit         XORs := 2     
+---Registers : 
	               16 Bit    Registers := 1     
	                1 Bit    Registers := 17    
+---Muxes : 
	   2 Input   16 Bit        Muxes := 3     
	   2 Input    1 Bit        Muxes := 10    
---------------------------------------------------------------------------------
Finished RTL Component Statistics 
---------------------------------------------------------------------------------
---------------------------------------------------------------------------------
Start Part Resource Summary
---------------------------------------------------------------------------------
Part Resources:
DSPs: 220 (col length:60)
BRAMs: 280 (col length: RAMB18 60 RAMB36 30)
---------------------------------------------------------------------------------
Finished Part Resource Summary
---------------------------------------------------------------------------------
No constraint files found.
---------------------------------------------------------------------------------
Start Cross Boundary and Area Optimization
---------------------------------------------------------------------------------
---------------------------------------------------------------------------------
Finished Cross Boundary and Area Optimization : Time (s): cpu = 00:00:10 ; elapsed = 00:00:24 . Memory (MB): peak = 2157.473 ; gain = 7.910 ; free physical = 14945 ; free virtual = 22931
---------------------------------------------------------------------------------
No constraint files found.
---------------------------------------------------------------------------------
Start Timing Optimization
---------------------------------------------------------------------------------
---------------------------------------------------------------------------------
Finished Timing Optimization : Time (s): cpu = 00:00:10 ; elapsed = 00:00:24 . Memory (MB): peak = 2157.473 ; gain = 7.910 ; free physical = 14943 ; free virtual = 22929
---------------------------------------------------------------------------------
---------------------------------------------------------------------------------
Start Technology Mapping
---------------------------------------------------------------------------------
---------------------------------------------------------------------------------
Finished Technology Mapping : Time (s): cpu = 00:00:10 ; elapsed = 00:00:24 . Memory (MB): peak = 2157.473 ; gain = 7.910 ; free physical = 14943 ; free virtual = 22929
---------------------------------------------------------------------------------
---------------------------------------------------------------------------------
Start IO Insertion
---------------------------------------------------------------------------------
---------------------------------------------------------------------------------
Start Flattening Before IO Insertion
---------------------------------------------------------------------------------
---------------------------------------------------------------------------------
Finished Flattening Before IO Insertion
---------------------------------------------------------------------------------
---------------------------------------------------------------------------------
Start Final Netlist Cleanup
---------------------------------------------------------------------------------
---------------------------------------------------------------------------------
Finished Final Netlist Cleanup
---------------------------------------------------------------------------------
---------------------------------------------------------------------------------
Finished IO Insertion : Time (s): cpu = 00:00:12 ; elapsed = 00:00:27 . Memory (MB): peak = 2157.473 ; gain = 7.910 ; free physical = 14943 ; free virtual = 22929
---------------------------------------------------------------------------------
---------------------------------------------------------------------------------
Start Renaming Generated Instances
---------------------------------------------------------------------------------
---------------------------------------------------------------------------------
Finished Renaming Generated Instances : Time (s): cpu = 00:00:12 ; elapsed = 00:00:27 . Memory (MB): peak = 2157.473 ; gain = 7.910 ; free physical = 14943 ; free virtual = 22929
---------------------------------------------------------------------------------
---------------------------------------------------------------------------------
Start Rebuilding User Hierarchy
---------------------------------------------------------------------------------
---------------------------------------------------------------------------------
Finished Rebuilding User Hierarchy : Time (s): cpu = 00:00:12 ; elapsed = 00:00:27 . Memory (MB): peak = 2157.473 ; gain = 7.910 ; free physical = 14943 ; free virtual = 22929
---------------------------------------------------------------------------------
---------------------------------------------------------------------------------
Start Renaming Generated Ports
---------------------------------------------------------------------------------
---------------------------------------------------------------------------------
Finished Renaming Generated Ports : Time (s): cpu = 00:00:12 ; elapsed = 00:00:27 . Memory (MB): peak = 2157.473 ; gain = 7.910 ; free physical = 14943 ; free virtual = 22929
---------------------------------------------------------------------------------
---------------------------------------------------------------------------------
Start Handling Custom Attributes
---------------------------------------------------------------------------------
---------------------------------------------------------------------------------
Finished Handling Custom Attributes : Time (s): cpu = 00:00:12 ; elapsed = 00:00:27 . Memory (MB): peak = 2157.473 ; gain = 7.910 ; free physical = 14943 ; free virtual = 22929
---------------------------------------------------------------------------------
---------------------------------------------------------------------------------
Start Renaming Generated Nets
---------------------------------------------------------------------------------
---------------------------------------------------------------------------------
Finished Renaming Generated Nets : Time (s): cpu = 00:00:12 ; elapsed = 00:00:27 . Memory (MB): peak = 2157.473 ; gain = 7.910 ; free physical = 14943 ; free virtual = 22929
---------------------------------------------------------------------------------
---------------------------------------------------------------------------------
Start Writing Synthesis Report
---------------------------------------------------------------------------------

Report BlackBoxes: 
+-+--------------+----------+
| |BlackBox name |Instances |
+-+--------------+----------+
+-+--------------+----------+

Report Cell Usage: 
+------+-------+------+
|      |Cell   |Count |
+------+-------+------+
|1     |CARRY4 |     4|
|2     |LUT2   |    27|
|3     |LUT3   |     7|
|4     |LUT4   |     3|
|5     |LUT5   |     3|
|6     |LUT6   |     3|
|7     |FDCE   |    33|
+------+-------+------+

Report Instance Areas: 
+------+---------+-------+------+
|      |Instance |Module |Cells |
+------+---------+-------+------+
|1     |top      |       |    80|
+------+---------+-------+------+
---------------------------------------------------------------------------------
Finished Writing Synthesis Report : Time (s): cpu = 00:00:12 ; elapsed = 00:00:27 . Memory (MB): peak = 2157.473 ; gain = 7.910 ; free physical = 14943 ; free virtual = 22929
---------------------------------------------------------------------------------
Synthesis finished with 0 errors, 0 critical warnings and 0 warnings.
Synthesis Optimization Runtime : Time (s): cpu = 00:00:12 ; elapsed = 00:00:27 . Memory (MB): peak = 2157.473 ; gain = 7.910 ; free physical = 14944 ; free virtual = 22930
Synthesis Optimization Complete : Time (s): cpu = 00:00:12 ; elapsed = 00:00:27 . Memory (MB): peak = 2157.480 ; gain = 7.910 ; free physical = 14945 ; free virtual = 22931
INFO: [Project 1-571] Translating synthesized netlist
Netlist sorting complete. Time (s): cpu = 00:00:00 ; elapsed = 00:00:00 . Memory (MB): peak = 2157.480 ; gain = 0.000 ; free physical = 15013 ; free virtual = 22999
INFO: [Netlist 29-17] Analyzing 4 Unisim elements for replacement
INFO: [Netlist 29-28] Unisim Transformation completed in 0 CPU seconds
INFO: [Project 1-570] Preparing netlist for logic optimization
INFO: [Opt 31-138] Pushed 0 inverter(s) to 0 load pin(s).
Netlist sorting complete. Time (s): cpu = 00:00:00 ; elapsed = 00:00:00 . Memory (MB): peak = 2247.312 ; gain = 0.000 ; free physical = 14917 ; free virtual = 22916
INFO: [Project 1-111] Unisim Transformation Summary:
No Unisim elements were transformed.

INFO: [Common 17-83] Releasing license: Synthesis
14 Infos, 0 Warnings, 0 Critical Warnings and 0 Errors encountered.
synth_design completed successfully
synth_design: Time (s): cpu = 00:00:18 ; elapsed = 00:00:29 . Memory (MB): peak = 2247.312 ; gain = 97.844 ; free physical = 15058 ; free virtual = 23057
INFO: [Timing 38-35] Done setting XDC timing constraints.
INFO: [Common 17-1381] The checkpoint '/home/wardo/Documents/DVBS2/DVBS2/src/transmitter/2-StreamAdaptation/xilinx_files/vivado_prj/stream_adapt_vivado.runs/synth_1/stream_adapt.dcp' has been generated.
write_checkpoint: Time (s): cpu = 00:00:07 ; elapsed = 00:00:09 . Memory (MB): peak = 2650.344 ; gain = 403.031 ; free physical = 14650 ; free virtual = 22684
INFO: [runtcl-4] Executing : report_utilization -file stream_adapt_utilization_synth.rpt -pb stream_adapt_utilization_synth.pb
INFO: [Common 17-206] Exiting Vivado at Fri Feb  5 00:55:57 2021...
