### File Name: D:\Documents\DVBS2\DVBS2\src\transmitter\6-BaseBandShaping\xilinx_files\fil_prj\bb_shaping_fil.log
### Created: 31-Jan-2021 17:51:35
### Generated by MATLAB 9.9 

### FPGA-in-the-Loop Summary
###    Board: ZedBoard
###    DUT frequency: 25.0000MHz

### Generating Vivado project and running HDL compilation ...
###    Project:
###       D:\Documents\DVBS2\DVBS2\src\transmitter\6-BaseBandShaping\xilinx_files\fil_prj\fpgaproj\bb_shaping_fil.xpr
###    Target Device:
###       Zynq xc7z020-1clg484
###    Property Settings:
###    User design files:
###       D:\Documents\DVBS2\DVBS2\src\transmitter\6-BaseBandShaping\xilinx_files\hdlsrc\base_band_shaping_model\FIR_Interpolation.vhd
###       D:\Documents\DVBS2\DVBS2\src\transmitter\6-BaseBandShaping\xilinx_files\hdlsrc\base_band_shaping_model\FIR_Interpolation1.vhd
###       D:\Documents\DVBS2\DVBS2\src\transmitter\6-BaseBandShaping\xilinx_files\hdlsrc\base_band_shaping_model\bb_shaping.vhd
###    Generating Xilinx DCM and FIFO IP
###    Generated files:
###       D:\Documents\DVBS2\DVBS2\src\transmitter\6-BaseBandShaping\xilinx_files\fil_prj\filsrc\jtag_mac.v
###       D:\Documents\DVBS2\DVBS2\src\transmitter\6-BaseBandShaping\xilinx_files\fil_prj\filsrc\jtag_mac_fifo_wrapper.vhd
###       D:\Documents\DVBS2\DVBS2\src\transmitter\6-BaseBandShaping\xilinx_files\fil_prj\filsrc\simcycle_fifo_wrapper.vhd
###       D:\Documents\DVBS2\DVBS2\src\transmitter\6-BaseBandShaping\xilinx_files\fil_prj\filsrc\mwfil_dpscram.vhd
###       D:\Documents\DVBS2\DVBS2\src\transmitter\6-BaseBandShaping\xilinx_files\fil_prj\filsrc\mwfil_udfifo.vhd
###       D:\Documents\DVBS2\DVBS2\src\transmitter\6-BaseBandShaping\xilinx_files\fil_prj\filsrc\mwfil_bus2dut.vhd
###       D:\Documents\DVBS2\DVBS2\src\transmitter\6-BaseBandShaping\xilinx_files\fil_prj\filsrc\mwfil_chifcore.vhd
###       D:\Documents\DVBS2\DVBS2\src\transmitter\6-BaseBandShaping\xilinx_files\fil_prj\filsrc\mwfil_controller.vhd
###       D:\Documents\DVBS2\DVBS2\src\transmitter\6-BaseBandShaping\xilinx_files\fil_prj\filsrc\mwfil_dut2bus.vhd
###       D:\Documents\DVBS2\DVBS2\src\transmitter\6-BaseBandShaping\xilinx_files\fil_prj\filsrc\bb_shaping_wrapper.vhd
###       D:\Documents\DVBS2\DVBS2\src\transmitter\6-BaseBandShaping\xilinx_files\fil_prj\filsrc\mwfil_chiftop.vhd
###       D:\Documents\DVBS2\DVBS2\src\transmitter\6-BaseBandShaping\xilinx_files\fil_prj\filsrc\bb_shaping_fil.vhd
###       D:\Documents\DVBS2\DVBS2\src\transmitter\6-BaseBandShaping\xilinx_files\fil_prj\filsrc\bb_shaping_fil.xdc
### Running HDL Compilation

### HDL compilation completed.

### Running programming file generation outside MATLAB.
### Check external shell for programming file generation progress.
### Programming file location (when process is completed):
###    D:\Documents\DVBS2\DVBS2\src\transmitter\6-BaseBandShaping\xilinx_files\fil_prj\bb_shaping_fil.bit

