### File Name: /home/wardo/Documents/DVBS2/DVBS2/src/transmitter/6-BaseBandShaping/fil_prj/bb_shaping_fil.log
### Created: 01-Jan-2021 23:06:29
### Generated by MATLAB 9.9 

### FPGA-in-the-Loop Summary
###    Board: Atlas-SoC Kit/DE0-Nano-SoC Kit
###    DUT frequency: 25.0000MHz

### Generating Quartus II project and running HDL compilation ...
###    Project:
###       /home/wardo/Documents/DVBS2/DVBS2/src/transmitter/6-BaseBandShaping/fil_prj/fpgaproj/bb_shaping_fil.qpf
###    Target Device:
###       Cyclone V 5CSEMA4U23C6
###    Property Settings:
###       CYCLONEII_OPTIMIZATION_TECHNIQUE = SPEED
###    User design files:
###       /home/wardo/Documents/DVBS2/DVBS2/src/transmitter/6-BaseBandShaping/hdlsrc/base_band_shaping_model/FIR_Interpolation.vhd
###       /home/wardo/Documents/DVBS2/DVBS2/src/transmitter/6-BaseBandShaping/hdlsrc/base_band_shaping_model/FIR_Interpolation1.vhd
###       /home/wardo/Documents/DVBS2/DVBS2/src/transmitter/6-BaseBandShaping/hdlsrc/base_band_shaping_model/bb_shaping.vhd
###    Generated files:
###       /home/wardo/Documents/DVBS2/DVBS2/src/transmitter/6-BaseBandShaping/fil_prj/filsrc/MWClkMgr.vhd
###       /home/wardo/Documents/DVBS2/DVBS2/src/transmitter/6-BaseBandShaping/fil_prj/filsrc/MWAJTAG.vhd
###       /home/wardo/Documents/DVBS2/DVBS2/src/transmitter/6-BaseBandShaping/fil_prj/filsrc/MWDPRAM.vhd
###       /home/wardo/Documents/DVBS2/DVBS2/src/transmitter/6-BaseBandShaping/fil_prj/filsrc/FILUDPCRC.vhd
###       /home/wardo/Documents/DVBS2/DVBS2/src/transmitter/6-BaseBandShaping/fil_prj/filsrc/FILPktMUX.vhd
###       /home/wardo/Documents/DVBS2/DVBS2/src/transmitter/6-BaseBandShaping/fil_prj/filsrc/FILCmdProc.vhd
###       /home/wardo/Documents/DVBS2/DVBS2/src/transmitter/6-BaseBandShaping/fil_prj/filsrc/MWAsyncFIFO.vhd
###       /home/wardo/Documents/DVBS2/DVBS2/src/transmitter/6-BaseBandShaping/fil_prj/filsrc/FILDataProc.vhd
###       /home/wardo/Documents/DVBS2/DVBS2/src/transmitter/6-BaseBandShaping/fil_prj/filsrc/MWPKTBuffer.vhd
###       /home/wardo/Documents/DVBS2/DVBS2/src/transmitter/6-BaseBandShaping/fil_prj/filsrc/MWUDPPKTBuilder.vhd
###       /home/wardo/Documents/DVBS2/DVBS2/src/transmitter/6-BaseBandShaping/fil_prj/filsrc/FILPktProc.vhd
###       /home/wardo/Documents/DVBS2/DVBS2/src/transmitter/6-BaseBandShaping/fil_prj/filsrc/FILCommLayer.vhd
###       /home/wardo/Documents/DVBS2/DVBS2/src/transmitter/6-BaseBandShaping/fil_prj/filsrc/mwfil_dpscram.vhd
###       /home/wardo/Documents/DVBS2/DVBS2/src/transmitter/6-BaseBandShaping/fil_prj/filsrc/mwfil_udfifo.vhd
###       /home/wardo/Documents/DVBS2/DVBS2/src/transmitter/6-BaseBandShaping/fil_prj/filsrc/mwfil_bus2dut.vhd
###       /home/wardo/Documents/DVBS2/DVBS2/src/transmitter/6-BaseBandShaping/fil_prj/filsrc/mwfil_chifcore.vhd
###       /home/wardo/Documents/DVBS2/DVBS2/src/transmitter/6-BaseBandShaping/fil_prj/filsrc/mwfil_controller.vhd
###       /home/wardo/Documents/DVBS2/DVBS2/src/transmitter/6-BaseBandShaping/fil_prj/filsrc/mwfil_dut2bus.vhd
###       /home/wardo/Documents/DVBS2/DVBS2/src/transmitter/6-BaseBandShaping/fil_prj/filsrc/bb_shaping_wrapper.vhd
###       /home/wardo/Documents/DVBS2/DVBS2/src/transmitter/6-BaseBandShaping/fil_prj/filsrc/mwfil_chiftop.vhd
###       /home/wardo/Documents/DVBS2/DVBS2/src/transmitter/6-BaseBandShaping/fil_prj/filsrc/FILCore.vhd
###       /home/wardo/Documents/DVBS2/DVBS2/src/transmitter/6-BaseBandShaping/fil_prj/filsrc/bb_shaping_fil.vhd
###       /home/wardo/Documents/DVBS2/DVBS2/src/transmitter/6-BaseBandShaping/fil_prj/filsrc/bb_shaping_fil.qsf
###       /home/wardo/Documents/DVBS2/DVBS2/src/transmitter/6-BaseBandShaping/fil_prj/filsrc/bb_shaping_fil.sdc
### 
### Running HDL compilation ...

### HDL compilation completed.

### Running programming file generation outside MATLAB.
### Check external shell for programming file generation progress.
### Programming file location (when process is completed):
###    /home/wardo/Documents/DVBS2/DVBS2/src/transmitter/6-BaseBandShaping/fil_prj/bb_shaping_fil.sof

