#-----------------------------------------------------------
# Vivado v2020.1.1 (64-bit)
# SW Build 2960000 on Wed Aug  5 22:57:21 MDT 2020
# IP Build 2956692 on Thu Aug  6 01:41:30 MDT 2020
# Start of session at: Sun Feb  7 01:42:05 2021
# Process ID: 18094
# Current directory: /home/wardo/Documents/DVBS2/DVBS2/src/transmitter/3-FEC/ldpc/generic_files/vivado_prj
# Command line: vivado -mode batch -notrace -source ldpc_encoder_Xilinx_Vivado_run.tcl
# Log file: /home/wardo/Documents/DVBS2/DVBS2/src/transmitter/3-FEC/ldpc/generic_files/vivado_prj/vivado.log
# Journal file: /home/wardo/Documents/DVBS2/DVBS2/src/transmitter/3-FEC/ldpc/generic_files/vivado_prj/vivado.jou
#-----------------------------------------------------------
source ldpc_encoder_Xilinx_Vivado_run.tcl -notrace
### Open existing Xilinx Vivado 2020.1.1 project /home/wardo/Documents/DVBS2/DVBS2/src/transmitter/3-FEC/ldpc/generic_files/vivado_prj/ldpc_encoder_vivado.xpr
Scanning sources...
Finished scanning sources
WARNING: [filemgmt 56-3] Default IP Output Path : Could not find the directory '/home/wardo/Documents/DVBS2/DVBS2/src/transmitter/3-FEC/ldpc/generic_files/vivado_prj/ldpc_encoder_vivado.srcs/sources_1'.
### Running Implementation in Xilinx Vivado 2020.1.1 ...
[Sun Feb  7 01:42:15 2021] Launched impl_1...
Run output will be captured here: /home/wardo/Documents/DVBS2/DVBS2/src/transmitter/3-FEC/ldpc/generic_files/vivado_prj/ldpc_encoder_vivado.runs/impl_1/runme.log
[Sun Feb  7 01:42:16 2021] Waiting for impl_1 to finish...

*** Running vivado
    with args -log ldpc_encoder.vdi -applog -m64 -product Vivado -messageDb vivado.pb -mode batch -source ldpc_encoder.tcl -notrace


****** Vivado v2020.1.1 (64-bit)
  **** SW Build 2960000 on Wed Aug  5 22:57:21 MDT 2020
  **** IP Build 2956692 on Thu Aug  6 01:41:30 MDT 2020
    ** Copyright 1986-2020 Xilinx, Inc. All Rights Reserved.

source ldpc_encoder.tcl -notrace
Command: link_design -top ldpc_encoder -part xc7z020clg400-1 -mode out_of_context
Design is defaulting to srcset: sources_1
Design is defaulting to constrset: constrs_1
INFO: [Device 21-403] Loading part xc7z020clg400-1
Netlist sorting complete. Time (s): cpu = 00:00:00.01 ; elapsed = 00:00:00.01 . Memory (MB): peak = 2149.566 ; gain = 0.000 ; free physical = 14671 ; free virtual = 22723
INFO: [Netlist 29-17] Analyzing 139 Unisim elements for replacement
INFO: [Netlist 29-28] Unisim Transformation completed in 0 CPU seconds
INFO: [Project 1-479] Netlist was created with Vivado 2020.1.1
INFO: [Project 1-570] Preparing netlist for logic optimization
Netlist sorting complete. Time (s): cpu = 00:00:00 ; elapsed = 00:00:00 . Memory (MB): peak = 2149.566 ; gain = 0.000 ; free physical = 14584 ; free virtual = 22636
INFO: [Project 1-111] Unisim Transformation Summary:
No Unisim elements were transformed.

6 Infos, 0 Warnings, 0 Critical Warnings and 0 Errors encountered.
link_design completed successfully
link_design: Time (s): cpu = 00:00:06 ; elapsed = 00:00:08 . Memory (MB): peak = 2149.566 ; gain = 0.094 ; free physical = 14585 ; free virtual = 22636
Command: opt_design
Attempting to get a license for feature 'Implementation' and/or device 'xc7z020'
INFO: [Common 17-349] Got license for feature 'Implementation' and/or device 'xc7z020'
Running DRC as a precondition to command opt_design

Starting DRC Task
INFO: [DRC 23-27] Running DRC with 8 threads
INFO: [Project 1-461] DRC finished with 0 Errors
INFO: [Project 1-462] Please refer to the DRC report (report_drc) for more information.

Time (s): cpu = 00:00:02 ; elapsed = 00:00:02 . Memory (MB): peak = 2213.504 ; gain = 63.938 ; free physical = 14537 ; free virtual = 22626

Starting Cache Timing Information Task
INFO: [Timing 38-35] Done setting XDC timing constraints.
Ending Cache Timing Information Task | Checksum: 103ef25a8

Time (s): cpu = 00:00:07 ; elapsed = 00:00:08 . Memory (MB): peak = 2541.480 ; gain = 327.977 ; free physical = 14166 ; free virtual = 22242

Starting Logic Optimization Task

Phase 1 Retarget
INFO: [Opt 31-138] Pushed 0 inverter(s) to 0 load pin(s).
INFO: [Opt 31-49] Retargeted 0 cell(s).
Phase 1 Retarget | Checksum: da73269e

Time (s): cpu = 00:00:00.09 ; elapsed = 00:00:00.11 . Memory (MB): peak = 2705.449 ; gain = 0.000 ; free physical = 14001 ; free virtual = 22078
INFO: [Opt 31-389] Phase Retarget created 0 cells and removed 0 cells

Phase 2 Constant propagation
INFO: [Opt 31-138] Pushed 0 inverter(s) to 0 load pin(s).
Phase 2 Constant propagation | Checksum: 1135470e1

Time (s): cpu = 00:00:00.10 ; elapsed = 00:00:00.13 . Memory (MB): peak = 2705.449 ; gain = 0.000 ; free physical = 14001 ; free virtual = 22078
INFO: [Opt 31-389] Phase Constant propagation created 0 cells and removed 0 cells

Phase 3 Sweep
Phase 3 Sweep | Checksum: 76cfed22

Time (s): cpu = 00:00:00.13 ; elapsed = 00:00:00.15 . Memory (MB): peak = 2705.449 ; gain = 0.000 ; free physical = 14001 ; free virtual = 22078
INFO: [Opt 31-389] Phase Sweep created 0 cells and removed 0 cells

Phase 4 BUFG optimization
Phase 4 BUFG optimization | Checksum: 76cfed22

Time (s): cpu = 00:00:00.13 ; elapsed = 00:00:00.16 . Memory (MB): peak = 2705.449 ; gain = 0.000 ; free physical = 14001 ; free virtual = 22078
INFO: [Opt 31-662] Phase BUFG optimization created 0 cells of which 0 are BUFGs and removed 0 cells.

Phase 5 Shift Register Optimization
INFO: [Opt 31-1064] SRL Remap converted 0 SRLs to 0 registers and converted 0 registers of register chains to 0 SRLs
Phase 5 Shift Register Optimization | Checksum: 76cfed22

Time (s): cpu = 00:00:00.14 ; elapsed = 00:00:00.17 . Memory (MB): peak = 2705.449 ; gain = 0.000 ; free physical = 14001 ; free virtual = 22078
INFO: [Opt 31-389] Phase Shift Register Optimization created 0 cells and removed 0 cells

Phase 6 Post Processing Netlist
Phase 6 Post Processing Netlist | Checksum: 76cfed22

Time (s): cpu = 00:00:00.15 ; elapsed = 00:00:00.17 . Memory (MB): peak = 2705.449 ; gain = 0.000 ; free physical = 14001 ; free virtual = 22078
INFO: [Opt 31-389] Phase Post Processing Netlist created 0 cells and removed 0 cells
Opt_design Change Summary
=========================


-------------------------------------------------------------------------------------------------------------------------
|  Phase                        |  #Cells created  |  #Cells Removed  |  #Constrained objects preventing optimizations  |
-------------------------------------------------------------------------------------------------------------------------
|  Retarget                     |               0  |               0  |                                              0  |
|  Constant propagation         |               0  |               0  |                                              0  |
|  Sweep                        |               0  |               0  |                                              0  |
|  BUFG optimization            |               0  |               0  |                                              0  |
|  Shift Register Optimization  |               0  |               0  |                                              0  |
|  Post Processing Netlist      |               0  |               0  |                                              0  |
-------------------------------------------------------------------------------------------------------------------------



Starting Connectivity Check Task

Time (s): cpu = 00:00:00 ; elapsed = 00:00:00 . Memory (MB): peak = 2761.477 ; gain = 0.000 ; free physical = 14001 ; free virtual = 22077
Ending Logic Optimization Task | Checksum: 14b266df4

Time (s): cpu = 00:00:00.20 ; elapsed = 00:00:00.21 . Memory (MB): peak = 2761.477 ; gain = 56.027 ; free physical = 14001 ; free virtual = 22077

Starting Power Optimization Task
INFO: [Pwropt 34-132] Skipping clock gating for clocks with a period < 2.00 ns.
INFO: [Pwropt 34-9] Applying IDT optimizations ...
INFO: [Pwropt 34-10] Applying ODC optimizations ...
INFO: [Timing 38-35] Done setting XDC timing constraints.
WARNING: [Power 33-232] No user defined clocks were found in the design! Power estimation will be inaccurate until this is corrected.
Resolution: Please specify clocks using create_clock/create_generated_clock for sequential elements. For pure combinatorial circuits, please specify a virtual clock, otherwise the vectorless estimation might be inaccurate
Running Vector-less Activity Propagation...

Finished Running Vector-less Activity Propagation


Starting PowerOpt Patch Enables Task
INFO: [Pwropt 34-162] WRITE_MODE attribute of 0 BRAM(s) out of a total of 12 has been updated to save power. Run report_power_opt to get a complete listing of the BRAMs updated.
INFO: [Pwropt 34-201] Structural ODC has moved 0 WE to EN ports
Number of BRAM Ports augmented: 0 newly gated: 0 Total Ports: 24
Ending PowerOpt Patch Enables Task | Checksum: 14b266df4

Time (s): cpu = 00:00:00.02 ; elapsed = 00:00:00.03 . Memory (MB): peak = 3052.383 ; gain = 0.000 ; free physical = 13978 ; free virtual = 22060
Ending Power Optimization Task | Checksum: 14b266df4

Time (s): cpu = 00:00:01 ; elapsed = 00:00:01 . Memory (MB): peak = 3052.383 ; gain = 290.906 ; free physical = 13983 ; free virtual = 22065

Starting Final Cleanup Task
Ending Final Cleanup Task | Checksum: 14b266df4

Time (s): cpu = 00:00:00 ; elapsed = 00:00:00 . Memory (MB): peak = 3052.383 ; gain = 0.000 ; free physical = 13983 ; free virtual = 22065

Starting Netlist Obfuscation Task
Netlist sorting complete. Time (s): cpu = 00:00:00 ; elapsed = 00:00:00 . Memory (MB): peak = 3052.383 ; gain = 0.000 ; free physical = 13983 ; free virtual = 22065
Ending Netlist Obfuscation Task | Checksum: 14b266df4

Time (s): cpu = 00:00:00 ; elapsed = 00:00:00 . Memory (MB): peak = 3052.383 ; gain = 0.000 ; free physical = 13983 ; free virtual = 22065
INFO: [Common 17-83] Releasing license: Implementation
28 Infos, 1 Warnings, 0 Critical Warnings and 0 Errors encountered.
opt_design completed successfully
opt_design: Time (s): cpu = 00:00:12 ; elapsed = 00:00:14 . Memory (MB): peak = 3052.383 ; gain = 902.816 ; free physical = 13983 ; free virtual = 22065
WARNING: [Constraints 18-5210] No constraints selected for write.
Resolution: This message can indicate that there are no constraints for the design, or it can indicate that the used_in flags are set such that the constraints are ignored. This later case is used when running synth_design to not write synthesis constraints to the resulting checkpoint. Instead, project constraints are read when the synthesized design is opened.
INFO: [Timing 38-35] Done setting XDC timing constraints.
INFO: [Common 17-1381] The checkpoint '/home/wardo/Documents/DVBS2/DVBS2/src/transmitter/3-FEC/ldpc/generic_files/vivado_prj/ldpc_encoder_vivado.runs/impl_1/ldpc_encoder_opt.dcp' has been generated.
INFO: [runtcl-4] Executing : report_drc -file ldpc_encoder_drc_opted.rpt -pb ldpc_encoder_drc_opted.pb -rpx ldpc_encoder_drc_opted.rpx
Command: report_drc -file ldpc_encoder_drc_opted.rpt -pb ldpc_encoder_drc_opted.pb -rpx ldpc_encoder_drc_opted.rpx
INFO: [IP_Flow 19-234] Refreshing IP repositories
INFO: [IP_Flow 19-1704] No user IP repositories specified
INFO: [IP_Flow 19-2313] Loaded Vivado IP repository '/home/wardo/Documents/Xilinx/Vivado/2020.1/data/ip'.
INFO: [DRC 23-27] Running DRC with 8 threads
INFO: [Coretcl 2-168] The results of DRC are in file /home/wardo/Documents/DVBS2/DVBS2/src/transmitter/3-FEC/ldpc/generic_files/vivado_prj/ldpc_encoder_vivado.runs/impl_1/ldpc_encoder_drc_opted.rpt.
report_drc completed successfully
Command: place_design
Attempting to get a license for feature 'Implementation' and/or device 'xc7z020'
INFO: [Common 17-349] Got license for feature 'Implementation' and/or device 'xc7z020'
INFO: [DRC 23-27] Running DRC with 8 threads
INFO: [Vivado_Tcl 4-198] DRC finished with 0 Errors
INFO: [Vivado_Tcl 4-199] Please refer to the DRC report (report_drc) for more information.
Running DRC as a precondition to command place_design
INFO: [DRC 23-27] Running DRC with 8 threads
INFO: [Vivado_Tcl 4-198] DRC finished with 0 Errors
INFO: [Vivado_Tcl 4-199] Please refer to the DRC report (report_drc) for more information.

Starting Placer Task
INFO: [Place 30-611] Multithreading enabled for place_design using a maximum of 8 CPUs

Phase 1 Placer Initialization

Phase 1.1 Placer Initialization Netlist Sorting
Netlist sorting complete. Time (s): cpu = 00:00:00 ; elapsed = 00:00:00 . Memory (MB): peak = 3052.383 ; gain = 0.000 ; free physical = 13958 ; free virtual = 22049
Phase 1.1 Placer Initialization Netlist Sorting | Checksum: de219ade

Time (s): cpu = 00:00:00 ; elapsed = 00:00:00.11 . Memory (MB): peak = 3052.383 ; gain = 0.000 ; free physical = 13958 ; free virtual = 22049
Netlist sorting complete. Time (s): cpu = 00:00:00 ; elapsed = 00:00:00 . Memory (MB): peak = 3052.383 ; gain = 0.000 ; free physical = 13958 ; free virtual = 22049

Phase 1.2 IO Placement/ Clock Placement/ Build Placer Device
Phase 1.2 IO Placement/ Clock Placement/ Build Placer Device | Checksum: 5a3fded3

Time (s): cpu = 00:00:00.28 ; elapsed = 00:00:00.37 . Memory (MB): peak = 3052.383 ; gain = 0.000 ; free physical = 13939 ; free virtual = 22031

Phase 1.3 Build Placer Netlist Model
Phase 1.3 Build Placer Netlist Model | Checksum: d2022725

Time (s): cpu = 00:00:00.35 ; elapsed = 00:00:00.46 . Memory (MB): peak = 3052.383 ; gain = 0.000 ; free physical = 13938 ; free virtual = 22030

Phase 1.4 Constrain Clocks/Macros
Phase 1.4 Constrain Clocks/Macros | Checksum: d2022725

Time (s): cpu = 00:00:00.35 ; elapsed = 00:00:00.46 . Memory (MB): peak = 3052.383 ; gain = 0.000 ; free physical = 13938 ; free virtual = 22030
Phase 1 Placer Initialization | Checksum: d2022725

Time (s): cpu = 00:00:00.36 ; elapsed = 00:00:00.50 . Memory (MB): peak = 3052.383 ; gain = 0.000 ; free physical = 13937 ; free virtual = 22030

Phase 2 Global Placement

Phase 2.1 Floorplanning
Phase 2.1 Floorplanning | Checksum: d2022725

Time (s): cpu = 00:00:00.36 ; elapsed = 00:00:00.54 . Memory (MB): peak = 3052.383 ; gain = 0.000 ; free physical = 13935 ; free virtual = 22028

Phase 2.2 Global Placement Core
WARNING: [Place 46-29] place_design is not in timing mode. Skip physical synthesis in placer
Phase 2.2 Global Placement Core | Checksum: 20088c3ef

Time (s): cpu = 00:00:04 ; elapsed = 00:00:02 . Memory (MB): peak = 3052.383 ; gain = 0.000 ; free physical = 13918 ; free virtual = 22012
Phase 2 Global Placement | Checksum: 20088c3ef

Time (s): cpu = 00:00:04 ; elapsed = 00:00:02 . Memory (MB): peak = 3052.383 ; gain = 0.000 ; free physical = 13918 ; free virtual = 22012

Phase 3 Detail Placement

Phase 3.1 Commit Multi Column Macros
Phase 3.1 Commit Multi Column Macros | Checksum: 20088c3ef

Time (s): cpu = 00:00:04 ; elapsed = 00:00:02 . Memory (MB): peak = 3052.383 ; gain = 0.000 ; free physical = 13918 ; free virtual = 22012

Phase 3.2 Commit Most Macros & LUTRAMs
Phase 3.2 Commit Most Macros & LUTRAMs | Checksum: 181a99d43

Time (s): cpu = 00:00:04 ; elapsed = 00:00:02 . Memory (MB): peak = 3052.383 ; gain = 0.000 ; free physical = 13918 ; free virtual = 22012

Phase 3.3 Area Swap Optimization
Phase 3.3 Area Swap Optimization | Checksum: b6296957

Time (s): cpu = 00:00:04 ; elapsed = 00:00:02 . Memory (MB): peak = 3052.383 ; gain = 0.000 ; free physical = 13917 ; free virtual = 22012

Phase 3.4 Pipeline Register Optimization
Phase 3.4 Pipeline Register Optimization | Checksum: b6296957

Time (s): cpu = 00:00:04 ; elapsed = 00:00:02 . Memory (MB): peak = 3052.383 ; gain = 0.000 ; free physical = 13917 ; free virtual = 22012

Phase 3.5 Small Shape Detail Placement
Phase 3.5 Small Shape Detail Placement | Checksum: 1020a9677

Time (s): cpu = 00:00:04 ; elapsed = 00:00:02 . Memory (MB): peak = 3052.383 ; gain = 0.000 ; free physical = 13915 ; free virtual = 22010

Phase 3.6 Re-assign LUT pins
Phase 3.6 Re-assign LUT pins | Checksum: 1020a9677

Time (s): cpu = 00:00:04 ; elapsed = 00:00:02 . Memory (MB): peak = 3052.383 ; gain = 0.000 ; free physical = 13915 ; free virtual = 22010

Phase 3.7 Pipeline Register Optimization
Phase 3.7 Pipeline Register Optimization | Checksum: 1020a9677

Time (s): cpu = 00:00:04 ; elapsed = 00:00:02 . Memory (MB): peak = 3052.383 ; gain = 0.000 ; free physical = 13915 ; free virtual = 22010
Phase 3 Detail Placement | Checksum: 1020a9677

Time (s): cpu = 00:00:04 ; elapsed = 00:00:02 . Memory (MB): peak = 3052.383 ; gain = 0.000 ; free physical = 13915 ; free virtual = 22010

Phase 4 Post Placement Optimization and Clean-Up

Phase 4.1 Post Commit Optimization
Phase 4.1 Post Commit Optimization | Checksum: 1020a9677

Time (s): cpu = 00:00:04 ; elapsed = 00:00:02 . Memory (MB): peak = 3052.383 ; gain = 0.000 ; free physical = 13915 ; free virtual = 22010

Phase 4.2 Post Placement Cleanup
Phase 4.2 Post Placement Cleanup | Checksum: 1020a9677

Time (s): cpu = 00:00:04 ; elapsed = 00:00:02 . Memory (MB): peak = 3052.383 ; gain = 0.000 ; free physical = 13917 ; free virtual = 22012

Phase 4.3 Placer Reporting
Phase 4.3 Placer Reporting | Checksum: 1020a9677

Time (s): cpu = 00:00:04 ; elapsed = 00:00:02 . Memory (MB): peak = 3052.383 ; gain = 0.000 ; free physical = 13917 ; free virtual = 22012

Phase 4.4 Final Placement Cleanup
Netlist sorting complete. Time (s): cpu = 00:00:00 ; elapsed = 00:00:00 . Memory (MB): peak = 3052.383 ; gain = 0.000 ; free physical = 13917 ; free virtual = 22012
Phase 4.4 Final Placement Cleanup | Checksum: b993a2b0

Time (s): cpu = 00:00:04 ; elapsed = 00:00:02 . Memory (MB): peak = 3052.383 ; gain = 0.000 ; free physical = 13917 ; free virtual = 22012
Phase 4 Post Placement Optimization and Clean-Up | Checksum: b993a2b0

Time (s): cpu = 00:00:04 ; elapsed = 00:00:02 . Memory (MB): peak = 3052.383 ; gain = 0.000 ; free physical = 13917 ; free virtual = 22012
Ending Placer Task | Checksum: 9703ac5f

Time (s): cpu = 00:00:04 ; elapsed = 00:00:02 . Memory (MB): peak = 3052.383 ; gain = 0.000 ; free physical = 13917 ; free virtual = 22012
INFO: [Common 17-83] Releasing license: Implementation
45 Infos, 3 Warnings, 0 Critical Warnings and 0 Errors encountered.
place_design completed successfully
WARNING: [Constraints 18-5210] No constraints selected for write.
Resolution: This message can indicate that there are no constraints for the design, or it can indicate that the used_in flags are set such that the constraints are ignored. This later case is used when running synth_design to not write synthesis constraints to the resulting checkpoint. Instead, project constraints are read when the synthesized design is opened.
Writing placer database...
Writing XDEF routing.
Writing XDEF routing logical nets.
Writing XDEF routing special nets.
Write XDEF Complete: Time (s): cpu = 00:00:00.43 ; elapsed = 00:00:00.28 . Memory (MB): peak = 3052.383 ; gain = 0.000 ; free physical = 13928 ; free virtual = 22026
INFO: [Common 17-1381] The checkpoint '/home/wardo/Documents/DVBS2/DVBS2/src/transmitter/3-FEC/ldpc/generic_files/vivado_prj/ldpc_encoder_vivado.runs/impl_1/ldpc_encoder_placed.dcp' has been generated.
INFO: [runtcl-4] Executing : report_io -file ldpc_encoder_io_placed.rpt
report_io: Time (s): cpu = 00:00:00.10 ; elapsed = 00:00:00.15 . Memory (MB): peak = 3052.383 ; gain = 0.000 ; free physical = 13921 ; free virtual = 22016
INFO: [runtcl-4] Executing : report_utilization -file ldpc_encoder_utilization_placed.rpt -pb ldpc_encoder_utilization_placed.pb
INFO: [runtcl-4] Executing : report_control_sets -verbose -file ldpc_encoder_control_sets_placed.rpt
report_control_sets: Time (s): cpu = 00:00:00.07 ; elapsed = 00:00:00.09 . Memory (MB): peak = 3052.383 ; gain = 0.000 ; free physical = 13932 ; free virtual = 22026
Command: phys_opt_design
Attempting to get a license for feature 'Implementation' and/or device 'xc7z020'
INFO: [Common 17-349] Got license for feature 'Implementation' and/or device 'xc7z020'
WARNING: [Timing 38-493] Port clk has one or several leaf clock pins in its transitive fanout without any clock buffer on the path and no clock reaching the clock pin(s). Vivado cannot infer the clock source when no clock buffer is found on the path to a leaf clock pin.
WARNING: [Timing 38-242] The property HD.CLK_SRC of clock port "clk" is not set. In out-of-context mode, this prevents timing estimation for clock delay/skew
Resolution: Set the HD.CLK_SRC property of the out-of-context port to the location of the clock buffer instance in the top-level design
INFO: [Vivado_Tcl 4-235] No timing constraint found. The netlist was not modified.
INFO: [Common 17-83] Releasing license: Implementation
52 Infos, 6 Warnings, 0 Critical Warnings and 0 Errors encountered.
phys_opt_design completed successfully
WARNING: [Constraints 18-5210] No constraints selected for write.
Resolution: This message can indicate that there are no constraints for the design, or it can indicate that the used_in flags are set such that the constraints are ignored. This later case is used when running synth_design to not write synthesis constraints to the resulting checkpoint. Instead, project constraints are read when the synthesized design is opened.
Writing placer database...
Writing XDEF routing.
Writing XDEF routing logical nets.
Writing XDEF routing special nets.
Write XDEF Complete: Time (s): cpu = 00:00:00.19 ; elapsed = 00:00:00.07 . Memory (MB): peak = 3052.383 ; gain = 0.000 ; free physical = 13894 ; free virtual = 21993
INFO: [Common 17-1381] The checkpoint '/home/wardo/Documents/DVBS2/DVBS2/src/transmitter/3-FEC/ldpc/generic_files/vivado_prj/ldpc_encoder_vivado.runs/impl_1/ldpc_encoder_physopt.dcp' has been generated.
Command: route_design
Attempting to get a license for feature 'Implementation' and/or device 'xc7z020'
INFO: [Common 17-349] Got license for feature 'Implementation' and/or device 'xc7z020'
Running DRC as a precondition to command route_design
INFO: [DRC 23-27] Running DRC with 8 threads
INFO: [Vivado_Tcl 4-198] DRC finished with 0 Errors
INFO: [Vivado_Tcl 4-199] Please refer to the DRC report (report_drc) for more information.


Starting Routing Task
INFO: [Route 35-254] Multithreading enabled for route_design using a maximum of 8 CPUs
Checksum: PlaceDB: 853ac153 ConstDB: 0 ShapeSum: 11c8eb0c RouteDB: 0

Phase 1 Build RT Design
WARNING: [Route 35-197] Clock port "clk" does not have an associated HD.CLK_SRC. Without this constraint, timing analysis may not be accurate and upstream checks cannot be done to ensure correct clock placement.
WARNING: [Route 35-198] Port "clk_enable" does not have an associated HD.PARTPIN_LOCS, which will prevent the partial routing of the signal "clk_enable". Without this partial route, timing analysis to/from this port will not be accurate, and no routing information for this port can be exported.
WARNING: [Route 35-198] Port "valid_in" does not have an associated HD.PARTPIN_LOCS, which will prevent the partial routing of the signal "valid_in". Without this partial route, timing analysis to/from this port will not be accurate, and no routing information for this port can be exported.
WARNING: [Route 35-198] Port "input_bit" does not have an associated HD.PARTPIN_LOCS, which will prevent the partial routing of the signal "input_bit". Without this partial route, timing analysis to/from this port will not be accurate, and no routing information for this port can be exported.
WARNING: [Route 35-198] Port "reset_x" does not have an associated HD.PARTPIN_LOCS, which will prevent the partial routing of the signal "reset_x". Without this partial route, timing analysis to/from this port will not be accurate, and no routing information for this port can be exported.
WARNING: [Route 35-198] Port "start" does not have an associated HD.PARTPIN_LOCS, which will prevent the partial routing of the signal "start". Without this partial route, timing analysis to/from this port will not be accurate, and no routing information for this port can be exported.
WARNING: [Route 35-198] Port "end_of_frame" does not have an associated HD.PARTPIN_LOCS, which will prevent the partial routing of the signal "end_of_frame". Without this partial route, timing analysis to/from this port will not be accurate, and no routing information for this port can be exported.
Phase 1 Build RT Design | Checksum: 10e5fba9b

Time (s): cpu = 00:00:17 ; elapsed = 00:00:14 . Memory (MB): peak = 3052.383 ; gain = 0.000 ; free physical = 13765 ; free virtual = 21859
Post Restoration Checksum: NetGraph: 98cc32e0 NumContArr: 759387bb Constraints: 0 Timing: 0

Phase 2 Router Initialization
INFO: [Route 35-64] No timing constraints were detected. The router will operate in resource-optimization mode.

Phase 2.1 Fix Topology Constraints
Phase 2.1 Fix Topology Constraints | Checksum: 10e5fba9b

Time (s): cpu = 00:00:17 ; elapsed = 00:00:14 . Memory (MB): peak = 3052.383 ; gain = 0.000 ; free physical = 13730 ; free virtual = 21825

Phase 2.2 Pre Route Cleanup
Phase 2.2 Pre Route Cleanup | Checksum: 10e5fba9b

Time (s): cpu = 00:00:17 ; elapsed = 00:00:14 . Memory (MB): peak = 3052.383 ; gain = 0.000 ; free physical = 13730 ; free virtual = 21825
 Number of Nodes with overlaps = 0
Phase 2 Router Initialization | Checksum: 12da53f77

Time (s): cpu = 00:00:17 ; elapsed = 00:00:14 . Memory (MB): peak = 3052.383 ; gain = 0.000 ; free physical = 13726 ; free virtual = 21822

Router Utilization Summary
  Global Vertical Routing Utilization    = 0 %
  Global Horizontal Routing Utilization  = 0 %
  Routable Net Status*
  *Does not include unroutable nets such as driverless and loadless.
  Run report_route_status for detailed report.
  Number of Failed Nets               = 1004
    (Failed Nets is the sum of unrouted and partially routed nets)
  Number of Unrouted Nets             = 1004
  Number of Partially Routed Nets     = 0
  Number of Node Overlaps             = 0


Phase 3 Initial Routing
Phase 3 Initial Routing | Checksum: 5aadcc96

Time (s): cpu = 00:00:19 ; elapsed = 00:00:14 . Memory (MB): peak = 3052.383 ; gain = 0.000 ; free physical = 13721 ; free virtual = 21817

Phase 4 Rip-up And Reroute

Phase 4.1 Global Iteration 0
 Number of Nodes with overlaps = 188
 Number of Nodes with overlaps = 0
Phase 4.1 Global Iteration 0 | Checksum: ed6c46d4

Time (s): cpu = 00:00:19 ; elapsed = 00:00:14 . Memory (MB): peak = 3052.383 ; gain = 0.000 ; free physical = 13719 ; free virtual = 21814
Phase 4 Rip-up And Reroute | Checksum: ed6c46d4

Time (s): cpu = 00:00:19 ; elapsed = 00:00:14 . Memory (MB): peak = 3052.383 ; gain = 0.000 ; free physical = 13719 ; free virtual = 21814

Phase 5 Delay and Skew Optimization
Phase 5 Delay and Skew Optimization | Checksum: ed6c46d4

Time (s): cpu = 00:00:19 ; elapsed = 00:00:14 . Memory (MB): peak = 3052.383 ; gain = 0.000 ; free physical = 13719 ; free virtual = 21814

Phase 6 Post Hold Fix

Phase 6.1 Hold Fix Iter
Phase 6.1 Hold Fix Iter | Checksum: ed6c46d4

Time (s): cpu = 00:00:19 ; elapsed = 00:00:14 . Memory (MB): peak = 3052.383 ; gain = 0.000 ; free physical = 13719 ; free virtual = 21814
Phase 6 Post Hold Fix | Checksum: ed6c46d4

Time (s): cpu = 00:00:19 ; elapsed = 00:00:14 . Memory (MB): peak = 3052.383 ; gain = 0.000 ; free physical = 13719 ; free virtual = 21814

Phase 7 Route finalize

Router Utilization Summary
  Global Vertical Routing Utilization    = 0.194315 %
  Global Horizontal Routing Utilization  = 0.226251 %
  Routable Net Status*
  *Does not include unroutable nets such as driverless and loadless.
  Run report_route_status for detailed report.
  Number of Failed Nets               = 0
    (Failed Nets is the sum of unrouted and partially routed nets)
  Number of Unrouted Nets             = 0
  Number of Partially Routed Nets     = 0
  Number of Node Overlaps             = 0

Congestion Report
North Dir 1x1 Area, Max Cong = 25.2252%, No Congested Regions.
South Dir 1x1 Area, Max Cong = 27.9279%, No Congested Regions.
East Dir 1x1 Area, Max Cong = 30.8824%, No Congested Regions.
West Dir 1x1 Area, Max Cong = 41.1765%, No Congested Regions.

------------------------------
Reporting congestion hotspots
------------------------------
Direction: North
----------------
Congested clusters found at Level 0
Effective congestion level: 0 Aspect Ratio: 1 Sparse Ratio: 0
Direction: South
----------------
Congested clusters found at Level 0
Effective congestion level: 0 Aspect Ratio: 1 Sparse Ratio: 0
Direction: East
----------------
Congested clusters found at Level 0
Effective congestion level: 0 Aspect Ratio: 1 Sparse Ratio: 0
Direction: West
----------------
Congested clusters found at Level 0
Effective congestion level: 0 Aspect Ratio: 1 Sparse Ratio: 0

Phase 7 Route finalize | Checksum: ed6c46d4

Time (s): cpu = 00:00:19 ; elapsed = 00:00:14 . Memory (MB): peak = 3052.383 ; gain = 0.000 ; free physical = 13719 ; free virtual = 21814

Phase 8 Verifying routed nets

 Verification completed successfully
Phase 8 Verifying routed nets | Checksum: ed6c46d4

Time (s): cpu = 00:00:19 ; elapsed = 00:00:14 . Memory (MB): peak = 3052.383 ; gain = 0.000 ; free physical = 13717 ; free virtual = 21812

Phase 9 Depositing Routes
Phase 9 Depositing Routes | Checksum: ef54a7a8

Time (s): cpu = 00:00:19 ; elapsed = 00:00:15 . Memory (MB): peak = 3052.383 ; gain = 0.000 ; free physical = 13717 ; free virtual = 21813
INFO: [Route 35-16] Router Completed Successfully

Time (s): cpu = 00:00:19 ; elapsed = 00:00:15 . Memory (MB): peak = 3052.383 ; gain = 0.000 ; free physical = 13754 ; free virtual = 21849

Routing Is Done.
INFO: [Common 17-83] Releasing license: Implementation
61 Infos, 14 Warnings, 0 Critical Warnings and 0 Errors encountered.
route_design completed successfully
route_design: Time (s): cpu = 00:00:21 ; elapsed = 00:00:16 . Memory (MB): peak = 3052.383 ; gain = 0.000 ; free physical = 13754 ; free virtual = 21849
WARNING: [Constraints 18-5210] No constraints selected for write.
Resolution: This message can indicate that there are no constraints for the design, or it can indicate that the used_in flags are set such that the constraints are ignored. This later case is used when running synth_design to not write synthesis constraints to the resulting checkpoint. Instead, project constraints are read when the synthesized design is opened.
Writing placer database...
Writing XDEF routing.
Writing XDEF routing logical nets.
Writing XDEF routing special nets.
Write XDEF Complete: Time (s): cpu = 00:00:00.25 ; elapsed = 00:00:00.09 . Memory (MB): peak = 3052.383 ; gain = 0.000 ; free physical = 13750 ; free virtual = 21849
INFO: [Common 17-1381] The checkpoint '/home/wardo/Documents/DVBS2/DVBS2/src/transmitter/3-FEC/ldpc/generic_files/vivado_prj/ldpc_encoder_vivado.runs/impl_1/ldpc_encoder_routed.dcp' has been generated.
INFO: [runtcl-4] Executing : report_drc -file ldpc_encoder_drc_routed.rpt -pb ldpc_encoder_drc_routed.pb -rpx ldpc_encoder_drc_routed.rpx
Command: report_drc -file ldpc_encoder_drc_routed.rpt -pb ldpc_encoder_drc_routed.pb -rpx ldpc_encoder_drc_routed.rpx
INFO: [IP_Flow 19-1839] IP Catalog is up to date.
INFO: [DRC 23-27] Running DRC with 8 threads
INFO: [Coretcl 2-168] The results of DRC are in file /home/wardo/Documents/DVBS2/DVBS2/src/transmitter/3-FEC/ldpc/generic_files/vivado_prj/ldpc_encoder_vivado.runs/impl_1/ldpc_encoder_drc_routed.rpt.
report_drc completed successfully
INFO: [runtcl-4] Executing : report_methodology -file ldpc_encoder_methodology_drc_routed.rpt -pb ldpc_encoder_methodology_drc_routed.pb -rpx ldpc_encoder_methodology_drc_routed.rpx
Command: report_methodology -file ldpc_encoder_methodology_drc_routed.rpt -pb ldpc_encoder_methodology_drc_routed.pb -rpx ldpc_encoder_methodology_drc_routed.rpx
INFO: [Timing 38-35] Done setting XDC timing constraints.
WARNING: [Timing 38-493] Port clk has one or several leaf clock pins in its transitive fanout without any clock buffer on the path and no clock reaching the clock pin(s). Vivado cannot infer the clock source when no clock buffer is found on the path to a leaf clock pin.
WARNING: [Timing 38-242] The property HD.CLK_SRC of clock port "clk" is not set. In out-of-context mode, this prevents timing estimation for clock delay/skew
Resolution: Set the HD.CLK_SRC property of the out-of-context port to the location of the clock buffer instance in the top-level design
INFO: [DRC 23-133] Running Methodology with 8 threads
INFO: [Coretcl 2-1520] The results of Report Methodology are in file /home/wardo/Documents/DVBS2/DVBS2/src/transmitter/3-FEC/ldpc/generic_files/vivado_prj/ldpc_encoder_vivado.runs/impl_1/ldpc_encoder_methodology_drc_routed.rpt.
report_methodology completed successfully
INFO: [runtcl-4] Executing : report_power -file ldpc_encoder_power_routed.rpt -pb ldpc_encoder_power_summary_routed.pb -rpx ldpc_encoder_power_routed.rpx
Command: report_power -file ldpc_encoder_power_routed.rpt -pb ldpc_encoder_power_summary_routed.pb -rpx ldpc_encoder_power_routed.rpx
INFO: [Timing 38-35] Done setting XDC timing constraints.
WARNING: [Power 33-232] No user defined clocks were found in the design! Power estimation will be inaccurate until this is corrected.
Resolution: Please specify clocks using create_clock/create_generated_clock for sequential elements. For pure combinatorial circuits, please specify a virtual clock, otherwise the vectorless estimation might be inaccurate
Running Vector-less Activity Propagation...

Finished Running Vector-less Activity Propagation
72 Infos, 18 Warnings, 0 Critical Warnings and 0 Errors encountered.
report_power completed successfully
INFO: [runtcl-4] Executing : report_route_status -file ldpc_encoder_route_status.rpt -pb ldpc_encoder_route_status.pb
INFO: [runtcl-4] Executing : report_timing_summary -max_paths 10 -file ldpc_encoder_timing_summary_routed.rpt -pb ldpc_encoder_timing_summary_routed.pb -rpx ldpc_encoder_timing_summary_routed.rpx -warn_on_violation 
INFO: [Timing 38-91] UpdateTimingParams: Speed grade: -1, Delay Type: min_max.
INFO: [Timing 38-191] Multithreading enabled for timing update using a maximum of 8 CPUs
WARNING: [Timing 38-313] There are no user specified timing constraints. Timing constraints are needed for proper timing analysis.
INFO: [runtcl-4] Executing : report_incremental_reuse -file ldpc_encoder_incremental_reuse_routed.rpt
INFO: [Vivado_Tcl 4-1062] Incremental flow is disabled. No incremental reuse Info to report.
INFO: [runtcl-4] Executing : report_clock_utilization -file ldpc_encoder_clock_utilization_routed.rpt
INFO: [runtcl-4] Executing : report_bus_skew -warn_on_violation -file ldpc_encoder_bus_skew_routed.rpt -pb ldpc_encoder_bus_skew_routed.pb -rpx ldpc_encoder_bus_skew_routed.rpx
INFO: [Timing 38-91] UpdateTimingParams: Speed grade: -1, Delay Type: min_max.
INFO: [Timing 38-191] Multithreading enabled for timing update using a maximum of 8 CPUs
INFO: [Common 17-206] Exiting Vivado at Sun Feb  7 01:43:19 2021...
[Sun Feb  7 01:43:25 2021] impl_1 finished
wait_on_run: Time (s): cpu = 00:00:01 ; elapsed = 00:01:09 . Memory (MB): peak = 2150.566 ; gain = 0.000 ; free physical = 15223 ; free virtual = 23319
### Implementation Complete.
### Running PostPARTiming in Xilinx Vivado 2020.1.1 ...
INFO: [Device 21-403] Loading part xc7z020clg400-1
Netlist sorting complete. Time (s): cpu = 00:00:00.01 ; elapsed = 00:00:00.01 . Memory (MB): peak = 2150.566 ; gain = 0.000 ; free physical = 14968 ; free virtual = 23065
INFO: [Netlist 29-17] Analyzing 139 Unisim elements for replacement
INFO: [Netlist 29-28] Unisim Transformation completed in 0 CPU seconds
INFO: [Project 1-479] Netlist was created with Vivado 2020.1.1
INFO: [Project 1-570] Preparing netlist for logic optimization
Reading XDEF placement.
Reading placer database...
Reading XDEF routing.
Read XDEF File: Time (s): cpu = 00:00:00.20 ; elapsed = 00:00:00.26 . Memory (MB): peak = 2150.566 ; gain = 0.000 ; free physical = 14878 ; free virtual = 22975
Restored from archive | CPU: 0.260000 secs | Memory: 2.532875 MB |
Finished XDEF File Restore: Time (s): cpu = 00:00:00.20 ; elapsed = 00:00:00.26 . Memory (MB): peak = 2150.566 ; gain = 0.000 ; free physical = 14878 ; free virtual = 22975
Netlist sorting complete. Time (s): cpu = 00:00:00 ; elapsed = 00:00:00 . Memory (MB): peak = 2150.566 ; gain = 0.000 ; free physical = 14878 ; free virtual = 22975
INFO: [Project 1-111] Unisim Transformation Summary:
No Unisim elements were transformed.

open_run: Time (s): cpu = 00:00:06 ; elapsed = 00:00:08 . Memory (MB): peak = 2150.566 ; gain = 0.000 ; free physical = 14878 ; free virtual = 22975
WARNING: [Common 17-708] report_timing_summary: The '-name' option will be ignored because it is only relevant in GUI mode.
INFO: [Timing 38-35] Done setting XDC timing constraints.
INFO: [Timing 38-91] UpdateTimingParams: Speed grade: -1, Delay Type: min_max.
INFO: [Timing 38-191] Multithreading enabled for timing update using a maximum of 8 CPUs
WARNING: [Timing 38-493] Port clk has one or several leaf clock pins in its transitive fanout without any clock buffer on the path and no clock reaching the clock pin(s). Vivado cannot infer the clock source when no clock buffer is found on the path to a leaf clock pin.
WARNING: [Timing 38-242] The property HD.CLK_SRC of clock port "clk" is not set. In out-of-context mode, this prevents timing estimation for clock delay/skew
Resolution: Set the HD.CLK_SRC property of the out-of-context port to the location of the clock buffer instance in the top-level design
report_timing_summary: Time (s): cpu = 00:00:07 ; elapsed = 00:00:09 . Memory (MB): peak = 2550.477 ; gain = 399.910 ; free physical = 14496 ; free virtual = 22593
### PostPARTiming Complete.
### Close Xilinx Vivado 2020.1.1 project.
INFO: [Common 17-206] Exiting Vivado at Sun Feb  7 01:43:41 2021...
