### File Name: D:\Documents\DVBS2\DVBS2\src\transmitter\3-FEC\ldpc\xilinx_files\fil_prj\ldpc_encoder_fil.log
### Created: 31-Jan-2021 22:16:31
### Generated by MATLAB 9.9 

### FPGA-in-the-Loop Summary
###    Board: ZedBoard
###    DUT frequency: 25.0000MHz

### Generating Vivado project and running HDL compilation ...
###    Project:
###       D:\Documents\DVBS2\DVBS2\src\transmitter\3-FEC\ldpc\xilinx_files\fil_prj\fpgaproj\ldpc_encoder_fil.xpr
###    Target Device:
###       Zynq xc7z020-1clg484
###    Property Settings:
###    User design files:
###       D:\Documents\DVBS2\DVBS2\src\transmitter\3-FEC\ldpc\xilinx_files\hdlsrc\ldpc_dvbs2_model_v2\ldpc_encoder_pac.vhd
###       D:\Documents\DVBS2\DVBS2\src\transmitter\3-FEC\ldpc\xilinx_files\hdlsrc\ldpc_dvbs2_model_v2\addresses.vhd
###       D:\Documents\DVBS2\DVBS2\src\transmitter\3-FEC\ldpc\xilinx_files\hdlsrc\ldpc_dvbs2_model_v2\address_calculator.vhd
###       D:\Documents\DVBS2\DVBS2\src\transmitter\3-FEC\ldpc\xilinx_files\hdlsrc\ldpc_dvbs2_model_v2\MATLAB_Function.vhd
###       D:\Documents\DVBS2\DVBS2\src\transmitter\3-FEC\ldpc\xilinx_files\hdlsrc\ldpc_dvbs2_model_v2\p2s.vhd
###       D:\Documents\DVBS2\DVBS2\src\transmitter\3-FEC\ldpc\xilinx_files\hdlsrc\ldpc_dvbs2_model_v2\ldpc_encoder.vhd
###    Generating Xilinx DCM and FIFO IP
###    Generated files:
###       D:\Documents\DVBS2\DVBS2\src\transmitter\3-FEC\ldpc\xilinx_files\fil_prj\filsrc\jtag_mac.v
###       D:\Documents\DVBS2\DVBS2\src\transmitter\3-FEC\ldpc\xilinx_files\fil_prj\filsrc\jtag_mac_fifo_wrapper.vhd
###       D:\Documents\DVBS2\DVBS2\src\transmitter\3-FEC\ldpc\xilinx_files\fil_prj\filsrc\simcycle_fifo_wrapper.vhd
###       D:\Documents\DVBS2\DVBS2\src\transmitter\3-FEC\ldpc\xilinx_files\fil_prj\filsrc\mwfil_dpscram.vhd
###       D:\Documents\DVBS2\DVBS2\src\transmitter\3-FEC\ldpc\xilinx_files\fil_prj\filsrc\mwfil_udfifo.vhd
###       D:\Documents\DVBS2\DVBS2\src\transmitter\3-FEC\ldpc\xilinx_files\fil_prj\filsrc\mwfil_bus2dut.vhd
###       D:\Documents\DVBS2\DVBS2\src\transmitter\3-FEC\ldpc\xilinx_files\fil_prj\filsrc\mwfil_chifcore.vhd
###       D:\Documents\DVBS2\DVBS2\src\transmitter\3-FEC\ldpc\xilinx_files\fil_prj\filsrc\mwfil_controller.vhd
###       D:\Documents\DVBS2\DVBS2\src\transmitter\3-FEC\ldpc\xilinx_files\fil_prj\filsrc\mwfil_dut2bus.vhd
###       D:\Documents\DVBS2\DVBS2\src\transmitter\3-FEC\ldpc\xilinx_files\fil_prj\filsrc\ldpc_encoder_wrapper.vhd
###       D:\Documents\DVBS2\DVBS2\src\transmitter\3-FEC\ldpc\xilinx_files\fil_prj\filsrc\mwfil_chiftop.vhd
###       D:\Documents\DVBS2\DVBS2\src\transmitter\3-FEC\ldpc\xilinx_files\fil_prj\filsrc\ldpc_encoder_fil.vhd
###       D:\Documents\DVBS2\DVBS2\src\transmitter\3-FEC\ldpc\xilinx_files\fil_prj\filsrc\ldpc_encoder_fil.xdc
### Running HDL Compilation

### HDL compilation completed.

### Running programming file generation outside MATLAB.
### Check external shell for programming file generation progress.
### Programming file location (when process is completed):
###    D:\Documents\DVBS2\DVBS2\src\transmitter\3-FEC\ldpc\xilinx_files\fil_prj\ldpc_encoder_fil.bit

