Copyright 1986-2020 Xilinx, Inc. All Rights Reserved.
-----------------------------------------------------------------------------------------------------------------------------------------------------------------------
| Tool Version : Vivado v.2020.1.1 (lin64) Build 2960000 Wed Aug  5 22:57:21 MDT 2020
| Date         : Fri Feb  5 02:34:47 2021
| Host         : Wardo running 64-bit Ubuntu 18.04.5 LTS
| Command      : report_methodology -file bit_mapping_methodology_drc_routed.rpt -pb bit_mapping_methodology_drc_routed.pb -rpx bit_mapping_methodology_drc_routed.rpx
| Design       : bit_mapping
| Device       : xc7z020clg400-1
| Speed File   : -1
| Design State : Fully Routed
-----------------------------------------------------------------------------------------------------------------------------------------------------------------------

Report Methodology

Table of Contents
-----------------
1. REPORT SUMMARY
2. REPORT DETAILS

1. REPORT SUMMARY
-----------------
            Netlist: netlist
          Floorplan: design_1
      Design limits: <entire design considered>
             Max violations: <unlimited>
             Violations found: 183
+-----------+----------+-------------------------------+------------+
| Rule      | Severity | Description                   | Violations |
+-----------+----------+-------------------------------+------------+
| DPIR-1    | Warning  | Asynchronous driver check     | 96         |
| TIMING-18 | Warning  | Missing input or output delay | 87         |
+-----------+----------+-------------------------------+------------+

2. REPORT DETAILS
-----------------
DPIR-1#1 Warning
Asynchronous driver check  
DSP Product1_out1 input pin Product1_out1/A[0] is connected to registers with an asynchronous reset. This is preventing the possibility of merging these registers in to the DSP Block since the DSP block registers only possess synchronous reset capability.  It is suggested to recode or change these registers to remove the reset or use a synchronous reset to get the best optimization for performance, power and area.
Related violations: <none>

DPIR-1#2 Warning
Asynchronous driver check  
DSP Product1_out1 input pin Product1_out1/A[10] is connected to registers with an asynchronous reset. This is preventing the possibility of merging these registers in to the DSP Block since the DSP block registers only possess synchronous reset capability.  It is suggested to recode or change these registers to remove the reset or use a synchronous reset to get the best optimization for performance, power and area.
Related violations: <none>

DPIR-1#3 Warning
Asynchronous driver check  
DSP Product1_out1 input pin Product1_out1/A[11] is connected to registers with an asynchronous reset. This is preventing the possibility of merging these registers in to the DSP Block since the DSP block registers only possess synchronous reset capability.  It is suggested to recode or change these registers to remove the reset or use a synchronous reset to get the best optimization for performance, power and area.
Related violations: <none>

DPIR-1#4 Warning
Asynchronous driver check  
DSP Product1_out1 input pin Product1_out1/A[12] is connected to registers with an asynchronous reset. This is preventing the possibility of merging these registers in to the DSP Block since the DSP block registers only possess synchronous reset capability.  It is suggested to recode or change these registers to remove the reset or use a synchronous reset to get the best optimization for performance, power and area.
Related violations: <none>

DPIR-1#5 Warning
Asynchronous driver check  
DSP Product1_out1 input pin Product1_out1/A[13] is connected to registers with an asynchronous reset. This is preventing the possibility of merging these registers in to the DSP Block since the DSP block registers only possess synchronous reset capability.  It is suggested to recode or change these registers to remove the reset or use a synchronous reset to get the best optimization for performance, power and area.
Related violations: <none>

DPIR-1#6 Warning
Asynchronous driver check  
DSP Product1_out1 input pin Product1_out1/A[14] is connected to registers with an asynchronous reset. This is preventing the possibility of merging these registers in to the DSP Block since the DSP block registers only possess synchronous reset capability.  It is suggested to recode or change these registers to remove the reset or use a synchronous reset to get the best optimization for performance, power and area.
Related violations: <none>

DPIR-1#7 Warning
Asynchronous driver check  
DSP Product1_out1 input pin Product1_out1/A[15] is connected to registers with an asynchronous reset. This is preventing the possibility of merging these registers in to the DSP Block since the DSP block registers only possess synchronous reset capability.  It is suggested to recode or change these registers to remove the reset or use a synchronous reset to get the best optimization for performance, power and area.
Related violations: <none>

DPIR-1#8 Warning
Asynchronous driver check  
DSP Product1_out1 input pin Product1_out1/A[16] is connected to registers with an asynchronous reset. This is preventing the possibility of merging these registers in to the DSP Block since the DSP block registers only possess synchronous reset capability.  It is suggested to recode or change these registers to remove the reset or use a synchronous reset to get the best optimization for performance, power and area.
Related violations: <none>

DPIR-1#9 Warning
Asynchronous driver check  
DSP Product1_out1 input pin Product1_out1/A[17] is connected to registers with an asynchronous reset. This is preventing the possibility of merging these registers in to the DSP Block since the DSP block registers only possess synchronous reset capability.  It is suggested to recode or change these registers to remove the reset or use a synchronous reset to get the best optimization for performance, power and area.
Related violations: <none>

DPIR-1#10 Warning
Asynchronous driver check  
DSP Product1_out1 input pin Product1_out1/A[18] is connected to registers with an asynchronous reset. This is preventing the possibility of merging these registers in to the DSP Block since the DSP block registers only possess synchronous reset capability.  It is suggested to recode or change these registers to remove the reset or use a synchronous reset to get the best optimization for performance, power and area.
Related violations: <none>

DPIR-1#11 Warning
Asynchronous driver check  
DSP Product1_out1 input pin Product1_out1/A[19] is connected to registers with an asynchronous reset. This is preventing the possibility of merging these registers in to the DSP Block since the DSP block registers only possess synchronous reset capability.  It is suggested to recode or change these registers to remove the reset or use a synchronous reset to get the best optimization for performance, power and area.
Related violations: <none>

DPIR-1#12 Warning
Asynchronous driver check  
DSP Product1_out1 input pin Product1_out1/A[1] is connected to registers with an asynchronous reset. This is preventing the possibility of merging these registers in to the DSP Block since the DSP block registers only possess synchronous reset capability.  It is suggested to recode or change these registers to remove the reset or use a synchronous reset to get the best optimization for performance, power and area.
Related violations: <none>

DPIR-1#13 Warning
Asynchronous driver check  
DSP Product1_out1 input pin Product1_out1/A[20] is connected to registers with an asynchronous reset. This is preventing the possibility of merging these registers in to the DSP Block since the DSP block registers only possess synchronous reset capability.  It is suggested to recode or change these registers to remove the reset or use a synchronous reset to get the best optimization for performance, power and area.
Related violations: <none>

DPIR-1#14 Warning
Asynchronous driver check  
DSP Product1_out1 input pin Product1_out1/A[21] is connected to registers with an asynchronous reset. This is preventing the possibility of merging these registers in to the DSP Block since the DSP block registers only possess synchronous reset capability.  It is suggested to recode or change these registers to remove the reset or use a synchronous reset to get the best optimization for performance, power and area.
Related violations: <none>

DPIR-1#15 Warning
Asynchronous driver check  
DSP Product1_out1 input pin Product1_out1/A[22] is connected to registers with an asynchronous reset. This is preventing the possibility of merging these registers in to the DSP Block since the DSP block registers only possess synchronous reset capability.  It is suggested to recode or change these registers to remove the reset or use a synchronous reset to get the best optimization for performance, power and area.
Related violations: <none>

DPIR-1#16 Warning
Asynchronous driver check  
DSP Product1_out1 input pin Product1_out1/A[23] is connected to registers with an asynchronous reset. This is preventing the possibility of merging these registers in to the DSP Block since the DSP block registers only possess synchronous reset capability.  It is suggested to recode or change these registers to remove the reset or use a synchronous reset to get the best optimization for performance, power and area.
Related violations: <none>

DPIR-1#17 Warning
Asynchronous driver check  
DSP Product1_out1 input pin Product1_out1/A[24] is connected to registers with an asynchronous reset. This is preventing the possibility of merging these registers in to the DSP Block since the DSP block registers only possess synchronous reset capability.  It is suggested to recode or change these registers to remove the reset or use a synchronous reset to get the best optimization for performance, power and area.
Related violations: <none>

DPIR-1#18 Warning
Asynchronous driver check  
DSP Product1_out1 input pin Product1_out1/A[25] is connected to registers with an asynchronous reset. This is preventing the possibility of merging these registers in to the DSP Block since the DSP block registers only possess synchronous reset capability.  It is suggested to recode or change these registers to remove the reset or use a synchronous reset to get the best optimization for performance, power and area.
Related violations: <none>

DPIR-1#19 Warning
Asynchronous driver check  
DSP Product1_out1 input pin Product1_out1/A[26] is connected to registers with an asynchronous reset. This is preventing the possibility of merging these registers in to the DSP Block since the DSP block registers only possess synchronous reset capability.  It is suggested to recode or change these registers to remove the reset or use a synchronous reset to get the best optimization for performance, power and area.
Related violations: <none>

DPIR-1#20 Warning
Asynchronous driver check  
DSP Product1_out1 input pin Product1_out1/A[27] is connected to registers with an asynchronous reset. This is preventing the possibility of merging these registers in to the DSP Block since the DSP block registers only possess synchronous reset capability.  It is suggested to recode or change these registers to remove the reset or use a synchronous reset to get the best optimization for performance, power and area.
Related violations: <none>

DPIR-1#21 Warning
Asynchronous driver check  
DSP Product1_out1 input pin Product1_out1/A[28] is connected to registers with an asynchronous reset. This is preventing the possibility of merging these registers in to the DSP Block since the DSP block registers only possess synchronous reset capability.  It is suggested to recode or change these registers to remove the reset or use a synchronous reset to get the best optimization for performance, power and area.
Related violations: <none>

DPIR-1#22 Warning
Asynchronous driver check  
DSP Product1_out1 input pin Product1_out1/A[29] is connected to registers with an asynchronous reset. This is preventing the possibility of merging these registers in to the DSP Block since the DSP block registers only possess synchronous reset capability.  It is suggested to recode or change these registers to remove the reset or use a synchronous reset to get the best optimization for performance, power and area.
Related violations: <none>

DPIR-1#23 Warning
Asynchronous driver check  
DSP Product1_out1 input pin Product1_out1/A[2] is connected to registers with an asynchronous reset. This is preventing the possibility of merging these registers in to the DSP Block since the DSP block registers only possess synchronous reset capability.  It is suggested to recode or change these registers to remove the reset or use a synchronous reset to get the best optimization for performance, power and area.
Related violations: <none>

DPIR-1#24 Warning
Asynchronous driver check  
DSP Product1_out1 input pin Product1_out1/A[3] is connected to registers with an asynchronous reset. This is preventing the possibility of merging these registers in to the DSP Block since the DSP block registers only possess synchronous reset capability.  It is suggested to recode or change these registers to remove the reset or use a synchronous reset to get the best optimization for performance, power and area.
Related violations: <none>

DPIR-1#25 Warning
Asynchronous driver check  
DSP Product1_out1 input pin Product1_out1/A[4] is connected to registers with an asynchronous reset. This is preventing the possibility of merging these registers in to the DSP Block since the DSP block registers only possess synchronous reset capability.  It is suggested to recode or change these registers to remove the reset or use a synchronous reset to get the best optimization for performance, power and area.
Related violations: <none>

DPIR-1#26 Warning
Asynchronous driver check  
DSP Product1_out1 input pin Product1_out1/A[5] is connected to registers with an asynchronous reset. This is preventing the possibility of merging these registers in to the DSP Block since the DSP block registers only possess synchronous reset capability.  It is suggested to recode or change these registers to remove the reset or use a synchronous reset to get the best optimization for performance, power and area.
Related violations: <none>

DPIR-1#27 Warning
Asynchronous driver check  
DSP Product1_out1 input pin Product1_out1/A[6] is connected to registers with an asynchronous reset. This is preventing the possibility of merging these registers in to the DSP Block since the DSP block registers only possess synchronous reset capability.  It is suggested to recode or change these registers to remove the reset or use a synchronous reset to get the best optimization for performance, power and area.
Related violations: <none>

DPIR-1#28 Warning
Asynchronous driver check  
DSP Product1_out1 input pin Product1_out1/A[7] is connected to registers with an asynchronous reset. This is preventing the possibility of merging these registers in to the DSP Block since the DSP block registers only possess synchronous reset capability.  It is suggested to recode or change these registers to remove the reset or use a synchronous reset to get the best optimization for performance, power and area.
Related violations: <none>

DPIR-1#29 Warning
Asynchronous driver check  
DSP Product1_out1 input pin Product1_out1/A[8] is connected to registers with an asynchronous reset. This is preventing the possibility of merging these registers in to the DSP Block since the DSP block registers only possess synchronous reset capability.  It is suggested to recode or change these registers to remove the reset or use a synchronous reset to get the best optimization for performance, power and area.
Related violations: <none>

DPIR-1#30 Warning
Asynchronous driver check  
DSP Product1_out1 input pin Product1_out1/A[9] is connected to registers with an asynchronous reset. This is preventing the possibility of merging these registers in to the DSP Block since the DSP block registers only possess synchronous reset capability.  It is suggested to recode or change these registers to remove the reset or use a synchronous reset to get the best optimization for performance, power and area.
Related violations: <none>

DPIR-1#31 Warning
Asynchronous driver check  
DSP Product1_out1 input pin Product1_out1/B[0] is connected to registers with an asynchronous reset. This is preventing the possibility of merging these registers in to the DSP Block since the DSP block registers only possess synchronous reset capability.  It is suggested to recode or change these registers to remove the reset or use a synchronous reset to get the best optimization for performance, power and area.
Related violations: <none>

DPIR-1#32 Warning
Asynchronous driver check  
DSP Product1_out1 input pin Product1_out1/B[10] is connected to registers with an asynchronous reset. This is preventing the possibility of merging these registers in to the DSP Block since the DSP block registers only possess synchronous reset capability.  It is suggested to recode or change these registers to remove the reset or use a synchronous reset to get the best optimization for performance, power and area.
Related violations: <none>

DPIR-1#33 Warning
Asynchronous driver check  
DSP Product1_out1 input pin Product1_out1/B[11] is connected to registers with an asynchronous reset. This is preventing the possibility of merging these registers in to the DSP Block since the DSP block registers only possess synchronous reset capability.  It is suggested to recode or change these registers to remove the reset or use a synchronous reset to get the best optimization for performance, power and area.
Related violations: <none>

DPIR-1#34 Warning
Asynchronous driver check  
DSP Product1_out1 input pin Product1_out1/B[12] is connected to registers with an asynchronous reset. This is preventing the possibility of merging these registers in to the DSP Block since the DSP block registers only possess synchronous reset capability.  It is suggested to recode or change these registers to remove the reset or use a synchronous reset to get the best optimization for performance, power and area.
Related violations: <none>

DPIR-1#35 Warning
Asynchronous driver check  
DSP Product1_out1 input pin Product1_out1/B[13] is connected to registers with an asynchronous reset. This is preventing the possibility of merging these registers in to the DSP Block since the DSP block registers only possess synchronous reset capability.  It is suggested to recode or change these registers to remove the reset or use a synchronous reset to get the best optimization for performance, power and area.
Related violations: <none>

DPIR-1#36 Warning
Asynchronous driver check  
DSP Product1_out1 input pin Product1_out1/B[14] is connected to registers with an asynchronous reset. This is preventing the possibility of merging these registers in to the DSP Block since the DSP block registers only possess synchronous reset capability.  It is suggested to recode or change these registers to remove the reset or use a synchronous reset to get the best optimization for performance, power and area.
Related violations: <none>

DPIR-1#37 Warning
Asynchronous driver check  
DSP Product1_out1 input pin Product1_out1/B[15] is connected to registers with an asynchronous reset. This is preventing the possibility of merging these registers in to the DSP Block since the DSP block registers only possess synchronous reset capability.  It is suggested to recode or change these registers to remove the reset or use a synchronous reset to get the best optimization for performance, power and area.
Related violations: <none>

DPIR-1#38 Warning
Asynchronous driver check  
DSP Product1_out1 input pin Product1_out1/B[16] is connected to registers with an asynchronous reset. This is preventing the possibility of merging these registers in to the DSP Block since the DSP block registers only possess synchronous reset capability.  It is suggested to recode or change these registers to remove the reset or use a synchronous reset to get the best optimization for performance, power and area.
Related violations: <none>

DPIR-1#39 Warning
Asynchronous driver check  
DSP Product1_out1 input pin Product1_out1/B[17] is connected to registers with an asynchronous reset. This is preventing the possibility of merging these registers in to the DSP Block since the DSP block registers only possess synchronous reset capability.  It is suggested to recode or change these registers to remove the reset or use a synchronous reset to get the best optimization for performance, power and area.
Related violations: <none>

DPIR-1#40 Warning
Asynchronous driver check  
DSP Product1_out1 input pin Product1_out1/B[1] is connected to registers with an asynchronous reset. This is preventing the possibility of merging these registers in to the DSP Block since the DSP block registers only possess synchronous reset capability.  It is suggested to recode or change these registers to remove the reset or use a synchronous reset to get the best optimization for performance, power and area.
Related violations: <none>

DPIR-1#41 Warning
Asynchronous driver check  
DSP Product1_out1 input pin Product1_out1/B[2] is connected to registers with an asynchronous reset. This is preventing the possibility of merging these registers in to the DSP Block since the DSP block registers only possess synchronous reset capability.  It is suggested to recode or change these registers to remove the reset or use a synchronous reset to get the best optimization for performance, power and area.
Related violations: <none>

DPIR-1#42 Warning
Asynchronous driver check  
DSP Product1_out1 input pin Product1_out1/B[3] is connected to registers with an asynchronous reset. This is preventing the possibility of merging these registers in to the DSP Block since the DSP block registers only possess synchronous reset capability.  It is suggested to recode or change these registers to remove the reset or use a synchronous reset to get the best optimization for performance, power and area.
Related violations: <none>

DPIR-1#43 Warning
Asynchronous driver check  
DSP Product1_out1 input pin Product1_out1/B[4] is connected to registers with an asynchronous reset. This is preventing the possibility of merging these registers in to the DSP Block since the DSP block registers only possess synchronous reset capability.  It is suggested to recode or change these registers to remove the reset or use a synchronous reset to get the best optimization for performance, power and area.
Related violations: <none>

DPIR-1#44 Warning
Asynchronous driver check  
DSP Product1_out1 input pin Product1_out1/B[5] is connected to registers with an asynchronous reset. This is preventing the possibility of merging these registers in to the DSP Block since the DSP block registers only possess synchronous reset capability.  It is suggested to recode or change these registers to remove the reset or use a synchronous reset to get the best optimization for performance, power and area.
Related violations: <none>

DPIR-1#45 Warning
Asynchronous driver check  
DSP Product1_out1 input pin Product1_out1/B[6] is connected to registers with an asynchronous reset. This is preventing the possibility of merging these registers in to the DSP Block since the DSP block registers only possess synchronous reset capability.  It is suggested to recode or change these registers to remove the reset or use a synchronous reset to get the best optimization for performance, power and area.
Related violations: <none>

DPIR-1#46 Warning
Asynchronous driver check  
DSP Product1_out1 input pin Product1_out1/B[7] is connected to registers with an asynchronous reset. This is preventing the possibility of merging these registers in to the DSP Block since the DSP block registers only possess synchronous reset capability.  It is suggested to recode or change these registers to remove the reset or use a synchronous reset to get the best optimization for performance, power and area.
Related violations: <none>

DPIR-1#47 Warning
Asynchronous driver check  
DSP Product1_out1 input pin Product1_out1/B[8] is connected to registers with an asynchronous reset. This is preventing the possibility of merging these registers in to the DSP Block since the DSP block registers only possess synchronous reset capability.  It is suggested to recode or change these registers to remove the reset or use a synchronous reset to get the best optimization for performance, power and area.
Related violations: <none>

DPIR-1#48 Warning
Asynchronous driver check  
DSP Product1_out1 input pin Product1_out1/B[9] is connected to registers with an asynchronous reset. This is preventing the possibility of merging these registers in to the DSP Block since the DSP block registers only possess synchronous reset capability.  It is suggested to recode or change these registers to remove the reset or use a synchronous reset to get the best optimization for performance, power and area.
Related violations: <none>

DPIR-1#49 Warning
Asynchronous driver check  
DSP Product_out1 input pin Product_out1/A[0] is connected to registers with an asynchronous reset. This is preventing the possibility of merging these registers in to the DSP Block since the DSP block registers only possess synchronous reset capability.  It is suggested to recode or change these registers to remove the reset or use a synchronous reset to get the best optimization for performance, power and area.
Related violations: <none>

DPIR-1#50 Warning
Asynchronous driver check  
DSP Product_out1 input pin Product_out1/A[10] is connected to registers with an asynchronous reset. This is preventing the possibility of merging these registers in to the DSP Block since the DSP block registers only possess synchronous reset capability.  It is suggested to recode or change these registers to remove the reset or use a synchronous reset to get the best optimization for performance, power and area.
Related violations: <none>

DPIR-1#51 Warning
Asynchronous driver check  
DSP Product_out1 input pin Product_out1/A[11] is connected to registers with an asynchronous reset. This is preventing the possibility of merging these registers in to the DSP Block since the DSP block registers only possess synchronous reset capability.  It is suggested to recode or change these registers to remove the reset or use a synchronous reset to get the best optimization for performance, power and area.
Related violations: <none>

DPIR-1#52 Warning
Asynchronous driver check  
DSP Product_out1 input pin Product_out1/A[12] is connected to registers with an asynchronous reset. This is preventing the possibility of merging these registers in to the DSP Block since the DSP block registers only possess synchronous reset capability.  It is suggested to recode or change these registers to remove the reset or use a synchronous reset to get the best optimization for performance, power and area.
Related violations: <none>

DPIR-1#53 Warning
Asynchronous driver check  
DSP Product_out1 input pin Product_out1/A[13] is connected to registers with an asynchronous reset. This is preventing the possibility of merging these registers in to the DSP Block since the DSP block registers only possess synchronous reset capability.  It is suggested to recode or change these registers to remove the reset or use a synchronous reset to get the best optimization for performance, power and area.
Related violations: <none>

DPIR-1#54 Warning
Asynchronous driver check  
DSP Product_out1 input pin Product_out1/A[14] is connected to registers with an asynchronous reset. This is preventing the possibility of merging these registers in to the DSP Block since the DSP block registers only possess synchronous reset capability.  It is suggested to recode or change these registers to remove the reset or use a synchronous reset to get the best optimization for performance, power and area.
Related violations: <none>

DPIR-1#55 Warning
Asynchronous driver check  
DSP Product_out1 input pin Product_out1/A[15] is connected to registers with an asynchronous reset. This is preventing the possibility of merging these registers in to the DSP Block since the DSP block registers only possess synchronous reset capability.  It is suggested to recode or change these registers to remove the reset or use a synchronous reset to get the best optimization for performance, power and area.
Related violations: <none>

DPIR-1#56 Warning
Asynchronous driver check  
DSP Product_out1 input pin Product_out1/A[16] is connected to registers with an asynchronous reset. This is preventing the possibility of merging these registers in to the DSP Block since the DSP block registers only possess synchronous reset capability.  It is suggested to recode or change these registers to remove the reset or use a synchronous reset to get the best optimization for performance, power and area.
Related violations: <none>

DPIR-1#57 Warning
Asynchronous driver check  
DSP Product_out1 input pin Product_out1/A[17] is connected to registers with an asynchronous reset. This is preventing the possibility of merging these registers in to the DSP Block since the DSP block registers only possess synchronous reset capability.  It is suggested to recode or change these registers to remove the reset or use a synchronous reset to get the best optimization for performance, power and area.
Related violations: <none>

DPIR-1#58 Warning
Asynchronous driver check  
DSP Product_out1 input pin Product_out1/A[18] is connected to registers with an asynchronous reset. This is preventing the possibility of merging these registers in to the DSP Block since the DSP block registers only possess synchronous reset capability.  It is suggested to recode or change these registers to remove the reset or use a synchronous reset to get the best optimization for performance, power and area.
Related violations: <none>

DPIR-1#59 Warning
Asynchronous driver check  
DSP Product_out1 input pin Product_out1/A[19] is connected to registers with an asynchronous reset. This is preventing the possibility of merging these registers in to the DSP Block since the DSP block registers only possess synchronous reset capability.  It is suggested to recode or change these registers to remove the reset or use a synchronous reset to get the best optimization for performance, power and area.
Related violations: <none>

DPIR-1#60 Warning
Asynchronous driver check  
DSP Product_out1 input pin Product_out1/A[1] is connected to registers with an asynchronous reset. This is preventing the possibility of merging these registers in to the DSP Block since the DSP block registers only possess synchronous reset capability.  It is suggested to recode or change these registers to remove the reset or use a synchronous reset to get the best optimization for performance, power and area.
Related violations: <none>

DPIR-1#61 Warning
Asynchronous driver check  
DSP Product_out1 input pin Product_out1/A[20] is connected to registers with an asynchronous reset. This is preventing the possibility of merging these registers in to the DSP Block since the DSP block registers only possess synchronous reset capability.  It is suggested to recode or change these registers to remove the reset or use a synchronous reset to get the best optimization for performance, power and area.
Related violations: <none>

DPIR-1#62 Warning
Asynchronous driver check  
DSP Product_out1 input pin Product_out1/A[21] is connected to registers with an asynchronous reset. This is preventing the possibility of merging these registers in to the DSP Block since the DSP block registers only possess synchronous reset capability.  It is suggested to recode or change these registers to remove the reset or use a synchronous reset to get the best optimization for performance, power and area.
Related violations: <none>

DPIR-1#63 Warning
Asynchronous driver check  
DSP Product_out1 input pin Product_out1/A[22] is connected to registers with an asynchronous reset. This is preventing the possibility of merging these registers in to the DSP Block since the DSP block registers only possess synchronous reset capability.  It is suggested to recode or change these registers to remove the reset or use a synchronous reset to get the best optimization for performance, power and area.
Related violations: <none>

DPIR-1#64 Warning
Asynchronous driver check  
DSP Product_out1 input pin Product_out1/A[23] is connected to registers with an asynchronous reset. This is preventing the possibility of merging these registers in to the DSP Block since the DSP block registers only possess synchronous reset capability.  It is suggested to recode or change these registers to remove the reset or use a synchronous reset to get the best optimization for performance, power and area.
Related violations: <none>

DPIR-1#65 Warning
Asynchronous driver check  
DSP Product_out1 input pin Product_out1/A[24] is connected to registers with an asynchronous reset. This is preventing the possibility of merging these registers in to the DSP Block since the DSP block registers only possess synchronous reset capability.  It is suggested to recode or change these registers to remove the reset or use a synchronous reset to get the best optimization for performance, power and area.
Related violations: <none>

DPIR-1#66 Warning
Asynchronous driver check  
DSP Product_out1 input pin Product_out1/A[25] is connected to registers with an asynchronous reset. This is preventing the possibility of merging these registers in to the DSP Block since the DSP block registers only possess synchronous reset capability.  It is suggested to recode or change these registers to remove the reset or use a synchronous reset to get the best optimization for performance, power and area.
Related violations: <none>

DPIR-1#67 Warning
Asynchronous driver check  
DSP Product_out1 input pin Product_out1/A[26] is connected to registers with an asynchronous reset. This is preventing the possibility of merging these registers in to the DSP Block since the DSP block registers only possess synchronous reset capability.  It is suggested to recode or change these registers to remove the reset or use a synchronous reset to get the best optimization for performance, power and area.
Related violations: <none>

DPIR-1#68 Warning
Asynchronous driver check  
DSP Product_out1 input pin Product_out1/A[27] is connected to registers with an asynchronous reset. This is preventing the possibility of merging these registers in to the DSP Block since the DSP block registers only possess synchronous reset capability.  It is suggested to recode or change these registers to remove the reset or use a synchronous reset to get the best optimization for performance, power and area.
Related violations: <none>

DPIR-1#69 Warning
Asynchronous driver check  
DSP Product_out1 input pin Product_out1/A[28] is connected to registers with an asynchronous reset. This is preventing the possibility of merging these registers in to the DSP Block since the DSP block registers only possess synchronous reset capability.  It is suggested to recode or change these registers to remove the reset or use a synchronous reset to get the best optimization for performance, power and area.
Related violations: <none>

DPIR-1#70 Warning
Asynchronous driver check  
DSP Product_out1 input pin Product_out1/A[29] is connected to registers with an asynchronous reset. This is preventing the possibility of merging these registers in to the DSP Block since the DSP block registers only possess synchronous reset capability.  It is suggested to recode or change these registers to remove the reset or use a synchronous reset to get the best optimization for performance, power and area.
Related violations: <none>

DPIR-1#71 Warning
Asynchronous driver check  
DSP Product_out1 input pin Product_out1/A[2] is connected to registers with an asynchronous reset. This is preventing the possibility of merging these registers in to the DSP Block since the DSP block registers only possess synchronous reset capability.  It is suggested to recode or change these registers to remove the reset or use a synchronous reset to get the best optimization for performance, power and area.
Related violations: <none>

DPIR-1#72 Warning
Asynchronous driver check  
DSP Product_out1 input pin Product_out1/A[3] is connected to registers with an asynchronous reset. This is preventing the possibility of merging these registers in to the DSP Block since the DSP block registers only possess synchronous reset capability.  It is suggested to recode or change these registers to remove the reset or use a synchronous reset to get the best optimization for performance, power and area.
Related violations: <none>

DPIR-1#73 Warning
Asynchronous driver check  
DSP Product_out1 input pin Product_out1/A[4] is connected to registers with an asynchronous reset. This is preventing the possibility of merging these registers in to the DSP Block since the DSP block registers only possess synchronous reset capability.  It is suggested to recode or change these registers to remove the reset or use a synchronous reset to get the best optimization for performance, power and area.
Related violations: <none>

DPIR-1#74 Warning
Asynchronous driver check  
DSP Product_out1 input pin Product_out1/A[5] is connected to registers with an asynchronous reset. This is preventing the possibility of merging these registers in to the DSP Block since the DSP block registers only possess synchronous reset capability.  It is suggested to recode or change these registers to remove the reset or use a synchronous reset to get the best optimization for performance, power and area.
Related violations: <none>

DPIR-1#75 Warning
Asynchronous driver check  
DSP Product_out1 input pin Product_out1/A[6] is connected to registers with an asynchronous reset. This is preventing the possibility of merging these registers in to the DSP Block since the DSP block registers only possess synchronous reset capability.  It is suggested to recode or change these registers to remove the reset or use a synchronous reset to get the best optimization for performance, power and area.
Related violations: <none>

DPIR-1#76 Warning
Asynchronous driver check  
DSP Product_out1 input pin Product_out1/A[7] is connected to registers with an asynchronous reset. This is preventing the possibility of merging these registers in to the DSP Block since the DSP block registers only possess synchronous reset capability.  It is suggested to recode or change these registers to remove the reset or use a synchronous reset to get the best optimization for performance, power and area.
Related violations: <none>

DPIR-1#77 Warning
Asynchronous driver check  
DSP Product_out1 input pin Product_out1/A[8] is connected to registers with an asynchronous reset. This is preventing the possibility of merging these registers in to the DSP Block since the DSP block registers only possess synchronous reset capability.  It is suggested to recode or change these registers to remove the reset or use a synchronous reset to get the best optimization for performance, power and area.
Related violations: <none>

DPIR-1#78 Warning
Asynchronous driver check  
DSP Product_out1 input pin Product_out1/A[9] is connected to registers with an asynchronous reset. This is preventing the possibility of merging these registers in to the DSP Block since the DSP block registers only possess synchronous reset capability.  It is suggested to recode or change these registers to remove the reset or use a synchronous reset to get the best optimization for performance, power and area.
Related violations: <none>

DPIR-1#79 Warning
Asynchronous driver check  
DSP Product_out1 input pin Product_out1/B[0] is connected to registers with an asynchronous reset. This is preventing the possibility of merging these registers in to the DSP Block since the DSP block registers only possess synchronous reset capability.  It is suggested to recode or change these registers to remove the reset or use a synchronous reset to get the best optimization for performance, power and area.
Related violations: <none>

DPIR-1#80 Warning
Asynchronous driver check  
DSP Product_out1 input pin Product_out1/B[10] is connected to registers with an asynchronous reset. This is preventing the possibility of merging these registers in to the DSP Block since the DSP block registers only possess synchronous reset capability.  It is suggested to recode or change these registers to remove the reset or use a synchronous reset to get the best optimization for performance, power and area.
Related violations: <none>

DPIR-1#81 Warning
Asynchronous driver check  
DSP Product_out1 input pin Product_out1/B[11] is connected to registers with an asynchronous reset. This is preventing the possibility of merging these registers in to the DSP Block since the DSP block registers only possess synchronous reset capability.  It is suggested to recode or change these registers to remove the reset or use a synchronous reset to get the best optimization for performance, power and area.
Related violations: <none>

DPIR-1#82 Warning
Asynchronous driver check  
DSP Product_out1 input pin Product_out1/B[12] is connected to registers with an asynchronous reset. This is preventing the possibility of merging these registers in to the DSP Block since the DSP block registers only possess synchronous reset capability.  It is suggested to recode or change these registers to remove the reset or use a synchronous reset to get the best optimization for performance, power and area.
Related violations: <none>

DPIR-1#83 Warning
Asynchronous driver check  
DSP Product_out1 input pin Product_out1/B[13] is connected to registers with an asynchronous reset. This is preventing the possibility of merging these registers in to the DSP Block since the DSP block registers only possess synchronous reset capability.  It is suggested to recode or change these registers to remove the reset or use a synchronous reset to get the best optimization for performance, power and area.
Related violations: <none>

DPIR-1#84 Warning
Asynchronous driver check  
DSP Product_out1 input pin Product_out1/B[14] is connected to registers with an asynchronous reset. This is preventing the possibility of merging these registers in to the DSP Block since the DSP block registers only possess synchronous reset capability.  It is suggested to recode or change these registers to remove the reset or use a synchronous reset to get the best optimization for performance, power and area.
Related violations: <none>

DPIR-1#85 Warning
Asynchronous driver check  
DSP Product_out1 input pin Product_out1/B[15] is connected to registers with an asynchronous reset. This is preventing the possibility of merging these registers in to the DSP Block since the DSP block registers only possess synchronous reset capability.  It is suggested to recode or change these registers to remove the reset or use a synchronous reset to get the best optimization for performance, power and area.
Related violations: <none>

DPIR-1#86 Warning
Asynchronous driver check  
DSP Product_out1 input pin Product_out1/B[16] is connected to registers with an asynchronous reset. This is preventing the possibility of merging these registers in to the DSP Block since the DSP block registers only possess synchronous reset capability.  It is suggested to recode or change these registers to remove the reset or use a synchronous reset to get the best optimization for performance, power and area.
Related violations: <none>

DPIR-1#87 Warning
Asynchronous driver check  
DSP Product_out1 input pin Product_out1/B[17] is connected to registers with an asynchronous reset. This is preventing the possibility of merging these registers in to the DSP Block since the DSP block registers only possess synchronous reset capability.  It is suggested to recode or change these registers to remove the reset or use a synchronous reset to get the best optimization for performance, power and area.
Related violations: <none>

DPIR-1#88 Warning
Asynchronous driver check  
DSP Product_out1 input pin Product_out1/B[1] is connected to registers with an asynchronous reset. This is preventing the possibility of merging these registers in to the DSP Block since the DSP block registers only possess synchronous reset capability.  It is suggested to recode or change these registers to remove the reset or use a synchronous reset to get the best optimization for performance, power and area.
Related violations: <none>

DPIR-1#89 Warning
Asynchronous driver check  
DSP Product_out1 input pin Product_out1/B[2] is connected to registers with an asynchronous reset. This is preventing the possibility of merging these registers in to the DSP Block since the DSP block registers only possess synchronous reset capability.  It is suggested to recode or change these registers to remove the reset or use a synchronous reset to get the best optimization for performance, power and area.
Related violations: <none>

DPIR-1#90 Warning
Asynchronous driver check  
DSP Product_out1 input pin Product_out1/B[3] is connected to registers with an asynchronous reset. This is preventing the possibility of merging these registers in to the DSP Block since the DSP block registers only possess synchronous reset capability.  It is suggested to recode or change these registers to remove the reset or use a synchronous reset to get the best optimization for performance, power and area.
Related violations: <none>

DPIR-1#91 Warning
Asynchronous driver check  
DSP Product_out1 input pin Product_out1/B[4] is connected to registers with an asynchronous reset. This is preventing the possibility of merging these registers in to the DSP Block since the DSP block registers only possess synchronous reset capability.  It is suggested to recode or change these registers to remove the reset or use a synchronous reset to get the best optimization for performance, power and area.
Related violations: <none>

DPIR-1#92 Warning
Asynchronous driver check  
DSP Product_out1 input pin Product_out1/B[5] is connected to registers with an asynchronous reset. This is preventing the possibility of merging these registers in to the DSP Block since the DSP block registers only possess synchronous reset capability.  It is suggested to recode or change these registers to remove the reset or use a synchronous reset to get the best optimization for performance, power and area.
Related violations: <none>

DPIR-1#93 Warning
Asynchronous driver check  
DSP Product_out1 input pin Product_out1/B[6] is connected to registers with an asynchronous reset. This is preventing the possibility of merging these registers in to the DSP Block since the DSP block registers only possess synchronous reset capability.  It is suggested to recode or change these registers to remove the reset or use a synchronous reset to get the best optimization for performance, power and area.
Related violations: <none>

DPIR-1#94 Warning
Asynchronous driver check  
DSP Product_out1 input pin Product_out1/B[7] is connected to registers with an asynchronous reset. This is preventing the possibility of merging these registers in to the DSP Block since the DSP block registers only possess synchronous reset capability.  It is suggested to recode or change these registers to remove the reset or use a synchronous reset to get the best optimization for performance, power and area.
Related violations: <none>

DPIR-1#95 Warning
Asynchronous driver check  
DSP Product_out1 input pin Product_out1/B[8] is connected to registers with an asynchronous reset. This is preventing the possibility of merging these registers in to the DSP Block since the DSP block registers only possess synchronous reset capability.  It is suggested to recode or change these registers to remove the reset or use a synchronous reset to get the best optimization for performance, power and area.
Related violations: <none>

DPIR-1#96 Warning
Asynchronous driver check  
DSP Product_out1 input pin Product_out1/B[9] is connected to registers with an asynchronous reset. This is preventing the possibility of merging these registers in to the DSP Block since the DSP block registers only possess synchronous reset capability.  It is suggested to recode or change these registers to remove the reset or use a synchronous reset to get the best optimization for performance, power and area.
Related violations: <none>

TIMING-18#1 Warning
Missing input or output delay  
An input delay is missing on amplitude[0] relative to clock(s) MWCLK
Related violations: <none>

TIMING-18#2 Warning
Missing input or output delay  
An input delay is missing on amplitude[10] relative to clock(s) MWCLK
Related violations: <none>

TIMING-18#3 Warning
Missing input or output delay  
An input delay is missing on amplitude[11] relative to clock(s) MWCLK
Related violations: <none>

TIMING-18#4 Warning
Missing input or output delay  
An input delay is missing on amplitude[12] relative to clock(s) MWCLK
Related violations: <none>

TIMING-18#5 Warning
Missing input or output delay  
An input delay is missing on amplitude[13] relative to clock(s) MWCLK
Related violations: <none>

TIMING-18#6 Warning
Missing input or output delay  
An input delay is missing on amplitude[14] relative to clock(s) MWCLK
Related violations: <none>

TIMING-18#7 Warning
Missing input or output delay  
An input delay is missing on amplitude[15] relative to clock(s) MWCLK
Related violations: <none>

TIMING-18#8 Warning
Missing input or output delay  
An input delay is missing on amplitude[1] relative to clock(s) MWCLK
Related violations: <none>

TIMING-18#9 Warning
Missing input or output delay  
An input delay is missing on amplitude[2] relative to clock(s) MWCLK
Related violations: <none>

TIMING-18#10 Warning
Missing input or output delay  
An input delay is missing on amplitude[3] relative to clock(s) MWCLK
Related violations: <none>

TIMING-18#11 Warning
Missing input or output delay  
An input delay is missing on amplitude[4] relative to clock(s) MWCLK
Related violations: <none>

TIMING-18#12 Warning
Missing input or output delay  
An input delay is missing on amplitude[5] relative to clock(s) MWCLK
Related violations: <none>

TIMING-18#13 Warning
Missing input or output delay  
An input delay is missing on amplitude[6] relative to clock(s) MWCLK
Related violations: <none>

TIMING-18#14 Warning
Missing input or output delay  
An input delay is missing on amplitude[7] relative to clock(s) MWCLK
Related violations: <none>

TIMING-18#15 Warning
Missing input or output delay  
An input delay is missing on amplitude[8] relative to clock(s) MWCLK
Related violations: <none>

TIMING-18#16 Warning
Missing input or output delay  
An input delay is missing on amplitude[9] relative to clock(s) MWCLK
Related violations: <none>

TIMING-18#17 Warning
Missing input or output delay  
An input delay is missing on clk_enable relative to clock(s) MWCLK
Related violations: <none>

TIMING-18#18 Warning
Missing input or output delay  
An input delay is missing on input_sequence_0 relative to clock(s) MWCLK
Related violations: <none>

TIMING-18#19 Warning
Missing input or output delay  
An input delay is missing on input_sequence_1 relative to clock(s) MWCLK
Related violations: <none>

TIMING-18#20 Warning
Missing input or output delay  
An input delay is missing on input_sequence_2 relative to clock(s) MWCLK
Related violations: <none>

TIMING-18#21 Warning
Missing input or output delay  
An input delay is missing on reset_x relative to clock(s) MWCLK
Related violations: <none>

TIMING-18#22 Warning
Missing input or output delay  
An output delay is missing on inphase[0] relative to clock(s) MWCLK
Related violations: <none>

TIMING-18#23 Warning
Missing input or output delay  
An output delay is missing on inphase[10] relative to clock(s) MWCLK
Related violations: <none>

TIMING-18#24 Warning
Missing input or output delay  
An output delay is missing on inphase[11] relative to clock(s) MWCLK
Related violations: <none>

TIMING-18#25 Warning
Missing input or output delay  
An output delay is missing on inphase[12] relative to clock(s) MWCLK
Related violations: <none>

TIMING-18#26 Warning
Missing input or output delay  
An output delay is missing on inphase[13] relative to clock(s) MWCLK
Related violations: <none>

TIMING-18#27 Warning
Missing input or output delay  
An output delay is missing on inphase[14] relative to clock(s) MWCLK
Related violations: <none>

TIMING-18#28 Warning
Missing input or output delay  
An output delay is missing on inphase[15] relative to clock(s) MWCLK
Related violations: <none>

TIMING-18#29 Warning
Missing input or output delay  
An output delay is missing on inphase[16] relative to clock(s) MWCLK
Related violations: <none>

TIMING-18#30 Warning
Missing input or output delay  
An output delay is missing on inphase[17] relative to clock(s) MWCLK
Related violations: <none>

TIMING-18#31 Warning
Missing input or output delay  
An output delay is missing on inphase[18] relative to clock(s) MWCLK
Related violations: <none>

TIMING-18#32 Warning
Missing input or output delay  
An output delay is missing on inphase[19] relative to clock(s) MWCLK
Related violations: <none>

TIMING-18#33 Warning
Missing input or output delay  
An output delay is missing on inphase[1] relative to clock(s) MWCLK
Related violations: <none>

TIMING-18#34 Warning
Missing input or output delay  
An output delay is missing on inphase[20] relative to clock(s) MWCLK
Related violations: <none>

TIMING-18#35 Warning
Missing input or output delay  
An output delay is missing on inphase[21] relative to clock(s) MWCLK
Related violations: <none>

TIMING-18#36 Warning
Missing input or output delay  
An output delay is missing on inphase[22] relative to clock(s) MWCLK
Related violations: <none>

TIMING-18#37 Warning
Missing input or output delay  
An output delay is missing on inphase[23] relative to clock(s) MWCLK
Related violations: <none>

TIMING-18#38 Warning
Missing input or output delay  
An output delay is missing on inphase[24] relative to clock(s) MWCLK
Related violations: <none>

TIMING-18#39 Warning
Missing input or output delay  
An output delay is missing on inphase[25] relative to clock(s) MWCLK
Related violations: <none>

TIMING-18#40 Warning
Missing input or output delay  
An output delay is missing on inphase[26] relative to clock(s) MWCLK
Related violations: <none>

TIMING-18#41 Warning
Missing input or output delay  
An output delay is missing on inphase[27] relative to clock(s) MWCLK
Related violations: <none>

TIMING-18#42 Warning
Missing input or output delay  
An output delay is missing on inphase[28] relative to clock(s) MWCLK
Related violations: <none>

TIMING-18#43 Warning
Missing input or output delay  
An output delay is missing on inphase[29] relative to clock(s) MWCLK
Related violations: <none>

TIMING-18#44 Warning
Missing input or output delay  
An output delay is missing on inphase[2] relative to clock(s) MWCLK
Related violations: <none>

TIMING-18#45 Warning
Missing input or output delay  
An output delay is missing on inphase[30] relative to clock(s) MWCLK
Related violations: <none>

TIMING-18#46 Warning
Missing input or output delay  
An output delay is missing on inphase[31] relative to clock(s) MWCLK
Related violations: <none>

TIMING-18#47 Warning
Missing input or output delay  
An output delay is missing on inphase[32] relative to clock(s) MWCLK
Related violations: <none>

TIMING-18#48 Warning
Missing input or output delay  
An output delay is missing on inphase[3] relative to clock(s) MWCLK
Related violations: <none>

TIMING-18#49 Warning
Missing input or output delay  
An output delay is missing on inphase[4] relative to clock(s) MWCLK
Related violations: <none>

TIMING-18#50 Warning
Missing input or output delay  
An output delay is missing on inphase[5] relative to clock(s) MWCLK
Related violations: <none>

TIMING-18#51 Warning
Missing input or output delay  
An output delay is missing on inphase[6] relative to clock(s) MWCLK
Related violations: <none>

TIMING-18#52 Warning
Missing input or output delay  
An output delay is missing on inphase[7] relative to clock(s) MWCLK
Related violations: <none>

TIMING-18#53 Warning
Missing input or output delay  
An output delay is missing on inphase[8] relative to clock(s) MWCLK
Related violations: <none>

TIMING-18#54 Warning
Missing input or output delay  
An output delay is missing on inphase[9] relative to clock(s) MWCLK
Related violations: <none>

TIMING-18#55 Warning
Missing input or output delay  
An output delay is missing on quadrature[0] relative to clock(s) MWCLK
Related violations: <none>

TIMING-18#56 Warning
Missing input or output delay  
An output delay is missing on quadrature[10] relative to clock(s) MWCLK
Related violations: <none>

TIMING-18#57 Warning
Missing input or output delay  
An output delay is missing on quadrature[11] relative to clock(s) MWCLK
Related violations: <none>

TIMING-18#58 Warning
Missing input or output delay  
An output delay is missing on quadrature[12] relative to clock(s) MWCLK
Related violations: <none>

TIMING-18#59 Warning
Missing input or output delay  
An output delay is missing on quadrature[13] relative to clock(s) MWCLK
Related violations: <none>

TIMING-18#60 Warning
Missing input or output delay  
An output delay is missing on quadrature[14] relative to clock(s) MWCLK
Related violations: <none>

TIMING-18#61 Warning
Missing input or output delay  
An output delay is missing on quadrature[15] relative to clock(s) MWCLK
Related violations: <none>

TIMING-18#62 Warning
Missing input or output delay  
An output delay is missing on quadrature[16] relative to clock(s) MWCLK
Related violations: <none>

TIMING-18#63 Warning
Missing input or output delay  
An output delay is missing on quadrature[17] relative to clock(s) MWCLK
Related violations: <none>

TIMING-18#64 Warning
Missing input or output delay  
An output delay is missing on quadrature[18] relative to clock(s) MWCLK
Related violations: <none>

TIMING-18#65 Warning
Missing input or output delay  
An output delay is missing on quadrature[19] relative to clock(s) MWCLK
Related violations: <none>

TIMING-18#66 Warning
Missing input or output delay  
An output delay is missing on quadrature[1] relative to clock(s) MWCLK
Related violations: <none>

TIMING-18#67 Warning
Missing input or output delay  
An output delay is missing on quadrature[20] relative to clock(s) MWCLK
Related violations: <none>

TIMING-18#68 Warning
Missing input or output delay  
An output delay is missing on quadrature[21] relative to clock(s) MWCLK
Related violations: <none>

TIMING-18#69 Warning
Missing input or output delay  
An output delay is missing on quadrature[22] relative to clock(s) MWCLK
Related violations: <none>

TIMING-18#70 Warning
Missing input or output delay  
An output delay is missing on quadrature[23] relative to clock(s) MWCLK
Related violations: <none>

TIMING-18#71 Warning
Missing input or output delay  
An output delay is missing on quadrature[24] relative to clock(s) MWCLK
Related violations: <none>

TIMING-18#72 Warning
Missing input or output delay  
An output delay is missing on quadrature[25] relative to clock(s) MWCLK
Related violations: <none>

TIMING-18#73 Warning
Missing input or output delay  
An output delay is missing on quadrature[26] relative to clock(s) MWCLK
Related violations: <none>

TIMING-18#74 Warning
Missing input or output delay  
An output delay is missing on quadrature[27] relative to clock(s) MWCLK
Related violations: <none>

TIMING-18#75 Warning
Missing input or output delay  
An output delay is missing on quadrature[28] relative to clock(s) MWCLK
Related violations: <none>

TIMING-18#76 Warning
Missing input or output delay  
An output delay is missing on quadrature[29] relative to clock(s) MWCLK
Related violations: <none>

TIMING-18#77 Warning
Missing input or output delay  
An output delay is missing on quadrature[2] relative to clock(s) MWCLK
Related violations: <none>

TIMING-18#78 Warning
Missing input or output delay  
An output delay is missing on quadrature[30] relative to clock(s) MWCLK
Related violations: <none>

TIMING-18#79 Warning
Missing input or output delay  
An output delay is missing on quadrature[31] relative to clock(s) MWCLK
Related violations: <none>

TIMING-18#80 Warning
Missing input or output delay  
An output delay is missing on quadrature[32] relative to clock(s) MWCLK
Related violations: <none>

TIMING-18#81 Warning
Missing input or output delay  
An output delay is missing on quadrature[3] relative to clock(s) MWCLK
Related violations: <none>

TIMING-18#82 Warning
Missing input or output delay  
An output delay is missing on quadrature[4] relative to clock(s) MWCLK
Related violations: <none>

TIMING-18#83 Warning
Missing input or output delay  
An output delay is missing on quadrature[5] relative to clock(s) MWCLK
Related violations: <none>

TIMING-18#84 Warning
Missing input or output delay  
An output delay is missing on quadrature[6] relative to clock(s) MWCLK
Related violations: <none>

TIMING-18#85 Warning
Missing input or output delay  
An output delay is missing on quadrature[7] relative to clock(s) MWCLK
Related violations: <none>

TIMING-18#86 Warning
Missing input or output delay  
An output delay is missing on quadrature[8] relative to clock(s) MWCLK
Related violations: <none>

TIMING-18#87 Warning
Missing input or output delay  
An output delay is missing on quadrature[9] relative to clock(s) MWCLK
Related violations: <none>


