Copyright 1986-2020 Xilinx, Inc. All Rights Reserved.
-------------------------------------------------------------------------------------------------------
| Tool Version : Vivado v.2020.1.1 (lin64) Build 2960000 Wed Aug  5 22:57:21 MDT 2020
| Date         : Sun Nov 29 19:47:14 2020
| Host         : Wardo running 64-bit Ubuntu 18.04.5 LTS
| Command      : report_control_sets -verbose -file mlhdlc_sysobj_ex_fixpt_fil_control_sets_placed.rpt
| Design       : mlhdlc_sysobj_ex_fixpt_fil
| Device       : xc7z020
-------------------------------------------------------------------------------------------------------

Control Set Information

Table of Contents
-----------------
1. Summary
2. Histogram
3. Flip-Flop Distribution
4. Detailed Control Set Information

1. Summary
----------

+----------------------------------------------------------+-------+
|                          Status                          | Count |
+----------------------------------------------------------+-------+
| Total control sets                                       |    34 |
|    Minimum number of control sets                        |    34 |
|    Addition due to synthesis replication                 |     0 |
|    Addition due to physical synthesis replication        |     0 |
| Unused register locations in slices containing registers |    66 |
+----------------------------------------------------------+-------+
* Control sets can be merged at opt_design using control_set_merge or merge_equivalent_drivers
** Run report_qor_suggestions for automated merging and remapping suggestions


2. Histogram
------------

+--------------------+-------+
|       Fanout       | Count |
+--------------------+-------+
| Total control sets |    34 |
| >= 0 to < 4        |     1 |
| >= 4 to < 6        |     6 |
| >= 6 to < 8        |     2 |
| >= 8 to < 10       |     2 |
| >= 10 to < 12      |     1 |
| >= 12 to < 14      |     4 |
| >= 14 to < 16      |     4 |
| >= 16              |    14 |
+--------------------+-------+
* Control sets can be remapped at either synth_design or opt_design


3. Flip-Flop Distribution
-------------------------

+--------------+-----------------------+------------------------+-----------------+--------------+
| Clock Enable | Synchronous Set/Reset | Asynchronous Set/Reset | Total Registers | Total Slices |
+--------------+-----------------------+------------------------+-----------------+--------------+
| No           | No                    | No                     |             392 |           96 |
| No           | No                    | Yes                    |               0 |            0 |
| No           | Yes                   | No                     |             323 |          102 |
| Yes          | No                    | No                     |             102 |           23 |
| Yes          | No                    | Yes                    |             112 |           28 |
| Yes          | Yes                   | No                     |             253 |           63 |
+--------------+-----------------------+------------------------+-----------------+--------------+


4. Detailed Control Set Information
-----------------------------------

+----------------------------+-------------------------------------------------------------------------------------------------------------------------------+--------------------------------------------------------------------------------------------------------------------------------------------------------+------------------+----------------+--------------+
|        Clock Signal        |                                                         Enable Signal                                                         |                                                                    Set/Reset Signal                                                                    | Slice Load Count | Bel Load Count | Bels / Slice |
+----------------------------+-------------------------------------------------------------------------------------------------------------------------------+--------------------------------------------------------------------------------------------------------------------------------------------------------+------------------+----------------+--------------+
|  u_clk_wiz_0/inst/clk_out1 |                                                                                                                               | u_jtag_mac/u_pre_chif_fifo/u_jtag_mac_fifo/U0/inst_fifo_gen/gconvfifo.rf/grf.rf/rstblk/ngwrdrst.grst.g7serrst.gsckt_wrst.gic_rst.sckt_rd_rst_ic_reg_0  |                1 |              3 |         3.00 |
|  u_clk_wiz_0/inst/clk_out1 |                                                                                                                               | u_jtag_mac/u_post_chif_fifo/u_jtag_mac_fifo/U0/inst_fifo_gen/gconvfifo.rf/grf.rf/rstblk/ngwrdrst.grst.g7serrst.gsckt_wrst.gic_rst.sckt_wr_rst_ic_reg_0 |                2 |              4 |         2.00 |
|  TCK_BUFG                  |                                                                                                                               | u_jtag_mac/u_pre_chif_fifo/u_jtag_mac_fifo/U0/inst_fifo_gen/gconvfifo.rf/grf.rf/rstblk/ngwrdrst.grst.g7serrst.gsckt_wrst.gic_rst.sckt_wr_rst_ic_reg_0  |                2 |              4 |         2.00 |
|  u_clk_wiz_0/inst/clk_out1 | u_mwfil_chiftop/u_mwfil_chifcore/u_d2bfifo/u_dpscram/E[0]                                                                     | u_jtag_mac/SR[0]                                                                                                                                       |                1 |              4 |         4.00 |
|  u_clk_wiz_0/inst/clk_out1 | u_mwfil_chiftop/u_mwfil_chifcore/NormalBlock.u_b2dfifo/u_dpscram/E[0]                                                         | u_jtag_mac/SR[0]                                                                                                                                       |                1 |              4 |         4.00 |
|  u_clk_wiz_0/inst/clk_out1 | u_mwfil_chiftop/u_mwfil_chifcore/u_controller/E[0]                                                                            | u_jtag_mac/SR[0]                                                                                                                                       |                1 |              4 |         4.00 |
|  u_clk_wiz_0/inst/clk_out1 | u_mwfil_chiftop/u_mwfil_chifcore/u_dut2bus/E[0]                                                                               | u_jtag_mac/SR[0]                                                                                                                                       |                1 |              4 |         4.00 |
|  u_clk_wiz_0/inst/clk_out1 | u_jtag_mac/u_post_chif_fifo/user_rst_assert_reg                                                                               |                                                                                                                                                        |                1 |              6 |         6.00 |
|  TCK_BUFG                  |                                                                                                                               | u_jtag_mac/ver_output_reg[16]_i_1_n_0                                                                                                                  |                1 |              7 |         7.00 |
|  u_clk_wiz_0/inst/clk_out1 | u_jtag_mac/u_simcycle_fifo/u_simcycle_fifo/U0/inst_fifo_gen/gconvfifo.rf/grf.rf/gntv_or_sync_fifo.gl0.rd/gras.rsts/E[0]       | u_jtag_mac/u_simcycle_fifo/u_simcycle_fifo/U0/inst_fifo_gen/gconvfifo.rf/grf.rf/rstblk/SS[0]                                                           |                2 |              8 |         4.00 |
|  u_clk_wiz_0/inst/clk_out1 | u_mwfil_chiftop/u_mwfil_chifcore/u_dut2bus/dout[7]_i_1_n_0                                                                    | u_jtag_mac/SR[0]                                                                                                                                       |                3 |              8 |         2.67 |
|  u_clk_wiz_0/inst/clk_out1 | u_jtag_mac/E[0]                                                                                                               | u_mwfil_chiftop/u_mwfil_chifcore/NormalBlock.u_bus2dut/counter[9]_i_1_n_0                                                                              |                3 |             10 |         3.33 |
|  TCK_BUFG                  | u_jtag_mac/u_simcycle_fifo/u_simcycle_fifo/U0/inst_fifo_gen/gconvfifo.rf/grf.rf/gntv_or_sync_fifo.gl0.wr/gwas.wsts/E[0]       | u_jtag_mac/u_simcycle_fifo/u_simcycle_fifo/U0/inst_fifo_gen/gconvfifo.rf/grf.rf/rstblk/ngwrdrst.grst.g7serrst.gsckt_wrst.gic_rst.sckt_wr_rst_ic_reg_0  |                2 |             12 |         6.00 |
|  TCK_BUFG                  | u_jtag_mac/act_rd_len0                                                                                                        | u_jtag_mac/SR[0]                                                                                                                                       |                5 |             13 |         2.60 |
|  TCK_BUFG                  | u_jtag_mac/rd_len0                                                                                                            | u_jtag_mac/SR[0]                                                                                                                                       |                4 |             13 |         3.25 |
|  TCK_BUFG                  | u_jtag_mac/wr_len0                                                                                                            | u_jtag_mac/SR[0]                                                                                                                                       |                3 |             13 |         4.33 |
|  TCK_BUFG                  |                                                                                                                               | u_jtag_mac/act_rd_cnt[1]                                                                                                                               |                4 |             15 |         3.75 |
|  TCK_BUFG                  |                                                                                                                               | u_jtag_mac/act_wr_cnt[1]                                                                                                                               |                4 |             15 |         3.75 |
|  TCK_BUFG                  |                                                                                                                               | u_jtag_mac/ver_act_rd_cnt[1]                                                                                                                           |                4 |             15 |         3.75 |
|  TCK_BUFG                  |                                                                                                                               | u_jtag_mac/u_post_chif_fifo/u_jtag_mac_fifo/U0/inst_fifo_gen/gconvfifo.rf/grf.rf/rstblk/ngwrdrst.grst.g7serrst.gsckt_wrst.gic_rst.sckt_rd_rst_ic_reg_0 |                4 |             15 |         3.75 |
|  u_clk_wiz_0/inst/clk_out1 | u_jtag_mac/simcycle_rd_en_d1                                                                                                  | u_jtag_mac/SR[0]                                                                                                                                       |                5 |             16 |         3.20 |
|  TCK_BUFG                  |                                                                                                                               | u_jtag_mac/sys_rst                                                                                                                                     |               12 |             23 |         1.92 |
|  u_clk_wiz_0/inst/clk_out1 | u_mwfil_chiftop/u_mwfil_chifcore/u_dut2bus/shiftreg[23]_i_1_n_0                                                               |                                                                                                                                                        |               12 |             24 |         2.00 |
|  u_clk_wiz_0/inst/clk_out1 | u_jtag_mac/u_pre_chif_fifo/u_jtag_mac_fifo/U0/inst_fifo_gen/gconvfifo.rf/grf.rf/gntv_or_sync_fifo.gl0.rd/gras.rsts/ram_rd_en  | u_jtag_mac/u_pre_chif_fifo/u_jtag_mac_fifo/U0/inst_fifo_gen/gconvfifo.rf/grf.rf/rstblk/ngwrdrst.grst.g7serrst.gsckt_wrst.gic_rst.sckt_rd_rst_ic_reg_0  |                4 |             24 |         6.00 |
|  TCK_BUFG                  | u_jtag_mac/u_post_chif_fifo/u_jtag_mac_fifo/U0/inst_fifo_gen/gconvfifo.rf/grf.rf/gntv_or_sync_fifo.gl0.rd/gras.rsts/ram_rd_en | u_jtag_mac/u_post_chif_fifo/u_jtag_mac_fifo/U0/inst_fifo_gen/gconvfifo.rf/grf.rf/rstblk/ngwrdrst.grst.g7serrst.gsckt_wrst.gic_rst.sckt_rd_rst_ic_reg_0 |                5 |             24 |         4.80 |
|  u_clk_wiz_0/inst/clk_out1 | u_mwfil_chiftop/u_mwfil_chifcore/u_d2bfifo/u_dpscram/E[0]                                                                     |                                                                                                                                                        |                5 |             40 |         8.00 |
|  TCK_BUFG                  | u_jtag_mac/u_pre_chif_fifo/u_jtag_mac_fifo/U0/inst_fifo_gen/gconvfifo.rf/grf.rf/gntv_or_sync_fifo.gl0.wr/gwas.wsts/E[0]       | u_jtag_mac/u_pre_chif_fifo/u_jtag_mac_fifo/U0/inst_fifo_gen/gconvfifo.rf/grf.rf/rstblk/ngwrdrst.grst.g7serrst.gsckt_wrst.gic_rst.sckt_wr_rst_ic_reg_0  |               13 |             48 |         3.69 |
|  u_clk_wiz_0/inst/clk_out1 | u_jtag_mac/u_post_chif_fifo/u_jtag_mac_fifo/U0/inst_fifo_gen/gconvfifo.rf/grf.rf/gntv_or_sync_fifo.gl0.wr/gwas.wsts/E[0]      | u_jtag_mac/u_post_chif_fifo/u_jtag_mac_fifo/U0/inst_fifo_gen/gconvfifo.rf/grf.rf/rstblk/ngwrdrst.grst.g7serrst.gsckt_wrst.gic_rst.sckt_wr_rst_ic_reg_0 |               10 |             48 |         4.80 |
|  u_clk_wiz_0/inst/clk_out1 | u_jtag_mac/chif_din_valid_reg_0[0]                                                                                            |                                                                                                                                                        |               10 |             72 |         7.20 |
|  TCK_BUFG                  |                                                                                                                               | u_jtag_mac/SR[0]                                                                                                                                       |               26 |             95 |         3.65 |
|  u_clk_wiz_0/inst/clk_out1 | u_mwfil_chiftop/u_mwfil_chifcore/u_controller/dut_enable_int_reg_0                                                            | u_jtag_mac/SR[0]                                                                                                                                       |               28 |            112 |         4.00 |
|  u_clk_wiz_0/inst/clk_out1 |                                                                                                                               | u_jtag_mac/SR[0]                                                                                                                                       |               42 |            127 |         3.02 |
|  TCK_BUFG                  |                                                                                                                               |                                                                                                                                                        |               49 |            192 |         3.92 |
|  u_clk_wiz_0/inst/clk_out1 |                                                                                                                               |                                                                                                                                                        |               47 |            207 |         4.40 |
+----------------------------+-------------------------------------------------------------------------------------------------------------------------------+--------------------------------------------------------------------------------------------------------------------------------------------------------+------------------+----------------+--------------+


