Copyright 1986-2020 Xilinx, Inc. All Rights Reserved.
------------------------------------------------------------------------------------------------------------------------------------------------------------------------
| Tool Version : Vivado v.2020.1.1 (lin64) Build 2960000 Wed Aug  5 22:57:21 MDT 2020
| Date         : Sun Nov 29 19:47:38 2020
| Host         : Wardo running 64-bit Ubuntu 18.04.5 LTS
| Command      : report_drc -file mlhdlc_sysobj_ex_fixpt_fil_drc_routed.rpt -pb mlhdlc_sysobj_ex_fixpt_fil_drc_routed.pb -rpx mlhdlc_sysobj_ex_fixpt_fil_drc_routed.rpx
| Design       : mlhdlc_sysobj_ex_fixpt_fil
| Device       : xc7z020clg400-1
| Speed File   : -1
| Design State : Fully Routed
------------------------------------------------------------------------------------------------------------------------------------------------------------------------

Report DRC

Table of Contents
-----------------
1. REPORT SUMMARY
2. REPORT DETAILS

1. REPORT SUMMARY
-----------------
            Netlist: netlist
          Floorplan: design_1
      Design limits: <entire design considered>
           Ruledeck: default
             Max violations: <unlimited>
             Violations found: 18
+-----------+----------+------------------------+------------+
| Rule      | Severity | Description            | Violations |
+-----------+----------+------------------------+------------+
| DPIP-1    | Warning  | Input pipelining       | 8          |
| DPOP-1    | Warning  | PREG Output pipelining | 4          |
| DPOP-2    | Warning  | MREG Output pipelining | 4          |
| RTSTAT-10 | Warning  | No routable loads      | 1          |
| ZPS7-1    | Warning  | PS7 block required     | 1          |
+-----------+----------+------------------------+------------+

2. REPORT DETAILS
-----------------
DPIP-1#1 Warning
Input pipelining  
DSP u_mwfil_chiftop/u_dut/u_mlhdlc_sysobj_ex_fixpt/p25m1_mul_temp input u_mwfil_chiftop/u_dut/u_mlhdlc_sysobj_ex_fixpt/p25m1_mul_temp/A[29:0] is not pipelined. Pipelining DSP48 input will improve performance.
Related violations: <none>

DPIP-1#2 Warning
Input pipelining  
DSP u_mwfil_chiftop/u_dut/u_mlhdlc_sysobj_ex_fixpt/p25m1_mul_temp input u_mwfil_chiftop/u_dut/u_mlhdlc_sysobj_ex_fixpt/p25m1_mul_temp/B[17:0] is not pipelined. Pipelining DSP48 input will improve performance.
Related violations: <none>

DPIP-1#3 Warning
Input pipelining  
DSP u_mwfil_chiftop/u_dut/u_mlhdlc_sysobj_ex_fixpt/p26m2_mul_temp input u_mwfil_chiftop/u_dut/u_mlhdlc_sysobj_ex_fixpt/p26m2_mul_temp/A[29:0] is not pipelined. Pipelining DSP48 input will improve performance.
Related violations: <none>

DPIP-1#4 Warning
Input pipelining  
DSP u_mwfil_chiftop/u_dut/u_mlhdlc_sysobj_ex_fixpt/p26m2_mul_temp input u_mwfil_chiftop/u_dut/u_mlhdlc_sysobj_ex_fixpt/p26m2_mul_temp/B[17:0] is not pipelined. Pipelining DSP48 input will improve performance.
Related violations: <none>

DPIP-1#5 Warning
Input pipelining  
DSP u_mwfil_chiftop/u_dut/u_mlhdlc_sysobj_ex_fixpt/p27m3_mul_temp input u_mwfil_chiftop/u_dut/u_mlhdlc_sysobj_ex_fixpt/p27m3_mul_temp/A[29:0] is not pipelined. Pipelining DSP48 input will improve performance.
Related violations: <none>

DPIP-1#6 Warning
Input pipelining  
DSP u_mwfil_chiftop/u_dut/u_mlhdlc_sysobj_ex_fixpt/p27m3_mul_temp input u_mwfil_chiftop/u_dut/u_mlhdlc_sysobj_ex_fixpt/p27m3_mul_temp/B[17:0] is not pipelined. Pipelining DSP48 input will improve performance.
Related violations: <none>

DPIP-1#7 Warning
Input pipelining  
DSP u_mwfil_chiftop/u_dut/u_mlhdlc_sysobj_ex_fixpt/p28m4_mul_temp input u_mwfil_chiftop/u_dut/u_mlhdlc_sysobj_ex_fixpt/p28m4_mul_temp/A[29:0] is not pipelined. Pipelining DSP48 input will improve performance.
Related violations: <none>

DPIP-1#8 Warning
Input pipelining  
DSP u_mwfil_chiftop/u_dut/u_mlhdlc_sysobj_ex_fixpt/p28m4_mul_temp input u_mwfil_chiftop/u_dut/u_mlhdlc_sysobj_ex_fixpt/p28m4_mul_temp/B[17:0] is not pipelined. Pipelining DSP48 input will improve performance.
Related violations: <none>

DPOP-1#1 Warning
PREG Output pipelining  
DSP u_mwfil_chiftop/u_dut/u_mlhdlc_sysobj_ex_fixpt/p25m1_mul_temp output u_mwfil_chiftop/u_dut/u_mlhdlc_sysobj_ex_fixpt/p25m1_mul_temp/P[47:0] is not pipelined (PREG=0). Pipelining the DSP48 output will improve performance and often saves power so it is suggested whenever possible to fully pipeline this function.  If this DSP48 function was inferred, it is suggested to describe an additional register stage after this function.  If the DSP48 was instantiated in the design, it is suggested to set the PREG attribute to 1.
Related violations: <none>

DPOP-1#2 Warning
PREG Output pipelining  
DSP u_mwfil_chiftop/u_dut/u_mlhdlc_sysobj_ex_fixpt/p26m2_mul_temp output u_mwfil_chiftop/u_dut/u_mlhdlc_sysobj_ex_fixpt/p26m2_mul_temp/P[47:0] is not pipelined (PREG=0). Pipelining the DSP48 output will improve performance and often saves power so it is suggested whenever possible to fully pipeline this function.  If this DSP48 function was inferred, it is suggested to describe an additional register stage after this function.  If the DSP48 was instantiated in the design, it is suggested to set the PREG attribute to 1.
Related violations: <none>

DPOP-1#3 Warning
PREG Output pipelining  
DSP u_mwfil_chiftop/u_dut/u_mlhdlc_sysobj_ex_fixpt/p27m3_mul_temp output u_mwfil_chiftop/u_dut/u_mlhdlc_sysobj_ex_fixpt/p27m3_mul_temp/P[47:0] is not pipelined (PREG=0). Pipelining the DSP48 output will improve performance and often saves power so it is suggested whenever possible to fully pipeline this function.  If this DSP48 function was inferred, it is suggested to describe an additional register stage after this function.  If the DSP48 was instantiated in the design, it is suggested to set the PREG attribute to 1.
Related violations: <none>

DPOP-1#4 Warning
PREG Output pipelining  
DSP u_mwfil_chiftop/u_dut/u_mlhdlc_sysobj_ex_fixpt/p28m4_mul_temp output u_mwfil_chiftop/u_dut/u_mlhdlc_sysobj_ex_fixpt/p28m4_mul_temp/P[47:0] is not pipelined (PREG=0). Pipelining the DSP48 output will improve performance and often saves power so it is suggested whenever possible to fully pipeline this function.  If this DSP48 function was inferred, it is suggested to describe an additional register stage after this function.  If the DSP48 was instantiated in the design, it is suggested to set the PREG attribute to 1.
Related violations: <none>

DPOP-2#1 Warning
MREG Output pipelining  
DSP u_mwfil_chiftop/u_dut/u_mlhdlc_sysobj_ex_fixpt/p25m1_mul_temp multiplier stage u_mwfil_chiftop/u_dut/u_mlhdlc_sysobj_ex_fixpt/p25m1_mul_temp/P[47:0] is not pipelined (MREG=0). Pipelining the multiplier function will improve performance and will save significant power so it is suggested whenever possible to fully pipeline this function.  If this multiplier was inferred, it is suggested to describe an additional register stage after this function.  If there is no registered adder/accumulator following the multiply function, two pipeline stages are suggested to allow both the MREG and PREG registers to be used.  If the DSP48 was instantiated in the design, it is suggested to set both the MREG and PREG attributes to 1 when performing multiply functions.
Related violations: <none>

DPOP-2#2 Warning
MREG Output pipelining  
DSP u_mwfil_chiftop/u_dut/u_mlhdlc_sysobj_ex_fixpt/p26m2_mul_temp multiplier stage u_mwfil_chiftop/u_dut/u_mlhdlc_sysobj_ex_fixpt/p26m2_mul_temp/P[47:0] is not pipelined (MREG=0). Pipelining the multiplier function will improve performance and will save significant power so it is suggested whenever possible to fully pipeline this function.  If this multiplier was inferred, it is suggested to describe an additional register stage after this function.  If there is no registered adder/accumulator following the multiply function, two pipeline stages are suggested to allow both the MREG and PREG registers to be used.  If the DSP48 was instantiated in the design, it is suggested to set both the MREG and PREG attributes to 1 when performing multiply functions.
Related violations: <none>

DPOP-2#3 Warning
MREG Output pipelining  
DSP u_mwfil_chiftop/u_dut/u_mlhdlc_sysobj_ex_fixpt/p27m3_mul_temp multiplier stage u_mwfil_chiftop/u_dut/u_mlhdlc_sysobj_ex_fixpt/p27m3_mul_temp/P[47:0] is not pipelined (MREG=0). Pipelining the multiplier function will improve performance and will save significant power so it is suggested whenever possible to fully pipeline this function.  If this multiplier was inferred, it is suggested to describe an additional register stage after this function.  If there is no registered adder/accumulator following the multiply function, two pipeline stages are suggested to allow both the MREG and PREG registers to be used.  If the DSP48 was instantiated in the design, it is suggested to set both the MREG and PREG attributes to 1 when performing multiply functions.
Related violations: <none>

DPOP-2#4 Warning
MREG Output pipelining  
DSP u_mwfil_chiftop/u_dut/u_mlhdlc_sysobj_ex_fixpt/p28m4_mul_temp multiplier stage u_mwfil_chiftop/u_dut/u_mlhdlc_sysobj_ex_fixpt/p28m4_mul_temp/P[47:0] is not pipelined (MREG=0). Pipelining the multiplier function will improve performance and will save significant power so it is suggested whenever possible to fully pipeline this function.  If this multiplier was inferred, it is suggested to describe an additional register stage after this function.  If there is no registered adder/accumulator following the multiply function, two pipeline stages are suggested to allow both the MREG and PREG registers to be used.  If the DSP48 was instantiated in the design, it is suggested to set both the MREG and PREG attributes to 1 when performing multiply functions.
Related violations: <none>

RTSTAT-10#1 Warning
No routable loads  
24 net(s) have no routable loads. The problem bus(es) and/or net(s) are u_jtag_mac/u_pre_chif_fifo/u_jtag_mac_fifo/U0/inst_fifo_gen/gconvfifo.rf/grf.rf/gntv_or_sync_fifo.mem/gbm.gbmg.gbmga.ngecc.bmg/inst_blk_mem_gen/gnbram.gnativebmg.native_blk_mem_gen/valid.cstr/ramloop[0].ram.r/ENA_dly_D,
u_jtag_mac/u_post_chif_fifo/u_jtag_mac_fifo/U0/inst_fifo_gen/gconvfifo.rf/grf.rf/gntv_or_sync_fifo.mem/gbm.gbmg.gbmga.ngecc.bmg/inst_blk_mem_gen/gnbram.gnativebmg.native_blk_mem_gen/valid.cstr/ramloop[0].ram.r/ENA_dly_D,
u_jtag_mac/u_post_chif_fifo/u_jtag_mac_fifo/U0/inst_fifo_gen/gconvfifo.rf/grf.rf/gntv_or_sync_fifo.gl0.rd/gras.rsts/ram_empty_i,
u_jtag_mac/u_pre_chif_fifo/u_jtag_mac_fifo/U0/inst_fifo_gen/gconvfifo.rf/grf.rf/gntv_or_sync_fifo.gl0.wr/gwas.wsts/ram_full_i,
u_jtag_mac/u_post_chif_fifo/u_jtag_mac_fifo/U0/inst_fifo_gen/gconvfifo.rf/grf.rf/gntv_or_sync_fifo.gl0.wr/gwas.wsts/ram_full_i,
u_jtag_mac/u_simcycle_fifo/u_simcycle_fifo/U0/inst_fifo_gen/gconvfifo.rf/grf.rf/gntv_or_sync_fifo.gl0.wr/gwas.wsts/ram_full_i,
u_jtag_mac/u_simcycle_fifo/u_simcycle_fifo/U0/inst_fifo_gen/gconvfifo.rf/grf.rf/rstblk/rd_rst_reg[2:0],
u_jtag_mac/u_post_chif_fifo/u_jtag_mac_fifo/U0/inst_fifo_gen/gconvfifo.rf/grf.rf/rstblk/rd_rst_reg[2:0],
u_jtag_mac/u_pre_chif_fifo/u_jtag_mac_fifo/U0/inst_fifo_gen/gconvfifo.rf/grf.rf/rstblk/rd_rst_reg[2:0],
u_jtag_mac/u_post_chif_fifo/u_jtag_mac_fifo/U0/inst_fifo_gen/gconvfifo.rf/grf.rf/rstblk/wr_rst_reg[2:0],
u_jtag_mac/u_simcycle_fifo/u_simcycle_fifo/U0/inst_fifo_gen/gconvfifo.rf/grf.rf/rstblk/wr_rst_reg[2:0],
u_jtag_mac/u_pre_chif_fifo/u_jtag_mac_fifo/U0/inst_fifo_gen/gconvfifo.rf/grf.rf/rstblk/wr_rst_reg[2:0].
Related violations: <none>

ZPS7-1#1 Warning
PS7 block required  
The PS7 cell must be used in this Zynq design in order to enable correct default configuration.
Related violations: <none>


