Copyright 1986-2020 Xilinx, Inc. All Rights Reserved.
-----------------------------------------------------------------------------------------
| Tool Version : Vivado v.2020.2 (win64) Build 3064766 Wed Nov 18 09:12:45 MST 2020
| Date         : Sun Feb  7 18:34:06 2021
| Host         : Jarvis running 64-bit major release  (build 9200)
| Command      : report_control_sets -verbose -file tran_dut_fil_control_sets_placed.rpt
| Design       : tran_dut_fil
| Device       : xc7z020
-----------------------------------------------------------------------------------------

Control Set Information

Table of Contents
-----------------
1. Summary
2. Histogram
3. Flip-Flop Distribution
4. Detailed Control Set Information

1. Summary
----------

+----------------------------------------------------------+-------+
|                          Status                          | Count |
+----------------------------------------------------------+-------+
| Total control sets                                       |    46 |
|    Minimum number of control sets                        |    46 |
|    Addition due to synthesis replication                 |     0 |
|    Addition due to physical synthesis replication        |     0 |
| Unused register locations in slices containing registers |    92 |
+----------------------------------------------------------+-------+
* Control sets can be merged at opt_design using control_set_merge or merge_equivalent_drivers
** Run report_qor_suggestions for automated merging and remapping suggestions


2. Histogram
------------

+--------------------+-------+
|       Fanout       | Count |
+--------------------+-------+
| Total control sets |    46 |
| >= 0 to < 4        |     1 |
| >= 4 to < 6        |     7 |
| >= 6 to < 8        |     1 |
| >= 8 to < 10       |     3 |
| >= 10 to < 12      |     1 |
| >= 12 to < 14      |     5 |
| >= 14 to < 16      |     6 |
| >= 16              |    22 |
+--------------------+-------+
* Control sets can be remapped at either synth_design or opt_design


3. Flip-Flop Distribution
-------------------------

+--------------+-----------------------+------------------------+-----------------+--------------+
| Clock Enable | Synchronous Set/Reset | Asynchronous Set/Reset | Total Registers | Total Slices |
+--------------+-----------------------+------------------------+-----------------+--------------+
| No           | No                    | No                     |             382 |          105 |
| No           | No                    | Yes                    |               0 |            0 |
| No           | Yes                   | No                     |             540 |          199 |
| Yes          | No                    | No                     |             370 |          159 |
| Yes          | No                    | Yes                    |               0 |            0 |
| Yes          | Yes                   | No                     |            1840 |          593 |
+--------------+-----------------------+------------------------+-----------------+--------------+


4. Detailed Control Set Information
-----------------------------------

+----------------------------+-------------------------------------------------------------------------------------------------------------------------------+--------------------------------------------------------------------------------------------------------------------------------------------------------+------------------+----------------+--------------+
|        Clock Signal        |                                                         Enable Signal                                                         |                                                                    Set/Reset Signal                                                                    | Slice Load Count | Bel Load Count | Bels / Slice |
+----------------------------+-------------------------------------------------------------------------------------------------------------------------------+--------------------------------------------------------------------------------------------------------------------------------------------------------+------------------+----------------+--------------+
|  u_clk_wiz_0/inst/clk_out1 |                                                                                                                               | u_jtag_mac/u_pre_chif_fifo/u_jtag_mac_fifo/U0/inst_fifo_gen/gconvfifo.rf/grf.rf/rstblk/ngwrdrst.grst.g7serrst.gsckt_wrst.gic_rst.sckt_rd_rst_ic_reg_0  |                2 |              3 |         1.50 |
|  TCK_BUFG                  |                                                                                                                               | u_jtag_mac/sm_cnt[4]_i_1_n_0                                                                                                                           |                2 |              4 |         2.00 |
|  TCK_BUFG                  |                                                                                                                               | u_jtag_mac/u_pre_chif_fifo/u_jtag_mac_fifo/U0/inst_fifo_gen/gconvfifo.rf/grf.rf/rstblk/ngwrdrst.grst.g7serrst.gsckt_wrst.gic_rst.sckt_wr_rst_ic_reg_0  |                2 |              4 |         2.00 |
|  u_clk_wiz_0/inst/clk_out1 | u_mwfil_chiftop/u_mwfil_chifcore/NormalBlock.u_b2dfifo/rd_addr[3]_i_1__0_n_0                                                  | u_jtag_mac/chif_reset                                                                                                                                  |                1 |              4 |         4.00 |
|  u_clk_wiz_0/inst/clk_out1 | u_mwfil_chiftop/u_mwfil_chifcore/u_dut2bus/E[0]                                                                               | u_jtag_mac/chif_reset                                                                                                                                  |                2 |              4 |         2.00 |
|  u_clk_wiz_0/inst/clk_out1 |                                                                                                                               | u_jtag_mac/u_post_chif_fifo/u_jtag_mac_fifo/U0/inst_fifo_gen/gconvfifo.rf/grf.rf/rstblk/ngwrdrst.grst.g7serrst.gsckt_wrst.gic_rst.sckt_wr_rst_ic_reg_0 |                2 |              4 |         2.00 |
|  u_clk_wiz_0/inst/clk_out1 | u_mwfil_chiftop/u_mwfil_chifcore/u_controller/E[0]                                                                            | u_jtag_mac/chif_reset                                                                                                                                  |                1 |              4 |         4.00 |
|  u_clk_wiz_0/inst/clk_out1 | u_mwfil_chiftop/u_mwfil_chifcore/NormalBlock.u_bus2dut/E[0]                                                                   | u_jtag_mac/chif_reset                                                                                                                                  |                1 |              4 |         4.00 |
|  TCK_BUFG                  |                                                                                                                               | u_jtag_mac/ver_output_reg[16]_i_1_n_0                                                                                                                  |                3 |              7 |         2.33 |
|  u_clk_wiz_0/inst/clk_out1 | u_jtag_mac/u_simcycle_fifo/u_simcycle_fifo/U0/inst_fifo_gen/gconvfifo.rf/grf.rf/gntv_or_sync_fifo.gl0.rd/gras.rsts/E[0]       | u_jtag_mac/u_simcycle_fifo/u_simcycle_fifo/U0/inst_fifo_gen/gconvfifo.rf/grf.rf/rstblk/SS[0]                                                           |                3 |              8 |         2.67 |
|  u_clk_wiz_0/inst/clk_out1 | u_mwfil_chiftop/u_mwfil_chifcore/u_dut2bus/dout[7]_i_1_n_0                                                                    | u_jtag_mac/chif_reset                                                                                                                                  |                5 |              8 |         1.60 |
|  u_clk_wiz_0/inst/clk_out1 | u_jtag_mac/u_post_chif_fifo/user_rst_assert_reg                                                                               |                                                                                                                                                        |                5 |              8 |         1.60 |
|  u_clk_wiz_0/inst/clk_out1 | u_jtag_mac/E[0]                                                                                                               | u_mwfil_chiftop/u_mwfil_chifcore/NormalBlock.u_bus2dut/counter[9]_i_1_n_0                                                                              |                3 |             10 |         3.33 |
|  TCK_BUFG                  | u_jtag_mac/u_simcycle_fifo/u_simcycle_fifo/U0/inst_fifo_gen/gconvfifo.rf/grf.rf/gntv_or_sync_fifo.gl0.wr/gwas.wsts/E[0]       | u_jtag_mac/u_simcycle_fifo/u_simcycle_fifo/U0/inst_fifo_gen/gconvfifo.rf/grf.rf/rstblk/ngwrdrst.grst.g7serrst.gsckt_wrst.gic_rst.sckt_wr_rst_ic_reg_0  |                2 |             12 |         6.00 |
|  TCK_BUFG                  | u_jtag_mac/act_rd_len0                                                                                                        | u_jtag_mac/chif_reset                                                                                                                                  |                4 |             13 |         3.25 |
|  TCK_BUFG                  | u_jtag_mac/rd_len[12]_i_1_n_0                                                                                                 | u_jtag_mac/chif_reset                                                                                                                                  |                3 |             13 |         4.33 |
|  TCK_BUFG                  | u_jtag_mac/wr_len0                                                                                                            | u_jtag_mac/chif_reset                                                                                                                                  |                4 |             13 |         3.25 |
|  u_clk_wiz_0/inst/clk_out1 | u_mwfil_chiftop/u_mwfil_chifcore/u_controller/dut_enable_int_reg_1                                                            |                                                                                                                                                        |                4 |             13 |         3.25 |
|  u_clk_wiz_0/inst/clk_out1 | u_mwfil_chiftop/u_dut/u_tran_dut/u_tran_dut_tc/phase_0_reg_0                                                                  | u_mwfil_chiftop/u_dut/u_tran_dut/u_ldpc_encoder/frame_counter_out1[0]_i_1__0_n_0                                                                       |                4 |             14 |         3.50 |
|  TCK_BUFG                  |                                                                                                                               | u_jtag_mac/act_rd_cnt[15]_i_1_n_0                                                                                                                      |                4 |             15 |         3.75 |
|  TCK_BUFG                  |                                                                                                                               | u_jtag_mac/act_wr_cnt[15]_i_1_n_0                                                                                                                      |                4 |             15 |         3.75 |
|  TCK_BUFG                  |                                                                                                                               | u_jtag_mac/ver_act_rd_cnt[15]_i_1_n_0                                                                                                                  |                4 |             15 |         3.75 |
|  TCK_BUFG                  |                                                                                                                               | u_jtag_mac/u_post_chif_fifo/u_jtag_mac_fifo/U0/inst_fifo_gen/gconvfifo.rf/grf.rf/rstblk/ngwrdrst.grst.g7serrst.gsckt_wrst.gic_rst.sckt_rd_rst_ic_reg_0 |                4 |             15 |         3.75 |
|  u_clk_wiz_0/inst/clk_out1 | u_mwfil_chiftop/u_dut/u_tran_dut/u_interleaver_dut/row_counter_out1                                                           | u_jtag_mac/chif_reset                                                                                                                                  |                4 |             15 |         3.75 |
|  u_clk_wiz_0/inst/clk_out1 | u_mwfil_chiftop/u_dut/u_tran_dut/u_tran_dut_tc/frame_counter_out1                                                             | u_mwfil_chiftop/u_dut/u_tran_dut/u_stream_adapt/frame_counter_out1[0]_i_1_n_0                                                                          |                4 |             16 |         4.00 |
|  u_clk_wiz_0/inst/clk_out1 | u_mwfil_chiftop/u_mwfil_chifcore/NormalBlock.u_b2dfifo/u_dpscram/HDL_Counter_out1                                             | u_mwfil_chiftop/u_dut/u_tran_dut/u_tran_dut_tc/clear                                                                                                   |                4 |             16 |         4.00 |
|  u_clk_wiz_0/inst/clk_out1 | u_jtag_mac/simcycle_rd_en_d1                                                                                                  | u_jtag_mac/chif_reset                                                                                                                                  |                4 |             16 |         4.00 |
|  u_clk_wiz_0/inst/clk_out1 | u_mwfil_chiftop/u_dut/u_tran_dut/u_bch_encoder/u_p2s/counter                                                                  | u_mwfil_chiftop/u_dut/u_tran_dut/u_bch_encoder/u_p2s/counter[0]_i_1__0_n_0                                                                             |                4 |             16 |         4.00 |
|  TCK_BUFG                  |                                                                                                                               | u_jtag_mac/sys_rst                                                                                                                                     |               13 |             23 |         1.77 |
|  TCK_BUFG                  | u_jtag_mac/u_post_chif_fifo/u_jtag_mac_fifo/U0/inst_fifo_gen/gconvfifo.rf/grf.rf/gntv_or_sync_fifo.gl0.rd/gras.rsts/ram_rd_en | u_jtag_mac/u_post_chif_fifo/u_jtag_mac_fifo/U0/inst_fifo_gen/gconvfifo.rf/grf.rf/rstblk/ngwrdrst.grst.g7serrst.gsckt_wrst.gic_rst.sckt_rd_rst_ic_reg_0 |                5 |             24 |         4.80 |
|  u_clk_wiz_0/inst/clk_out1 | u_jtag_mac/u_pre_chif_fifo/u_jtag_mac_fifo/U0/inst_fifo_gen/gconvfifo.rf/grf.rf/gntv_or_sync_fifo.gl0.rd/gras.rsts/ram_rd_en  | u_jtag_mac/u_pre_chif_fifo/u_jtag_mac_fifo/U0/inst_fifo_gen/gconvfifo.rf/grf.rf/rstblk/ngwrdrst.grst.g7serrst.gsckt_wrst.gic_rst.sckt_rd_rst_ic_reg_0  |                5 |             24 |         4.80 |
|  u_clk_wiz_0/inst/clk_out1 | u_jtag_mac/chif_din_valid_reg_0[0]                                                                                            |                                                                                                                                                        |                6 |             32 |         5.33 |
|  u_clk_wiz_0/inst/clk_out1 | u_mwfil_chiftop/u_dut/u_tran_dut/u_ldpc_encoder/u_address_calculator/slot_counter_out1                                        | u_mwfil_chiftop/u_dut/u_tran_dut/u_ldpc_encoder/u_address_calculator/slot_counter_out1_rep_rep[7]_i_1_n_0                                              |               16 |             32 |         2.00 |
|  u_clk_wiz_0/inst/clk_out1 | u_mwfil_chiftop/u_mwfil_chifcore/NormalBlock.u_bus2dut/E[0]                                                                   |                                                                                                                                                        |                5 |             40 |         8.00 |
|  u_clk_wiz_0/inst/clk_out1 | u_mwfil_chiftop/u_mwfil_chifcore/u_controller/dut_enable_int_reg_0                                                            |                                                                                                                                                        |                9 |             42 |         4.67 |
|  TCK_BUFG                  | u_jtag_mac/u_pre_chif_fifo/u_jtag_mac_fifo/U0/inst_fifo_gen/gconvfifo.rf/grf.rf/gntv_or_sync_fifo.gl0.wr/gwas.wsts/E[0]       | u_jtag_mac/u_pre_chif_fifo/u_jtag_mac_fifo/U0/inst_fifo_gen/gconvfifo.rf/grf.rf/rstblk/ngwrdrst.grst.g7serrst.gsckt_wrst.gic_rst.sckt_wr_rst_ic_reg_0  |                9 |             48 |         5.33 |
|  u_clk_wiz_0/inst/clk_out1 | u_jtag_mac/u_post_chif_fifo/u_jtag_mac_fifo/U0/inst_fifo_gen/gconvfifo.rf/grf.rf/gntv_or_sync_fifo.gl0.wr/gwas.wsts/E[0]      | u_jtag_mac/u_post_chif_fifo/u_jtag_mac_fifo/U0/inst_fifo_gen/gconvfifo.rf/grf.rf/rstblk/ngwrdrst.grst.g7serrst.gsckt_wrst.gic_rst.sckt_wr_rst_ic_reg_0 |               10 |             48 |         4.80 |
|  u_clk_wiz_0/inst/clk_out1 | u_mwfil_chiftop/u_mwfil_chifcore/u_dut2bus/shiftreg[87]_i_1_n_0                                                               |                                                                                                                                                        |               34 |             88 |         2.59 |
|  TCK_BUFG                  |                                                                                                                               | u_jtag_mac/chif_reset                                                                                                                                  |               28 |             95 |         3.39 |
|  TCK_BUFG                  |                                                                                                                               |                                                                                                                                                        |               50 |            186 |         3.72 |
|  u_clk_wiz_0/inst/clk_out1 | u_mwfil_chiftop/u_dut/u_tran_dut/u_tran_dut_tc/E[0]                                                                           |                                                                                                                                                        |              101 |            192 |         1.90 |
|  u_clk_wiz_0/inst/clk_out1 |                                                                                                                               |                                                                                                                                                        |               55 |            203 |         3.69 |
|  u_clk_wiz_0/inst/clk_out1 |                                                                                                                               | u_jtag_mac/chif_reset                                                                                                                                  |              131 |            340 |         2.60 |
|  u_clk_wiz_0/inst/clk_out1 | u_mwfil_chiftop/u_dut/u_tran_dut/u_tran_dut_tc/phase_0_reg_0                                                                  | u_jtag_mac/chif_reset                                                                                                                                  |              158 |            441 |         2.79 |
|  u_clk_wiz_0/inst/clk_out1 | u_mwfil_chiftop/u_dut/u_tran_dut/u_tran_dut_tc/enb_1_8_1                                                                      | u_jtag_mac/chif_reset                                                                                                                                  |              164 |            449 |         2.74 |
|  u_clk_wiz_0/inst/clk_out1 | u_mwfil_chiftop/u_mwfil_chifcore/u_controller/dut_enable_int_reg_0                                                            | u_jtag_mac/chif_reset                                                                                                                                  |              173 |            588 |         3.40 |
+----------------------------+-------------------------------------------------------------------------------------------------------------------------------+--------------------------------------------------------------------------------------------------------------------------------------------------------+------------------+----------------+--------------+


