### File Name: D:\Documents\DVBS2\DVBS2\src\transmitter\4-Mapping\altera_files\fil_prj\bit_mapping_fil.log
### Created: 31-Jan-2021 18:10:58
### Generated by MATLAB 9.9 

### FPGA-in-the-Loop Summary
###    Board: Atlas-SoC Kit/DE0-Nano-SoC Kit
###    DUT frequency: 25.0000MHz

### Generating Quartus II project and running HDL compilation ...
###    Project:
###       D:\Documents\DVBS2\DVBS2\src\transmitter\4-Mapping\altera_files\fil_prj\fpgaproj\bit_mapping_fil.qpf
###    Target Device:
###       Cyclone V 5CSEMA4U23C6
###    Property Settings:
###       CYCLONEII_OPTIMIZATION_TECHNIQUE = SPEED
###    User design files:
###       D:\Documents\DVBS2\DVBS2\src\transmitter\4-Mapping\altera_files\hdlsrc\bit_mapping_model\bit_mapping_pac.vhd
###       D:\Documents\DVBS2\DVBS2\src\transmitter\4-Mapping\altera_files\hdlsrc\bit_mapping_model\Cosine_HDL_Optimized.vhd
###       D:\Documents\DVBS2\DVBS2\src\transmitter\4-Mapping\altera_files\hdlsrc\bit_mapping_model\angle_selector.vhd
###       D:\Documents\DVBS2\DVBS2\src\transmitter\4-Mapping\altera_files\hdlsrc\bit_mapping_model\bit_mapping.vhd
###    Generated files:
###       D:\Documents\DVBS2\DVBS2\src\transmitter\4-Mapping\altera_files\fil_prj\filsrc\MWClkMgr.vhd
###       D:\Documents\DVBS2\DVBS2\src\transmitter\4-Mapping\altera_files\fil_prj\filsrc\MWAJTAG.vhd
###       D:\Documents\DVBS2\DVBS2\src\transmitter\4-Mapping\altera_files\fil_prj\filsrc\MWDPRAM.vhd
###       D:\Documents\DVBS2\DVBS2\src\transmitter\4-Mapping\altera_files\fil_prj\filsrc\FILUDPCRC.vhd
###       D:\Documents\DVBS2\DVBS2\src\transmitter\4-Mapping\altera_files\fil_prj\filsrc\FILPktMUX.vhd
###       D:\Documents\DVBS2\DVBS2\src\transmitter\4-Mapping\altera_files\fil_prj\filsrc\FILCmdProc.vhd
###       D:\Documents\DVBS2\DVBS2\src\transmitter\4-Mapping\altera_files\fil_prj\filsrc\MWAsyncFIFO.vhd
###       D:\Documents\DVBS2\DVBS2\src\transmitter\4-Mapping\altera_files\fil_prj\filsrc\FILDataProc.vhd
###       D:\Documents\DVBS2\DVBS2\src\transmitter\4-Mapping\altera_files\fil_prj\filsrc\MWPKTBuffer.vhd
###       D:\Documents\DVBS2\DVBS2\src\transmitter\4-Mapping\altera_files\fil_prj\filsrc\MWUDPPKTBuilder.vhd
###       D:\Documents\DVBS2\DVBS2\src\transmitter\4-Mapping\altera_files\fil_prj\filsrc\FILPktProc.vhd
###       D:\Documents\DVBS2\DVBS2\src\transmitter\4-Mapping\altera_files\fil_prj\filsrc\FILCommLayer.vhd
###       D:\Documents\DVBS2\DVBS2\src\transmitter\4-Mapping\altera_files\fil_prj\filsrc\mwfil_dpscram.vhd
###       D:\Documents\DVBS2\DVBS2\src\transmitter\4-Mapping\altera_files\fil_prj\filsrc\mwfil_udfifo.vhd
###       D:\Documents\DVBS2\DVBS2\src\transmitter\4-Mapping\altera_files\fil_prj\filsrc\mwfil_bus2dut.vhd
###       D:\Documents\DVBS2\DVBS2\src\transmitter\4-Mapping\altera_files\fil_prj\filsrc\mwfil_chifcore.vhd
###       D:\Documents\DVBS2\DVBS2\src\transmitter\4-Mapping\altera_files\fil_prj\filsrc\mwfil_controller.vhd
###       D:\Documents\DVBS2\DVBS2\src\transmitter\4-Mapping\altera_files\fil_prj\filsrc\mwfil_dut2bus.vhd
###       D:\Documents\DVBS2\DVBS2\src\transmitter\4-Mapping\altera_files\fil_prj\filsrc\bit_mapping_wrapper.vhd
###       D:\Documents\DVBS2\DVBS2\src\transmitter\4-Mapping\altera_files\fil_prj\filsrc\mwfil_chiftop.vhd
###       D:\Documents\DVBS2\DVBS2\src\transmitter\4-Mapping\altera_files\fil_prj\filsrc\FILCore.vhd
###       D:\Documents\DVBS2\DVBS2\src\transmitter\4-Mapping\altera_files\fil_prj\filsrc\bit_mapping_fil.vhd
###       D:\Documents\DVBS2\DVBS2\src\transmitter\4-Mapping\altera_files\fil_prj\filsrc\bit_mapping_fil.qsf
###       D:\Documents\DVBS2\DVBS2\src\transmitter\4-Mapping\altera_files\fil_prj\filsrc\bit_mapping_fil.sdc
### 
### Running HDL compilation ...

### HDL compilation completed.

### Running programming file generation outside MATLAB.
### Check external shell for programming file generation progress.
### Programming file location (when process is completed):
###    D:\Documents\DVBS2\DVBS2\src\transmitter\4-Mapping\altera_files\fil_prj\bit_mapping_fil.sof

